 
****************************************
check_design summary:
Version:     R-2020.09-SP5
Date:        Wed Apr 29 09:33:18 2026
****************************************

                   Name                                            Total
--------------------------------------------------------------------------------
Inputs/Outputs                                                    154
    Unconnected ports (LINT-28)                                   154

Cells                                                              72
    Cells do not drive (LINT-1)                                    72

Nets                                                                1
    Multiply driven net with constant driver (LINT-54)              1

Tristate                                                           33
    A tristate bus has a non tri-state driver (LINT-34)            33
--------------------------------------------------------------------------------

Warning: In design 'lenet', cell 'C25435' does not drive any nets. (LINT-1)
Warning: In design 'lenet', cell 'B_756' does not drive any nets. (LINT-1)
Warning: In design 'lenet', cell 'B_757' does not drive any nets. (LINT-1)
Warning: In design 'lenet', cell 'C25870' does not drive any nets. (LINT-1)
Warning: In design 'lenet', cell 'C25871' does not drive any nets. (LINT-1)
Warning: In design 'lenet', cell 'C25880' does not drive any nets. (LINT-1)
Warning: In design 'lenet', cell 'C25906' does not drive any nets. (LINT-1)
Warning: In design 'lenet', cell 'C25910' does not drive any nets. (LINT-1)
Warning: In design 'lenet', cell 'C25917' does not drive any nets. (LINT-1)
Warning: In design 'lenet', cell 'C25920' does not drive any nets. (LINT-1)
Warning: In design 'lenet', cell 'C25965' does not drive any nets. (LINT-1)
Warning: In design 'lenet', cell 'C25966' does not drive any nets. (LINT-1)
Warning: In design 'lenet', cell 'C25967' does not drive any nets. (LINT-1)
Warning: In design 'lenet', cell 'C26040' does not drive any nets. (LINT-1)
Warning: In design 'lenet', cell 'C26041' does not drive any nets. (LINT-1)
Warning: In design 'lenet', cell 'C26050' does not drive any nets. (LINT-1)
Warning: In design 'lenet', cell 'C26076' does not drive any nets. (LINT-1)
Warning: In design 'lenet', cell 'C26080' does not drive any nets. (LINT-1)
Warning: In design 'lenet', cell 'C26087' does not drive any nets. (LINT-1)
Warning: In design 'lenet', cell 'C26090' does not drive any nets. (LINT-1)
Warning: In design 'lenet', cell 'C26135' does not drive any nets. (LINT-1)
Warning: In design 'lenet', cell 'C26187' does not drive any nets. (LINT-1)
Warning: In design 'lenet', cell 'C26290' does not drive any nets. (LINT-1)
Warning: In design 'lenet', cell 'C26291' does not drive any nets. (LINT-1)
Warning: In design 'lenet', cell 'C26296' does not drive any nets. (LINT-1)
Warning: In design 'lenet', cell 'C26297' does not drive any nets. (LINT-1)
Warning: In design 'lenet', cell 'C26336' does not drive any nets. (LINT-1)
Warning: In design 'lenet', cell 'C26337' does not drive any nets. (LINT-1)
Warning: In design 'lenet', cell 'C26341' does not drive any nets. (LINT-1)
Warning: In design 'lenet', cell 'C26342' does not drive any nets. (LINT-1)
Warning: In design 'lenet', cell 'C26349' does not drive any nets. (LINT-1)
Warning: In design 'lenet', cell 'C26358' does not drive any nets. (LINT-1)
Warning: In design 'lenet', cell 'C26366' does not drive any nets. (LINT-1)
Warning: In design 'lenet', cell 'C26374' does not drive any nets. (LINT-1)
Warning: In design 'lenet', cell 'C26380' does not drive any nets. (LINT-1)
Warning: In design 'lenet', cell 'C26387' does not drive any nets. (LINT-1)
Warning: In design 'lenet', cell 'C26423' does not drive any nets. (LINT-1)
Warning: In design 'lenet', cell 'C26427' does not drive any nets. (LINT-1)
Warning: In design 'lenet', cell 'C26428' does not drive any nets. (LINT-1)
Warning: In design 'lenet', cell 'C26433' does not drive any nets. (LINT-1)
Warning: In design 'lenet', cell 'C26434' does not drive any nets. (LINT-1)
Warning: In design 'lenet', cell 'C26435' does not drive any nets. (LINT-1)
Warning: In design 'lenet', cell 'C26598' does not drive any nets. (LINT-1)
Warning: In design 'lenet', cell 'C26633' does not drive any nets. (LINT-1)
Warning: In design 'lenet', cell 'C26638' does not drive any nets. (LINT-1)
Warning: In design 'lenet', cell 'C26642' does not drive any nets. (LINT-1)
Warning: In design 'lenet', cell 'C26646' does not drive any nets. (LINT-1)
Warning: In design 'lenet', cell 'C26650' does not drive any nets. (LINT-1)
Warning: In design 'lenet', cell 'C26749' does not drive any nets. (LINT-1)
Warning: In design 'lenet', cell 'C26755' does not drive any nets. (LINT-1)
Warning: In design 'lenet', cell 'C26761' does not drive any nets. (LINT-1)
Warning: In design 'lenet', cell 'C26860' does not drive any nets. (LINT-1)
Warning: In design 'lenet', cell 'C26866' does not drive any nets. (LINT-1)
Warning: In design 'lenet', cell 'C26872' does not drive any nets. (LINT-1)
Warning: In design 'lenet', cell 'C26970' does not drive any nets. (LINT-1)
Warning: In design 'lenet', cell 'C26976' does not drive any nets. (LINT-1)
Warning: In design 'lenet', cell 'C26982' does not drive any nets. (LINT-1)
Warning: In design 'lenet', cell 'C27081' does not drive any nets. (LINT-1)
Warning: In design 'lenet', cell 'C27087' does not drive any nets. (LINT-1)
Warning: In design 'lenet', cell 'C27093' does not drive any nets. (LINT-1)
Warning: In design 'lenet', cell 'C27191' does not drive any nets. (LINT-1)
Warning: In design 'lenet', cell 'C27197' does not drive any nets. (LINT-1)
Warning: In design 'lenet', cell 'C27203' does not drive any nets. (LINT-1)
Warning: In design 'lenet', cell 'C27302' does not drive any nets. (LINT-1)
Warning: In design 'lenet', cell 'C27308' does not drive any nets. (LINT-1)
Warning: In design 'lenet', cell 'C27314' does not drive any nets. (LINT-1)
Warning: In design 'lenet', cell 'C27412' does not drive any nets. (LINT-1)
Warning: In design 'lenet', cell 'C27418' does not drive any nets. (LINT-1)
Warning: In design 'lenet', cell 'C27424' does not drive any nets. (LINT-1)
Warning: In design 'lenet', cell 'C27523' does not drive any nets. (LINT-1)
Warning: In design 'lenet', cell 'C27529' does not drive any nets. (LINT-1)
Warning: In design 'lenet', cell 'C27535' does not drive any nets. (LINT-1)
Warning: In design 'lenet', port 'scale_CONV1[31]' is not connected to any nets. (LINT-28)
Warning: In design 'lenet', port 'scale_CONV1[30]' is not connected to any nets. (LINT-28)
Warning: In design 'lenet', port 'scale_CONV1[29]' is not connected to any nets. (LINT-28)
Warning: In design 'lenet', port 'scale_CONV1[28]' is not connected to any nets. (LINT-28)
Warning: In design 'lenet', port 'scale_CONV1[27]' is not connected to any nets. (LINT-28)
Warning: In design 'lenet', port 'scale_CONV1[26]' is not connected to any nets. (LINT-28)
Warning: In design 'lenet', port 'scale_CONV1[25]' is not connected to any nets. (LINT-28)
Warning: In design 'lenet', port 'scale_CONV1[24]' is not connected to any nets. (LINT-28)
Warning: In design 'lenet', port 'scale_CONV1[23]' is not connected to any nets. (LINT-28)
Warning: In design 'lenet', port 'scale_CONV1[22]' is not connected to any nets. (LINT-28)
Warning: In design 'lenet', port 'scale_CONV1[21]' is not connected to any nets. (LINT-28)
Warning: In design 'lenet', port 'scale_CONV1[20]' is not connected to any nets. (LINT-28)
Warning: In design 'lenet', port 'scale_CONV1[19]' is not connected to any nets. (LINT-28)
Warning: In design 'lenet', port 'scale_CONV1[18]' is not connected to any nets. (LINT-28)
Warning: In design 'lenet', port 'scale_CONV1[17]' is not connected to any nets. (LINT-28)
Warning: In design 'lenet', port 'scale_CONV1[16]' is not connected to any nets. (LINT-28)
Warning: In design 'lenet', port 'scale_CONV1[15]' is not connected to any nets. (LINT-28)
Warning: In design 'lenet', port 'scale_CONV1[14]' is not connected to any nets. (LINT-28)
Warning: In design 'lenet', port 'scale_CONV2[31]' is not connected to any nets. (LINT-28)
Warning: In design 'lenet', port 'scale_CONV2[30]' is not connected to any nets. (LINT-28)
Warning: In design 'lenet', port 'scale_CONV2[29]' is not connected to any nets. (LINT-28)
Warning: In design 'lenet', port 'scale_CONV2[28]' is not connected to any nets. (LINT-28)
Warning: In design 'lenet', port 'scale_CONV2[27]' is not connected to any nets. (LINT-28)
Warning: In design 'lenet', port 'scale_CONV2[26]' is not connected to any nets. (LINT-28)
Warning: In design 'lenet', port 'scale_CONV2[25]' is not connected to any nets. (LINT-28)
Warning: In design 'lenet', port 'scale_CONV2[24]' is not connected to any nets. (LINT-28)
Warning: In design 'lenet', port 'scale_CONV2[23]' is not connected to any nets. (LINT-28)
Warning: In design 'lenet', port 'scale_CONV2[22]' is not connected to any nets. (LINT-28)
Warning: In design 'lenet', port 'scale_CONV2[21]' is not connected to any nets. (LINT-28)
Warning: In design 'lenet', port 'scale_CONV2[20]' is not connected to any nets. (LINT-28)
Warning: In design 'lenet', port 'scale_CONV2[19]' is not connected to any nets. (LINT-28)
Warning: In design 'lenet', port 'scale_CONV2[18]' is not connected to any nets. (LINT-28)
Warning: In design 'lenet', port 'scale_CONV2[17]' is not connected to any nets. (LINT-28)
Warning: In design 'lenet', port 'scale_CONV2[16]' is not connected to any nets. (LINT-28)
Warning: In design 'lenet', port 'scale_CONV2[15]' is not connected to any nets. (LINT-28)
Warning: In design 'lenet', port 'scale_CONV2[14]' is not connected to any nets. (LINT-28)
Warning: In design 'lenet', port 'scale_CONV3[31]' is not connected to any nets. (LINT-28)
Warning: In design 'lenet', port 'scale_CONV3[30]' is not connected to any nets. (LINT-28)
Warning: In design 'lenet', port 'scale_CONV3[29]' is not connected to any nets. (LINT-28)
Warning: In design 'lenet', port 'scale_CONV3[28]' is not connected to any nets. (LINT-28)
Warning: In design 'lenet', port 'scale_CONV3[27]' is not connected to any nets. (LINT-28)
Warning: In design 'lenet', port 'scale_CONV3[26]' is not connected to any nets. (LINT-28)
Warning: In design 'lenet', port 'scale_CONV3[25]' is not connected to any nets. (LINT-28)
Warning: In design 'lenet', port 'scale_CONV3[24]' is not connected to any nets. (LINT-28)
Warning: In design 'lenet', port 'scale_CONV3[23]' is not connected to any nets. (LINT-28)
Warning: In design 'lenet', port 'scale_CONV3[22]' is not connected to any nets. (LINT-28)
Warning: In design 'lenet', port 'scale_CONV3[21]' is not connected to any nets. (LINT-28)
Warning: In design 'lenet', port 'scale_CONV3[20]' is not connected to any nets. (LINT-28)
Warning: In design 'lenet', port 'scale_CONV3[19]' is not connected to any nets. (LINT-28)
Warning: In design 'lenet', port 'scale_CONV3[18]' is not connected to any nets. (LINT-28)
Warning: In design 'lenet', port 'scale_CONV3[17]' is not connected to any nets. (LINT-28)
Warning: In design 'lenet', port 'scale_CONV3[16]' is not connected to any nets. (LINT-28)
Warning: In design 'lenet', port 'scale_CONV3[15]' is not connected to any nets. (LINT-28)
Warning: In design 'lenet', port 'scale_CONV3[14]' is not connected to any nets. (LINT-28)
Warning: In design 'lenet', port 'scale_FC1[31]' is not connected to any nets. (LINT-28)
Warning: In design 'lenet', port 'scale_FC1[30]' is not connected to any nets. (LINT-28)
Warning: In design 'lenet', port 'scale_FC1[29]' is not connected to any nets. (LINT-28)
Warning: In design 'lenet', port 'scale_FC1[28]' is not connected to any nets. (LINT-28)
Warning: In design 'lenet', port 'scale_FC1[27]' is not connected to any nets. (LINT-28)
Warning: In design 'lenet', port 'scale_FC1[26]' is not connected to any nets. (LINT-28)
Warning: In design 'lenet', port 'scale_FC1[25]' is not connected to any nets. (LINT-28)
Warning: In design 'lenet', port 'scale_FC1[24]' is not connected to any nets. (LINT-28)
Warning: In design 'lenet', port 'scale_FC1[23]' is not connected to any nets. (LINT-28)
Warning: In design 'lenet', port 'scale_FC1[22]' is not connected to any nets. (LINT-28)
Warning: In design 'lenet', port 'scale_FC1[21]' is not connected to any nets. (LINT-28)
Warning: In design 'lenet', port 'scale_FC1[20]' is not connected to any nets. (LINT-28)
Warning: In design 'lenet', port 'scale_FC1[19]' is not connected to any nets. (LINT-28)
Warning: In design 'lenet', port 'scale_FC1[18]' is not connected to any nets. (LINT-28)
Warning: In design 'lenet', port 'scale_FC1[17]' is not connected to any nets. (LINT-28)
Warning: In design 'lenet', port 'scale_FC1[16]' is not connected to any nets. (LINT-28)
Warning: In design 'lenet', port 'scale_FC1[15]' is not connected to any nets. (LINT-28)
Warning: In design 'lenet', port 'scale_FC1[14]' is not connected to any nets. (LINT-28)
Warning: In design 'lenet', port 'scale_FC2[31]' is not connected to any nets. (LINT-28)
Warning: In design 'lenet', port 'scale_FC2[30]' is not connected to any nets. (LINT-28)
Warning: In design 'lenet', port 'scale_FC2[29]' is not connected to any nets. (LINT-28)
Warning: In design 'lenet', port 'scale_FC2[28]' is not connected to any nets. (LINT-28)
Warning: In design 'lenet', port 'scale_FC2[27]' is not connected to any nets. (LINT-28)
Warning: In design 'lenet', port 'scale_FC2[26]' is not connected to any nets. (LINT-28)
Warning: In design 'lenet', port 'scale_FC2[25]' is not connected to any nets. (LINT-28)
Warning: In design 'lenet', port 'scale_FC2[24]' is not connected to any nets. (LINT-28)
Warning: In design 'lenet', port 'scale_FC2[23]' is not connected to any nets. (LINT-28)
Warning: In design 'lenet', port 'scale_FC2[22]' is not connected to any nets. (LINT-28)
Warning: In design 'lenet', port 'scale_FC2[21]' is not connected to any nets. (LINT-28)
Warning: In design 'lenet', port 'scale_FC2[20]' is not connected to any nets. (LINT-28)
Warning: In design 'lenet', port 'scale_FC2[19]' is not connected to any nets. (LINT-28)
Warning: In design 'lenet', port 'scale_FC2[18]' is not connected to any nets. (LINT-28)
Warning: In design 'lenet', port 'scale_FC2[17]' is not connected to any nets. (LINT-28)
Warning: In design 'lenet', port 'scale_FC2[16]' is not connected to any nets. (LINT-28)
Warning: In design 'lenet', port 'scale_FC2[15]' is not connected to any nets. (LINT-28)
Warning: In design 'lenet', port 'scale_FC2[14]' is not connected to any nets. (LINT-28)
Warning: In design 'lenet', port 'sram_weight_wdata0[31]' is not connected to any nets. (LINT-28)
Warning: In design 'lenet', port 'sram_weight_wdata0[30]' is not connected to any nets. (LINT-28)
Warning: In design 'lenet', port 'sram_weight_wdata0[29]' is not connected to any nets. (LINT-28)
Warning: In design 'lenet', port 'sram_weight_wdata0[28]' is not connected to any nets. (LINT-28)
Warning: In design 'lenet', port 'sram_weight_wdata0[27]' is not connected to any nets. (LINT-28)
Warning: In design 'lenet', port 'sram_weight_wdata0[26]' is not connected to any nets. (LINT-28)
Warning: In design 'lenet', port 'sram_weight_wdata0[25]' is not connected to any nets. (LINT-28)
Warning: In design 'lenet', port 'sram_weight_wdata0[24]' is not connected to any nets. (LINT-28)
Warning: In design 'lenet', port 'sram_weight_wdata0[23]' is not connected to any nets. (LINT-28)
Warning: In design 'lenet', port 'sram_weight_wdata0[22]' is not connected to any nets. (LINT-28)
Warning: In design 'lenet', port 'sram_weight_wdata0[21]' is not connected to any nets. (LINT-28)
Warning: In design 'lenet', port 'sram_weight_wdata0[20]' is not connected to any nets. (LINT-28)
Warning: In design 'lenet', port 'sram_weight_wdata0[19]' is not connected to any nets. (LINT-28)
Warning: In design 'lenet', port 'sram_weight_wdata0[18]' is not connected to any nets. (LINT-28)
Warning: In design 'lenet', port 'sram_weight_wdata0[17]' is not connected to any nets. (LINT-28)
Warning: In design 'lenet', port 'sram_weight_wdata0[16]' is not connected to any nets. (LINT-28)
Warning: In design 'lenet', port 'sram_weight_wdata0[15]' is not connected to any nets. (LINT-28)
Warning: In design 'lenet', port 'sram_weight_wdata0[14]' is not connected to any nets. (LINT-28)
Warning: In design 'lenet', port 'sram_weight_wdata0[13]' is not connected to any nets. (LINT-28)
Warning: In design 'lenet', port 'sram_weight_wdata0[12]' is not connected to any nets. (LINT-28)
Warning: In design 'lenet', port 'sram_weight_wdata0[11]' is not connected to any nets. (LINT-28)
Warning: In design 'lenet', port 'sram_weight_wdata0[10]' is not connected to any nets. (LINT-28)
Warning: In design 'lenet', port 'sram_weight_wdata0[9]' is not connected to any nets. (LINT-28)
Warning: In design 'lenet', port 'sram_weight_wdata0[8]' is not connected to any nets. (LINT-28)
Warning: In design 'lenet', port 'sram_weight_wdata0[7]' is not connected to any nets. (LINT-28)
Warning: In design 'lenet', port 'sram_weight_wdata0[6]' is not connected to any nets. (LINT-28)
Warning: In design 'lenet', port 'sram_weight_wdata0[5]' is not connected to any nets. (LINT-28)
Warning: In design 'lenet', port 'sram_weight_wdata0[4]' is not connected to any nets. (LINT-28)
Warning: In design 'lenet', port 'sram_weight_wdata0[3]' is not connected to any nets. (LINT-28)
Warning: In design 'lenet', port 'sram_weight_wdata0[2]' is not connected to any nets. (LINT-28)
Warning: In design 'lenet', port 'sram_weight_wdata0[1]' is not connected to any nets. (LINT-28)
Warning: In design 'lenet', port 'sram_weight_wdata0[0]' is not connected to any nets. (LINT-28)
Warning: In design 'lenet', port 'sram_weight_wdata1[31]' is not connected to any nets. (LINT-28)
Warning: In design 'lenet', port 'sram_weight_wdata1[30]' is not connected to any nets. (LINT-28)
Warning: In design 'lenet', port 'sram_weight_wdata1[29]' is not connected to any nets. (LINT-28)
Warning: In design 'lenet', port 'sram_weight_wdata1[28]' is not connected to any nets. (LINT-28)
Warning: In design 'lenet', port 'sram_weight_wdata1[27]' is not connected to any nets. (LINT-28)
Warning: In design 'lenet', port 'sram_weight_wdata1[26]' is not connected to any nets. (LINT-28)
Warning: In design 'lenet', port 'sram_weight_wdata1[25]' is not connected to any nets. (LINT-28)
Warning: In design 'lenet', port 'sram_weight_wdata1[24]' is not connected to any nets. (LINT-28)
Warning: In design 'lenet', port 'sram_weight_wdata1[23]' is not connected to any nets. (LINT-28)
Warning: In design 'lenet', port 'sram_weight_wdata1[22]' is not connected to any nets. (LINT-28)
Warning: In design 'lenet', port 'sram_weight_wdata1[21]' is not connected to any nets. (LINT-28)
Warning: In design 'lenet', port 'sram_weight_wdata1[20]' is not connected to any nets. (LINT-28)
Warning: In design 'lenet', port 'sram_weight_wdata1[19]' is not connected to any nets. (LINT-28)
Warning: In design 'lenet', port 'sram_weight_wdata1[18]' is not connected to any nets. (LINT-28)
Warning: In design 'lenet', port 'sram_weight_wdata1[17]' is not connected to any nets. (LINT-28)
Warning: In design 'lenet', port 'sram_weight_wdata1[16]' is not connected to any nets. (LINT-28)
Warning: In design 'lenet', port 'sram_weight_wdata1[15]' is not connected to any nets. (LINT-28)
Warning: In design 'lenet', port 'sram_weight_wdata1[14]' is not connected to any nets. (LINT-28)
Warning: In design 'lenet', port 'sram_weight_wdata1[13]' is not connected to any nets. (LINT-28)
Warning: In design 'lenet', port 'sram_weight_wdata1[12]' is not connected to any nets. (LINT-28)
Warning: In design 'lenet', port 'sram_weight_wdata1[11]' is not connected to any nets. (LINT-28)
Warning: In design 'lenet', port 'sram_weight_wdata1[10]' is not connected to any nets. (LINT-28)
Warning: In design 'lenet', port 'sram_weight_wdata1[9]' is not connected to any nets. (LINT-28)
Warning: In design 'lenet', port 'sram_weight_wdata1[8]' is not connected to any nets. (LINT-28)
Warning: In design 'lenet', port 'sram_weight_wdata1[7]' is not connected to any nets. (LINT-28)
Warning: In design 'lenet', port 'sram_weight_wdata1[6]' is not connected to any nets. (LINT-28)
Warning: In design 'lenet', port 'sram_weight_wdata1[5]' is not connected to any nets. (LINT-28)
Warning: In design 'lenet', port 'sram_weight_wdata1[4]' is not connected to any nets. (LINT-28)
Warning: In design 'lenet', port 'sram_weight_wdata1[3]' is not connected to any nets. (LINT-28)
Warning: In design 'lenet', port 'sram_weight_wdata1[2]' is not connected to any nets. (LINT-28)
Warning: In design 'lenet', port 'sram_weight_wdata1[1]' is not connected to any nets. (LINT-28)
Warning: In design 'lenet', port 'sram_weight_wdata1[0]' is not connected to any nets. (LINT-28)
Warning: In design 'lenet', three-state bus 'ma[0]' has non three-state driver 'C25008/Z_0'. (LINT-34)
Warning: In design 'lenet', three-state bus 'ma[1]' has non three-state driver 'C25008/Z_1'. (LINT-34)
Warning: In design 'lenet', three-state bus 'ma[2]' has non three-state driver 'C25008/Z_2'. (LINT-34)
Warning: In design 'lenet', three-state bus 'ma[3]' has non three-state driver 'C25008/Z_3'. (LINT-34)
Warning: In design 'lenet', three-state bus 'ma[4]' has non three-state driver 'C25008/Z_4'. (LINT-34)
Warning: In design 'lenet', three-state bus 'ma[5]' has non three-state driver 'C25008/Z_5'. (LINT-34)
Warning: In design 'lenet', three-state bus 'ma[6]' has non three-state driver 'C25008/Z_6'. (LINT-34)
Warning: In design 'lenet', three-state bus 'ma[7]' has non three-state driver 'C25008/Z_7'. (LINT-34)
Warning: In design 'lenet', three-state bus 'ma[8]' has non three-state driver 'C25008/Z_8'. (LINT-34)
Warning: In design 'lenet', three-state bus 'ma[9]' has non three-state driver 'C25008/Z_9'. (LINT-34)
Warning: In design 'lenet', three-state bus 'ma[10]' has non three-state driver 'C25008/Z_10'. (LINT-34)
Warning: In design 'lenet', three-state bus 'ma[11]' has non three-state driver 'C25008/Z_11'. (LINT-34)
Warning: In design 'lenet', three-state bus 'ma[12]' has non three-state driver 'C25008/Z_12'. (LINT-34)
Warning: In design 'lenet', three-state bus 'ma[13]' has non three-state driver 'C25008/Z_13'. (LINT-34)
Warning: In design 'lenet', three-state bus 'ma[14]' has non three-state driver 'C25008/Z_14'. (LINT-34)
Warning: In design 'lenet', three-state bus 'ma[15]' has non three-state driver 'C25008/Z_15'. (LINT-34)
Warning: In design 'lenet', three-state bus 'ma[16]' has non three-state driver 'C25008/Z_16'. (LINT-34)
Warning: In design 'lenet', three-state bus 'ma[17]' has non three-state driver 'C25008/Z_17'. (LINT-34)
Warning: In design 'lenet', three-state bus 'scale_factor[0]' has non three-state driver 'C24350/Z_0'. (LINT-34)
Warning: In design 'lenet', three-state bus 'scale_factor[1]' has non three-state driver 'C24350/Z_1'. (LINT-34)
Warning: In design 'lenet', three-state bus 'scale_factor[2]' has non three-state driver 'C24350/Z_2'. (LINT-34)
Warning: In design 'lenet', three-state bus 'scale_factor[3]' has non three-state driver 'C24350/Z_3'. (LINT-34)
Warning: In design 'lenet', three-state bus 'scale_factor[4]' has non three-state driver 'C24350/Z_4'. (LINT-34)
Warning: In design 'lenet', three-state bus 'scale_factor[5]' has non three-state driver 'C24350/Z_5'. (LINT-34)
Warning: In design 'lenet', three-state bus 'scale_factor[6]' has non three-state driver 'C24350/Z_6'. (LINT-34)
Warning: In design 'lenet', three-state bus 'scale_factor[7]' has non three-state driver 'C24350/Z_7'. (LINT-34)
Warning: In design 'lenet', three-state bus 'scale_factor[8]' has non three-state driver 'C24350/Z_8'. (LINT-34)
Warning: In design 'lenet', three-state bus 'scale_factor[9]' has non three-state driver 'C24350/Z_9'. (LINT-34)
Warning: In design 'lenet', three-state bus 'scale_factor[10]' has non three-state driver 'C24350/Z_10'. (LINT-34)
Warning: In design 'lenet', three-state bus 'scale_factor[11]' has non three-state driver 'C24350/Z_11'. (LINT-34)
Warning: In design 'lenet', three-state bus 'scale_factor[12]' has non three-state driver 'C24350/Z_12'. (LINT-34)
Warning: In design 'lenet', three-state bus 'scale_factor[13]' has non three-state driver 'C24350/Z_13'. (LINT-34)
Warning: In design 'lenet', three-state bus '*Logic0*' has non three-state driver 'U2/**logic_0**'. (LINT-34)
Warning: In design 'lenet', multiply-driven net '*Logic0*' is driven by constant 0. (LINT-54)
1
