Information: Propagating switching activity (low effort zero delay simulation). (PWR-6)
Warning: Design has unannotated primary inputs. (PWR-414)
Warning: Design has unannotated sequential cell outputs. (PWR-415)
Warning: Design has unannotated black box outputs. (PWR-428)
 
****************************************
Report : power
        -hier
        -analysis_effort low
Design : lenet
Version: R-2020.09-SP5
Date   : Wed Apr 29 09:34:54 2026
****************************************


Library(s) Used:

    slow (File: /home/m110/m110061644/synopsys_tech_file/slow.db)


Operating Conditions: slow   Library: slow
Wire Load Model Mode: top


Global Operating Voltage = 1.08 
Power-specific unit information :
    Voltage Units = 1V
    Capacitance Units = 1.000000pf
    Time Units = 1ns
    Dynamic Power Units = 1mW    (derived from V,C,T units)
    Leakage Power Units = 1pW


--------------------------------------------------------------------------------
                                       Switch   Int      Leak     Total
Hierarchy                              Power    Power    Power    Power    %
--------------------------------------------------------------------------------
lenet                                     0.417    2.692 2.24e+08    3.334 100.0
  add_1254_4_G8 (lenet_DW01_add_57)    2.27e-03 2.63e-03 8.34e+05 5.73e-03   0.2
  add_1254_2_G8 (lenet_DW01_add_56)    2.30e-03 2.69e-03 8.11e+05 5.81e-03   0.2
  add_1254_4_G7 (lenet_DW01_add_54)    2.23e-03 2.69e-03 8.41e+05 5.76e-03   0.2
  add_1254_2_G7 (lenet_DW01_add_53)    2.33e-03 2.69e-03 8.07e+05 5.82e-03   0.2
  add_1254_4_G4 (lenet_DW01_add_51)    2.50e-03 2.99e-03 8.27e+05 6.31e-03   0.2
  add_1254_2_G4 (lenet_DW01_add_50)    2.63e-03 3.13e-03 8.18e+05 6.58e-03   0.2
  add_1254_4_G3 (lenet_DW01_add_48)    2.48e-03 3.06e-03 8.50e+05 6.40e-03   0.2
  add_1254_2_G3 (lenet_DW01_add_47)    2.65e-03 3.16e-03 8.23e+05 6.63e-03   0.2
  add_1254_G8 (lenet_DW01_add_55)      1.67e-03 2.24e-03 8.36e+05 4.75e-03   0.1
  add_1254_G7 (lenet_DW01_add_52)      1.65e-03 2.15e-03 8.35e+05 4.64e-03   0.1
  add_1254_G4 (lenet_DW01_add_49)      1.91e-03 2.51e-03 8.66e+05 5.29e-03   0.2
  add_1254_G3 (lenet_DW01_add_46)      1.95e-03 2.39e-03 8.38e+05 5.17e-03   0.2
  add_1254_3_G8 (lenet_DW01_add_61)    1.67e-03 2.17e-03 8.66e+05 4.71e-03   0.1
  add_1254_3_G7 (lenet_DW01_add_60)    1.67e-03 2.18e-03 8.67e+05 4.71e-03   0.1
  add_1254_3_G4 (lenet_DW01_add_59)    1.85e-03 2.41e-03 8.38e+05 5.10e-03   0.2
  add_1254_3_G3 (lenet_DW01_add_58)    1.82e-03 2.41e-03 8.79e+05 5.12e-03   0.2
  add_1254_4_G6 (lenet_DW01_add_15)    5.95e-04 1.69e-03 6.45e+05 2.93e-03   0.1
  add_1254_2_G6 (lenet_DW01_add_16)    3.19e-04 1.59e-03 6.45e+05 2.55e-03   0.1
  add_1254_G6 (lenet_DW01_add_17)      3.00e-04 1.56e-03 6.45e+05 2.51e-03   0.1
  add_1254_3_G6 (lenet_DW01_add_18)    3.27e-04 1.56e-03 6.45e+05 2.54e-03   0.1
  add_1254_4_G5 (lenet_DW01_add_19)    5.59e-04 1.68e-03 6.45e+05 2.89e-03   0.1
  add_1254_2_G5 (lenet_DW01_add_20)    3.16e-04 1.58e-03 6.45e+05 2.54e-03   0.1
  add_1254_G5 (lenet_DW01_add_21)      2.99e-04 1.56e-03 6.45e+05 2.50e-03   0.1
  add_1254_3_G5 (lenet_DW01_add_22)    3.29e-04 1.58e-03 6.45e+05 2.55e-03   0.1
  add_1258_7 (lenet_DW01_add_35_DW01_add_115)
                                       7.01e-04 1.98e-03 6.57e+05 3.33e-03   0.1
  add_1258_3 (lenet_DW01_add_36_DW01_add_116)
                                       3.92e-04 1.80e-03 6.48e+05 2.84e-03   0.1
  add_1258_6 (lenet_DW01_add_37_DW01_add_117)
                                       4.31e-04 1.84e-03 6.44e+05 2.91e-03   0.1
  add_1258_2 (lenet_DW01_add_38_DW01_add_118)
                                       3.58e-04 1.79e-03 6.49e+05 2.80e-03   0.1
  add_1258_4 (lenet_DW01_add_39_DW01_add_119)
                                       3.32e-04 1.78e-03 6.43e+05 2.75e-03   0.1
  add_1258_5 (lenet_DW01_add_40_DW01_add_120)
                                       3.65e-04 1.79e-03 6.49e+05 2.81e-03   0.1
  add_1254_4_G2 (lenet_DW01_add_31)    6.67e-04 1.92e-03 6.45e+05 3.23e-03   0.1
  add_1254_2_G2 (lenet_DW01_add_32)    3.53e-04 1.77e-03 6.47e+05 2.77e-03   0.1
  add_1254_G2 (lenet_DW01_add_33)      3.32e-04 1.75e-03 6.46e+05 2.73e-03   0.1
  add_1254_3_G2 (lenet_DW01_add_34)    3.61e-04 1.75e-03 6.45e+05 2.75e-03   0.1
  add_1254_4 (lenet_DW01_add_41_DW01_add_121)
                                       6.31e-04 1.92e-03 6.45e+05 3.20e-03   0.1
  add_1254_2 (lenet_DW01_add_42_DW01_add_122)
                                       3.50e-04 1.76e-03 6.41e+05 2.75e-03   0.1
  add_1254_3 (lenet_DW01_add_43_DW01_add_123)
                                       3.64e-04 1.78e-03 6.46e+05 2.79e-03   0.1
  mult_1294 (lenet_DW02_mult_0_DW02_mult_40)
                                       3.38e-02 9.17e-02 2.63e+07    0.152   4.6
    FS_1 (lenet_DW01_add_63)           2.32e-03 2.98e-03 1.07e+06 6.37e-03   0.2
  r1031 (lenet_DW01_inc_16_DW01_inc_17)
                                       1.49e-04 1.04e-04 2.79e+05 5.31e-04   0.0
  r1032 (lenet_DW01_dec_0)             3.91e-04 4.21e-04 2.12e+05 1.02e-03   0.0
  r1046 (lenet_DW01_inc_15_DW01_inc_16)
                                       9.51e-05 1.45e-04 2.39e+05 4.79e-04   0.0
  r1049 (lenet_DW01_inc_14_DW01_inc_15)
                                       7.44e-05 2.31e-04 2.99e+05 6.04e-04   0.0
  r1054 (lenet_DW01_inc_13_DW01_inc_14)
                                       5.55e-05 2.19e-04 2.79e+05 5.53e-04   0.0
  r1057 (lenet_DW01_inc_12_DW01_inc_13)
                                       8.00e-07 2.64e-06 2.99e+05 3.02e-04   0.0
  r1066 (lenet_DW01_add_2)             4.64e-04 1.85e-03 6.50e+05 2.97e-03   0.1
  add_433 (lenet_DW01_inc_10_DW01_inc_11)
                                       2.57e-07 1.76e-06 2.99e+05 3.01e-04   0.0
  add_865_S2 (lenet_DW01_inc_9_DW01_inc_10)
                                       2.31e-05 5.53e-05 2.19e+05 2.97e-04   0.0
  add_880 (lenet_DW01_inc_8_DW01_inc_9)
                                       3.62e-05 2.14e-04 2.59e+05 5.09e-04   0.0
  add_437 (lenet_DW01_inc_7_DW01_inc_8)
                                       3.58e-05 2.36e-04 2.99e+05 5.70e-04   0.0
  add_609 (lenet_DW01_inc_6_DW01_inc_7)
                                       2.95e-05 1.79e-04 2.99e+05 5.08e-04   0.0
  add_629_2 (lenet_DW01_inc_5_DW01_inc_6)
                                       3.05e-05 1.87e-04 2.99e+05 5.16e-04   0.0
  add_633 (lenet_DW01_inc_4_DW01_inc_5)
                                       1.06e-04 6.30e-04 2.99e+05 1.04e-03   0.0
  add_640_2 (lenet_DW01_inc_3_DW01_inc_4)
                                       5.03e-05 2.23e-04 2.99e+05 5.72e-04   0.0
  add_650_2 (lenet_DW01_inc_2_DW01_inc_3)
                                       3.92e-05 1.87e-04 2.99e+05 5.25e-04   0.0
  add_654 (lenet_DW01_inc_1_DW01_inc_2)
                                       4.80e-05 1.86e-04 2.99e+05 5.33e-04   0.0
  add_678_2 (lenet_DW01_inc_0_DW01_inc_1)
                                       3.83e-05 1.87e-04 2.99e+05 5.24e-04   0.0
  add_1045 (lenet_DW01_add_0)          3.50e-04 2.99e-03 1.20e+06 4.54e-03   0.1
  gen_pool[1].pool (POOL_0)            4.53e-03 4.81e-03 1.43e+06 1.08e-02   0.3
  gen_pool[0].pool (POOL_1)            2.88e-03 4.83e-03 9.83e+05 8.69e-03   0.3
  gen_macs[39].mac (MAC_0)             6.75e-03 2.22e-02 3.03e+06 3.20e-02   1.0
    add_1329 (MAC_0_DW01_add_0_DW01_add_107)
                                       5.18e-04 5.47e-03 6.41e+05 6.63e-03   0.2
    mult_1328 (MAC_0_DW02_mult_0_DW02_mult_36)
                                       6.23e-03 1.67e-02 2.39e+06 2.54e-02   0.8
      FS_1 (MAC_0_DW01_add_1_DW01_add_108)
                                       8.96e-04 2.12e-03 2.78e+05 3.30e-03   0.1
  gen_macs[38].mac (MAC_1)             6.74e-03 2.22e-02 3.03e+06 3.20e-02   1.0
    add_1329 (MAC_1_DW01_add_0_DW01_add_105)
                                       5.17e-04 5.47e-03 6.41e+05 6.63e-03   0.2
    mult_1328 (MAC_1_DW02_mult_0_DW02_mult_35)
                                       6.22e-03 1.68e-02 2.39e+06 2.54e-02   0.8
      FS_1 (MAC_1_DW01_add_1_DW01_add_106)
                                       8.89e-04 2.11e-03 2.78e+05 3.28e-03   0.1
  gen_macs[37].mac (MAC_2)             6.71e-03 2.21e-02 3.03e+06 3.18e-02   1.0
    add_1329 (MAC_2_DW01_add_0_DW01_add_101)
                                       5.11e-04 5.44e-03 6.41e+05 6.60e-03   0.2
    mult_1328 (MAC_2_DW02_mult_0_DW02_mult_33)
                                       6.20e-03 1.66e-02 2.39e+06 2.52e-02   0.8
      FS_1 (MAC_2_DW01_add_1_DW01_add_102)
                                       8.96e-04 2.11e-03 2.78e+05 3.29e-03   0.1
  gen_macs[36].mac (MAC_3)             6.72e-03 2.21e-02 3.03e+06 3.19e-02   1.0
    add_1329 (MAC_3_DW01_add_0_DW01_add_95)
                                       5.14e-04 5.47e-03 6.41e+05 6.63e-03   0.2
    mult_1328 (MAC_3_DW02_mult_0_DW02_mult_30)
                                       6.21e-03 1.67e-02 2.39e+06 2.53e-02   0.8
      FS_1 (MAC_3_DW01_add_1_DW01_add_96)
                                       8.91e-04 2.12e-03 2.78e+05 3.29e-03   0.1
  gen_macs[35].mac (MAC_4)             6.78e-03 2.23e-02 3.03e+06 3.22e-02   1.0
    add_1329 (MAC_4_DW01_add_0_DW01_add_87)
                                       5.17e-04 5.47e-03 6.41e+05 6.63e-03   0.2
    mult_1328 (MAC_4_DW02_mult_0_DW02_mult_26)
                                       6.26e-03 1.69e-02 2.39e+06 2.55e-02   0.8
      FS_1 (MAC_4_DW01_add_1_DW01_add_88)
                                       8.97e-04 2.13e-03 2.78e+05 3.30e-03   0.1
  gen_macs[34].mac (MAC_5)             6.74e-03 2.22e-02 3.03e+06 3.20e-02   1.0
    add_1329 (MAC_5_DW01_add_0_DW01_add_103)
                                       5.18e-04 5.48e-03 6.41e+05 6.63e-03   0.2
    mult_1328 (MAC_5_DW02_mult_0_DW02_mult_34)
                                       6.22e-03 1.67e-02 2.39e+06 2.53e-02   0.8
      FS_1 (MAC_5_DW01_add_1_DW01_add_104)
                                       8.88e-04 2.11e-03 2.78e+05 3.27e-03   0.1
  gen_macs[33].mac (MAC_6)             6.78e-03 2.23e-02 3.03e+06 3.22e-02   1.0
    add_1329 (MAC_6_DW01_add_0_DW01_add_99)
                                       5.15e-04 5.48e-03 6.41e+05 6.63e-03   0.2
    mult_1328 (MAC_6_DW02_mult_0_DW02_mult_32)
                                       6.27e-03 1.69e-02 2.39e+06 2.55e-02   0.8
      FS_1 (MAC_6_DW01_add_1_DW01_add_100)
                                       9.04e-04 2.14e-03 2.78e+05 3.32e-03   0.1
  gen_macs[32].mac (MAC_7)             6.68e-03 2.20e-02 3.03e+06 3.17e-02   1.0
    add_1329 (MAC_7_DW01_add_0_DW01_add_93)
                                       5.13e-04 5.43e-03 6.41e+05 6.59e-03   0.2
    mult_1328 (MAC_7_DW02_mult_0_DW02_mult_29)
                                       6.16e-03 1.66e-02 2.39e+06 2.51e-02   0.8
      FS_1 (MAC_7_DW01_add_1_DW01_add_94)
                                       8.83e-04 2.09e-03 2.78e+05 3.26e-03   0.1
  gen_macs[31].mac (MAC_8)             6.79e-03 2.23e-02 3.03e+06 3.22e-02   1.0
    add_1329 (MAC_8_DW01_add_0_DW01_add_85)
                                       5.16e-04 5.48e-03 6.41e+05 6.64e-03   0.2
    mult_1328 (MAC_8_DW02_mult_0_DW02_mult_25)
                                       6.27e-03 1.69e-02 2.39e+06 2.55e-02   0.8
      FS_1 (MAC_8_DW01_add_1_DW01_add_86)
                                       9.03e-04 2.13e-03 2.78e+05 3.31e-03   0.1
  gen_macs[30].mac (MAC_9)             6.76e-03 2.22e-02 3.03e+06 3.20e-02   1.0
    add_1329 (MAC_9_DW01_add_0_DW01_add_79)
                                       5.14e-04 5.44e-03 6.41e+05 6.60e-03   0.2
    mult_1328 (MAC_9_DW02_mult_0_DW02_mult_22)
                                       6.24e-03 1.68e-02 2.39e+06 2.54e-02   0.8
      FS_1 (MAC_9_DW01_add_1_DW01_add_80)
                                       8.92e-04 2.11e-03 2.78e+05 3.28e-03   0.1
  gen_macs[29].mac (MAC_10)            6.74e-03 2.22e-02 3.04e+06 3.20e-02   1.0
    add_1329 (MAC_10_DW01_add_0_DW01_add_97)
                                       5.06e-04 5.52e-03 6.45e+05 6.67e-03   0.2
    mult_1328 (MAC_10_DW02_mult_0_DW02_mult_31)
                                       6.24e-03 1.67e-02 2.39e+06 2.54e-02   0.8
      FS_1 (MAC_10_DW01_add_1_DW01_add_98)
                                       9.08e-04 2.13e-03 2.78e+05 3.31e-03   0.1
  gen_macs[28].mac (MAC_11)            6.75e-03 2.23e-02 3.04e+06 3.21e-02   1.0
    add_1329 (MAC_11_DW01_add_0_DW01_add_91)
                                       5.09e-04 5.55e-03 6.45e+05 6.70e-03   0.2
    mult_1328 (MAC_11_DW02_mult_0_DW02_mult_28)
                                       6.25e-03 1.68e-02 2.39e+06 2.54e-02   0.8
      FS_1 (MAC_11_DW01_add_1_DW01_add_92)
                                       9.02e-04 2.12e-03 2.78e+05 3.31e-03   0.1
  gen_macs[27].mac (MAC_12)            6.72e-03 2.22e-02 3.04e+06 3.20e-02   1.0
    add_1329 (MAC_12_DW01_add_0_DW01_add_83)
                                       5.03e-04 5.51e-03 6.45e+05 6.66e-03   0.2
    mult_1328 (MAC_12_DW02_mult_0_DW02_mult_24)
                                       6.21e-03 1.67e-02 2.39e+06 2.53e-02   0.8
      FS_1 (MAC_12_DW01_add_1_DW01_add_84)
                                       8.97e-04 2.11e-03 2.78e+05 3.28e-03   0.1
  gen_macs[26].mac (MAC_13)            6.73e-03 2.22e-02 3.04e+06 3.20e-02   1.0
    add_1329 (MAC_13_DW01_add_0_DW01_add_77)
                                       5.05e-04 5.51e-03 6.45e+05 6.66e-03   0.2
    mult_1328 (MAC_13_DW02_mult_0_DW02_mult_21)
                                       6.22e-03 1.67e-02 2.39e+06 2.53e-02   0.8
      FS_1 (MAC_13_DW01_add_1_DW01_add_78)
                                       9.00e-04 2.12e-03 2.78e+05 3.30e-03   0.1
  gen_macs[25].mac (MAC_14)            6.78e-03 2.25e-02 3.04e+06 3.23e-02   1.0
    add_1329 (MAC_14_DW01_add_0_DW01_add_73)
                                       5.09e-04 5.57e-03 6.45e+05 6.72e-03   0.2
    mult_1328 (MAC_14_DW02_mult_0_DW02_mult_19)
                                       6.28e-03 1.69e-02 2.39e+06 2.56e-02   0.8
      FS_1 (MAC_14_DW01_add_1_DW01_add_74)
                                       9.05e-04 2.13e-03 2.78e+05 3.31e-03   0.1
  gen_macs[24].mac (MAC_15)            6.73e-03 2.22e-02 3.04e+06 3.20e-02   1.0
    add_1329 (MAC_15_DW01_add_0_DW01_add_89)
                                       5.08e-04 5.55e-03 6.45e+05 6.70e-03   0.2
    mult_1328 (MAC_15_DW02_mult_0_DW02_mult_27)
                                       6.23e-03 1.67e-02 2.39e+06 2.53e-02   0.8
      FS_1 (MAC_15_DW01_add_1_DW01_add_90)
                                       8.99e-04 2.12e-03 2.78e+05 3.30e-03   0.1
  gen_macs[23].mac (MAC_16)            6.79e-03 2.25e-02 3.04e+06 3.23e-02   1.0
    add_1329 (MAC_16_DW01_add_0_DW01_add_81)
                                       5.10e-04 5.55e-03 6.45e+05 6.71e-03   0.2
    mult_1328 (MAC_16_DW02_mult_0_DW02_mult_23)
                                       6.28e-03 1.69e-02 2.39e+06 2.56e-02   0.8
      FS_1 (MAC_16_DW01_add_1_DW01_add_82)
                                       9.06e-04 2.13e-03 2.78e+05 3.31e-03   0.1
  gen_macs[22].mac (MAC_17)            6.69e-03 2.21e-02 3.04e+06 3.19e-02   1.0
    add_1329 (MAC_17_DW01_add_0_DW01_add_75)
                                       5.04e-04 5.49e-03 6.45e+05 6.64e-03   0.2
    mult_1328 (MAC_17_DW02_mult_0_DW02_mult_20)
                                       6.19e-03 1.66e-02 2.39e+06 2.52e-02   0.8
      FS_1 (MAC_17_DW01_add_1_DW01_add_76)
                                       8.93e-04 2.10e-03 2.78e+05 3.27e-03   0.1
  gen_macs[21].mac (MAC_18)            6.75e-03 2.23e-02 3.04e+06 3.21e-02   1.0
    add_1329 (MAC_18_DW01_add_0_DW01_add_71)
                                       5.07e-04 5.54e-03 6.45e+05 6.69e-03   0.2
    mult_1328 (MAC_18_DW02_mult_0_DW02_mult_18)
                                       6.25e-03 1.68e-02 2.39e+06 2.54e-02   0.8
      FS_1 (MAC_18_DW01_add_1_DW01_add_72)
                                       9.01e-04 2.12e-03 2.78e+05 3.30e-03   0.1
  gen_macs[20].mac (MAC_19)            6.74e-03 2.23e-02 3.04e+06 3.20e-02   1.0
    add_1329 (MAC_19_DW01_add_0_DW01_add_69)
                                       5.08e-04 5.52e-03 6.45e+05 6.67e-03   0.2
    mult_1328 (MAC_19_DW02_mult_0_DW02_mult_17)
                                       6.23e-03 1.67e-02 2.39e+06 2.54e-02   0.8
      FS_1 (MAC_19_DW01_add_1_DW01_add_70)
                                       8.98e-04 2.11e-03 2.78e+05 3.29e-03   0.1
  gen_macs[19].mac (MAC_20)            6.78e-03 2.23e-02 3.03e+06 3.21e-02   1.0
    add_1329 (MAC_20_DW01_add_0_DW01_add_67)
                                       5.50e-04 5.51e-03 6.41e+05 6.71e-03   0.2
    mult_1328 (MAC_20_DW02_mult_0_DW02_mult_16)
                                       6.23e-03 1.67e-02 2.39e+06 2.54e-02   0.8
      FS_1 (MAC_20_DW01_add_1_DW01_add_68)
                                       8.96e-04 2.12e-03 2.78e+05 3.30e-03   0.1
  gen_macs[18].mac (MAC_21)            6.77e-03 2.23e-02 3.03e+06 3.21e-02   1.0
    add_1329 (MAC_21_DW01_add_0_DW01_add_59)
                                       5.49e-04 5.52e-03 6.41e+05 6.71e-03   0.2
    mult_1328 (MAC_21_DW02_mult_0_DW02_mult_12)
                                       6.22e-03 1.68e-02 2.39e+06 2.54e-02   0.8
      FS_1 (MAC_21_DW01_add_1_DW01_add_60)
                                       8.89e-04 2.11e-03 2.78e+05 3.28e-03   0.1
  gen_macs[17].mac (MAC_22)            6.74e-03 2.21e-02 3.03e+06 3.19e-02   1.0
    add_1329 (MAC_22_DW01_add_0_DW01_add_51)
                                       5.45e-04 5.49e-03 6.41e+05 6.68e-03   0.2
    mult_1328 (MAC_22_DW02_mult_0_DW02_mult_8)
                                       6.20e-03 1.66e-02 2.39e+06 2.52e-02   0.8
      FS_1 (MAC_22_DW01_add_1_DW01_add_52)
                                       8.96e-04 2.11e-03 2.78e+05 3.29e-03   0.1
  gen_macs[16].mac (MAC_23)            6.75e-03 2.22e-02 3.03e+06 3.20e-02   1.0
    add_1329 (MAC_23_DW01_add_0_DW01_add_45)
                                       5.49e-04 5.53e-03 6.41e+05 6.72e-03   0.2
    mult_1328 (MAC_23_DW02_mult_0_DW02_mult_5)
                                       6.21e-03 1.67e-02 2.39e+06 2.53e-02   0.8
      FS_1 (MAC_23_DW01_add_1_DW01_add_46)
                                       8.91e-04 2.12e-03 2.78e+05 3.29e-03   0.1
  gen_macs[15].mac (MAC_24)            6.82e-03 2.24e-02 3.03e+06 3.22e-02   1.0
    add_1329 (MAC_24_DW01_add_0_DW01_add_37)
                                       5.54e-04 5.52e-03 6.41e+05 6.72e-03   0.2
    mult_1328 (MAC_24_DW02_mult_0_DW02_mult_1)
                                       6.26e-03 1.69e-02 2.39e+06 2.55e-02   0.8
      FS_1 (MAC_24_DW01_add_1_DW01_add_38)
                                       8.97e-04 2.13e-03 2.78e+05 3.30e-03   0.1
  gen_macs[14].mac (MAC_25)            6.77e-03 2.23e-02 3.03e+06 3.21e-02   1.0
    add_1329 (MAC_25_DW01_add_0_DW01_add_65)
                                       5.51e-04 5.54e-03 6.41e+05 6.73e-03   0.2
    mult_1328 (MAC_25_DW02_mult_0_DW02_mult_15)
                                       6.22e-03 1.67e-02 2.39e+06 2.53e-02   0.8
      FS_1 (MAC_25_DW01_add_1_DW01_add_66)
                                       8.88e-04 2.11e-03 2.78e+05 3.27e-03   0.1
  gen_macs[13].mac (MAC_26)            6.82e-03 2.24e-02 3.03e+06 3.22e-02   1.0
    add_1329 (MAC_26_DW01_add_0_DW01_add_57)
                                       5.50e-04 5.52e-03 6.41e+05 6.71e-03   0.2
    mult_1328 (MAC_26_DW02_mult_0_DW02_mult_11)
                                       6.27e-03 1.69e-02 2.39e+06 2.55e-02   0.8
      FS_1 (MAC_26_DW01_add_1_DW01_add_58)
                                       9.04e-04 2.14e-03 2.78e+05 3.32e-03   0.1
  gen_macs[12].mac (MAC_27)            6.71e-03 2.20e-02 3.03e+06 3.18e-02   1.0
    add_1329 (MAC_27_DW01_add_0_DW01_add_49)
                                       5.44e-04 5.47e-03 6.41e+05 6.65e-03   0.2
    mult_1328 (MAC_27_DW02_mult_0_DW02_mult_7)
                                       6.16e-03 1.66e-02 2.39e+06 2.51e-02   0.8
      FS_1 (MAC_27_DW01_add_1_DW01_add_50)
                                       8.83e-04 2.09e-03 2.78e+05 3.26e-03   0.1
  gen_macs[11].mac (MAC_28)            6.82e-03 2.24e-02 3.03e+06 3.22e-02   1.0
    add_1329 (MAC_28_DW01_add_0_DW01_add_43)
                                       5.49e-04 5.52e-03 6.41e+05 6.71e-03   0.2
    mult_1328 (MAC_28_DW02_mult_0_DW02_mult_4)
                                       6.27e-03 1.68e-02 2.39e+06 2.55e-02   0.8
      FS_1 (MAC_28_DW01_add_1_DW01_add_44)
                                       9.03e-04 2.13e-03 2.78e+05 3.31e-03   0.1
  gen_macs[10].mac (MAC_29)            6.79e-03 2.23e-02 3.03e+06 3.21e-02   1.0
    add_1329 (MAC_29_DW01_add_0_DW01_add_35)
                                       5.48e-04 5.50e-03 6.41e+05 6.69e-03   0.2
    mult_1328 (MAC_29_DW02_mult_0)     6.25e-03 1.68e-02 2.39e+06 2.54e-02   0.8
      FS_1 (MAC_29_DW01_add_1_DW01_add_36)
                                       8.92e-04 2.11e-03 2.78e+05 3.28e-03   0.1
  gen_macs[9].mac (MAC_30)             6.78e-03 2.23e-02 3.04e+06 3.21e-02   1.0
    add_1329 (MAC_30_DW01_add_0_DW01_add_63)
                                       5.40e-04 5.58e-03 6.45e+05 6.76e-03   0.2
    mult_1328 (MAC_30_DW02_mult_0_DW02_mult_14)
                                       6.24e-03 1.67e-02 2.39e+06 2.54e-02   0.8
      FS_1 (MAC_30_DW01_add_1_DW01_add_64)
                                       9.08e-04 2.13e-03 2.78e+05 3.31e-03   0.1
  gen_macs[8].mac (MAC_31)             6.78e-03 2.24e-02 3.04e+06 3.22e-02   1.0
    add_1329 (MAC_31_DW01_add_0_DW01_add_55)
                                       5.40e-04 5.59e-03 6.45e+05 6.78e-03   0.2
    mult_1328 (MAC_31_DW02_mult_0_DW02_mult_10)
                                       6.25e-03 1.68e-02 2.39e+06 2.54e-02   0.8
      FS_1 (MAC_31_DW01_add_1_DW01_add_56)
                                       9.02e-04 2.12e-03 2.78e+05 3.31e-03   0.1
  gen_macs[7].mac (MAC_32)             6.76e-03 2.23e-02 3.04e+06 3.21e-02   1.0
    add_1329 (MAC_32_DW01_add_0_DW01_add_109)
                                       5.40e-04 5.55e-03 6.47e+05 6.74e-03   0.2
    mult_1328 (MAC_32_DW02_mult_0_DW02_mult_37)
                                       6.22e-03 1.67e-02 2.39e+06 2.53e-02   0.8
      FS_1 (MAC_32_DW01_add_1_DW01_add_110)
                                       8.98e-04 2.11e-03 2.78e+05 3.28e-03   0.1
  gen_macs[6].mac (MAC_33)             6.77e-03 2.22e-02 3.04e+06 3.21e-02   1.0
    add_1329 (MAC_33_DW01_add_0_DW01_add_111)
                                       5.41e-04 5.54e-03 6.47e+05 6.73e-03   0.2
    mult_1328 (MAC_33_DW02_mult_0_DW02_mult_38)
                                       6.23e-03 1.67e-02 2.39e+06 2.53e-02   0.8
      FS_1 (MAC_33_DW01_add_1_DW01_add_112)
                                       9.01e-04 2.12e-03 2.78e+05 3.30e-03   0.1
  gen_macs[5].mac (MAC_34)             6.82e-03 2.25e-02 3.04e+06 3.23e-02   1.0
    add_1329 (MAC_34_DW01_add_0_DW01_add_113)
                                       5.44e-04 5.59e-03 6.47e+05 6.78e-03   0.2
    mult_1328 (MAC_34_DW02_mult_0_DW02_mult_39)
                                       6.28e-03 1.69e-02 2.39e+06 2.56e-02   0.8
      FS_1 (MAC_34_DW01_add_1_DW01_add_114)
                                       9.06e-04 2.13e-03 2.78e+05 3.31e-03   0.1
  gen_macs[4].mac (MAC_35)             6.77e-03 2.23e-02 3.04e+06 3.21e-02   1.0
    add_1329 (MAC_35_DW01_add_0_DW01_add_61)
                                       5.44e-04 5.58e-03 6.47e+05 6.77e-03   0.2
    mult_1328 (MAC_35_DW02_mult_0_DW02_mult_13)
                                       6.23e-03 1.67e-02 2.39e+06 2.53e-02   0.8
      FS_1 (MAC_35_DW01_add_1_DW01_add_62)
                                       8.99e-04 2.12e-03 2.78e+05 3.30e-03   0.1
  gen_macs[3].mac (MAC_36)             6.82e-03 2.25e-02 3.04e+06 3.23e-02   1.0
    add_1329 (MAC_36_DW01_add_0_DW01_add_53)
                                       5.45e-04 5.58e-03 6.47e+05 6.77e-03   0.2
    mult_1328 (MAC_36_DW02_mult_0_DW02_mult_9)
                                       6.28e-03 1.69e-02 2.39e+06 2.56e-02   0.8
      FS_1 (MAC_36_DW01_add_1_DW01_add_54)
                                       9.06e-04 2.13e-03 2.78e+05 3.31e-03   0.1
  gen_macs[2].mac (MAC_37)             6.73e-03 2.22e-02 3.04e+06 3.19e-02   1.0
    add_1329 (MAC_37_DW01_add_0_DW01_add_47)
                                       5.37e-04 5.52e-03 6.47e+05 6.71e-03   0.2
    mult_1328 (MAC_37_DW02_mult_0_DW02_mult_6)
                                       6.19e-03 1.66e-02 2.39e+06 2.52e-02   0.8
      FS_1 (MAC_37_DW01_add_1_DW01_add_48)
                                       8.93e-04 2.10e-03 2.78e+05 3.27e-03   0.1
  gen_macs[1].mac (MAC_38)             6.79e-03 2.23e-02 3.04e+06 3.22e-02   1.0
    add_1329 (MAC_38_DW01_add_0_DW01_add_41)
                                       5.43e-04 5.57e-03 6.47e+05 6.76e-03   0.2
    mult_1328 (MAC_38_DW02_mult_0_DW02_mult_3)
                                       6.25e-03 1.68e-02 2.39e+06 2.54e-02   0.8
      FS_1 (MAC_38_DW01_add_1_DW01_add_42)
                                       9.01e-04 2.12e-03 2.78e+05 3.30e-03   0.1
  gen_macs[0].mac (MAC_39)             6.77e-03 2.23e-02 3.04e+06 3.21e-02   1.0
    add_1329 (MAC_39_DW01_add_0_DW01_add_39)
                                       5.41e-04 5.54e-03 6.47e+05 6.73e-03   0.2
    mult_1328 (MAC_39_DW02_mult_0_DW02_mult_2)
                                       6.23e-03 1.67e-02 2.39e+06 2.54e-02   0.8
      FS_1 (MAC_39_DW01_add_1_DW01_add_40)
                                       8.98e-04 2.11e-03 2.78e+05 3.29e-03   0.1
1
