Information: Propagating switching activity (low effort zero delay simulation). (PWR-6)
Warning: Design has unannotated primary inputs. (PWR-414)
Warning: Design has unannotated sequential cell outputs. (PWR-415)
 
****************************************
Report : power
        -hier
        -analysis_effort low
Design : lenet
Version: R-2020.09-SP5
Date   : Sun Apr 19 11:53:44 2026
****************************************


Library(s) Used:

    slow (File: /home/m110/m110061644/synopsys_tech_file/slow.db)


Operating Conditions: slow   Library: slow
Wire Load Model Mode: top


Global Operating Voltage = 1.08 
Power-specific unit information :
    Voltage Units = 1V
    Capacitance Units = 1.000000pf
    Time Units = 1ns
    Dynamic Power Units = 1mW    (derived from V,C,T units)
    Leakage Power Units = 1pW


--------------------------------------------------------------------------------
                                       Switch   Int      Leak     Total
Hierarchy                              Power    Power    Power    Power    %
--------------------------------------------------------------------------------
lenet                                     0.356    2.130 2.98e+08    2.783 100.0
  add_1254_4_G8 (lenet_DW01_add_7)     5.16e-04 2.56e-03 1.06e+06 4.14e-03   0.1
  add_1254_2_G8 (lenet_DW01_add_8)     4.42e-04 2.19e-03 9.47e+05 3.58e-03   0.1
  add_1254_G8 (lenet_DW01_add_9)       4.32e-04 2.08e-03 9.31e+05 3.44e-03   0.1
  add_1254_3_G8 (lenet_DW01_add_10)    7.12e-04 2.03e-03 9.09e+05 3.65e-03   0.1
  add_1254_4_G7 (lenet_DW01_add_11)    5.21e-04 2.63e-03 1.07e+06 4.22e-03   0.2
  add_1254_2_G7 (lenet_DW01_add_12)    4.45e-04 2.14e-03 8.93e+05 3.47e-03   0.1
  add_1254_G7 (lenet_DW01_add_13)      4.38e-04 1.95e-03 8.43e+05 3.24e-03   0.1
  add_1254_3_G7 (lenet_DW01_add_14)    7.78e-04 1.79e-03 8.07e+05 3.37e-03   0.1
  add_1254_4_G6 (lenet_DW01_add_15)    5.46e-04 2.58e-03 1.07e+06 4.20e-03   0.2
  add_1254_2_G6 (lenet_DW01_add_16)    4.70e-04 2.49e-03 1.01e+06 3.96e-03   0.1
  add_1254_G6 (lenet_DW01_add_17)      4.53e-04 2.21e-03 9.41e+05 3.60e-03   0.1
  add_1254_3_G6 (lenet_DW01_add_18)    8.11e-04 2.35e-03 9.73e+05 4.14e-03   0.1
  add_1254_4_G5 (lenet_DW01_add_19)    4.86e-04 2.44e-03 1.02e+06 3.94e-03   0.1
  add_1254_2_G5 (lenet_DW01_add_20)    4.40e-04 2.11e-03 8.90e+05 3.44e-03   0.1
  add_1254_G5 (lenet_DW01_add_21)      3.95e-04 2.27e-03 9.83e+05 3.65e-03   0.1
  add_1254_3_G5 (lenet_DW01_add_22)    7.25e-04 2.02e-03 8.95e+05 3.64e-03   0.1
  add_1254_4_G4 (lenet_DW01_add_23)    5.42e-04 2.44e-03 9.13e+05 3.89e-03   0.1
  add_1254_2_G4 (lenet_DW01_add_24)    5.01e-04 2.08e-03 8.19e+05 3.40e-03   0.1
  add_1254_G4 (lenet_DW01_add_25)      4.66e-04 2.70e-03 1.01e+06 4.18e-03   0.2
  add_1254_3_G4 (lenet_DW01_add_26)    6.54e-04 2.07e-03 8.28e+05 3.55e-03   0.1
  add_1254_4_G3 (lenet_DW01_add_27)    4.97e-04 2.34e-03 8.67e+05 3.70e-03   0.1
  add_1254_2_G3 (lenet_DW01_add_28)    4.74e-04 2.85e-03 1.07e+06 4.40e-03   0.2
  add_1254_G3 (lenet_DW01_add_29)      4.90e-04 2.44e-03 9.16e+05 3.85e-03   0.1
  add_1254_3_G3 (lenet_DW01_add_30)    6.71e-04 2.03e-03 8.22e+05 3.53e-03   0.1
  add_1258_7 (lenet_DW01_add_35_DW01_add_115)
                                       4.21e-04 1.43e-03 6.48e+05 2.50e-03   0.1
  add_1258_3 (lenet_DW01_add_36_DW01_add_116)
                                       2.87e-04 1.38e-03 6.42e+05 2.31e-03   0.1
  add_1258_6 (lenet_DW01_add_37_DW01_add_117)
                                       3.09e-04 1.40e-03 6.48e+05 2.35e-03   0.1
  add_1258_2 (lenet_DW01_add_38_DW01_add_118)
                                       2.71e-04 1.36e-03 6.46e+05 2.28e-03   0.1
  add_1258_4 (lenet_DW01_add_39_DW01_add_119)
                                       2.54e-04 1.35e-03 6.40e+05 2.24e-03   0.1
  add_1258_5 (lenet_DW01_add_40_DW01_add_120)
                                       2.76e-04 1.39e-03 6.53e+05 2.31e-03   0.1
  add_1254_4_G2 (lenet_DW01_add_31)    5.78e-04 2.98e-03 1.05e+06 4.61e-03   0.2
  add_1254_2_G2 (lenet_DW01_add_32)    5.36e-04 2.66e-03 9.77e+05 4.17e-03   0.1
  add_1254_G2 (lenet_DW01_add_33)      5.36e-04 2.33e-03 9.14e+05 3.78e-03   0.1
  add_1254_3_G2 (lenet_DW01_add_34)    8.26e-04 2.41e-03 9.17e+05 4.15e-03   0.1
  add_1254_4 (lenet_DW01_add_41_DW01_add_121)
                                       5.90e-04 2.71e-03 9.97e+05 4.29e-03   0.2
  add_1254_2 (lenet_DW01_add_42_DW01_add_122)
                                       5.15e-04 2.60e-03 9.45e+05 4.06e-03   0.1
  add_1254_3 (lenet_DW01_add_43_DW01_add_123)
                                       7.65e-04 2.69e-03 1.00e+06 4.46e-03   0.2
  mult_1268 (lenet_DW02_mult_0_DW02_mult_40)
                                       2.45e-02 7.74e-02 2.68e+07    0.129   4.6
    FS_1 (lenet_DW01_add_44_DW01_add_124)
                                       1.18e-03 1.52e-03 5.77e+05 3.27e-03   0.1
  mult_1268_G2 (lenet_DW02_mult_1_DW02_mult_41)
                                       2.40e-02 7.70e-02 2.67e+07    0.128   4.6
    FS_1 (lenet_DW01_add_45_DW01_add_125)
                                       1.21e-03 1.95e-03 6.51e+05 3.80e-03   0.1
  mult_1275 (lenet_DW02_mult_2_DW02_mult_42)
                                       2.43e-02 7.42e-02 3.68e+07    0.135   4.9
  r1033 (lenet_DW01_inc_16_DW01_inc_17)
                                       1.08e-04 7.96e-05 2.79e+05 4.66e-04   0.0
  r1034 (lenet_DW01_dec_0)             2.58e-04 3.21e-04 2.12e+05 7.90e-04   0.0
  r1048 (lenet_DW01_inc_15_DW01_inc_16)
                                       5.76e-05 1.12e-04 2.39e+05 4.08e-04   0.0
  r1051 (lenet_DW01_inc_14_DW01_inc_15)
                                       4.40e-05 1.77e-04 2.99e+05 5.20e-04   0.0
  r1056 (lenet_DW01_inc_13_DW01_inc_14)
                                       2.55e-05 1.67e-04 2.79e+05 4.71e-04   0.0
  r1059 (lenet_DW01_inc_12_DW01_inc_13)
                                       5.89e-07 1.96e-06 2.99e+05 3.01e-04   0.0
  r1068 (lenet_DW01_add_2)             5.94e-04 2.94e-03 1.06e+06 4.60e-03   0.2
  add_433 (lenet_DW01_inc_10_DW01_inc_11)
                                       2.05e-07 1.40e-06 2.99e+05 3.00e-04   0.0
  add_865_S2 (lenet_DW01_inc_9_DW01_inc_10)
                                       1.24e-05 4.23e-05 2.19e+05 2.73e-04   0.0
  add_880 (lenet_DW01_inc_8_DW01_inc_9)
                                       2.80e-05 1.63e-04 2.59e+05 4.50e-04   0.0
  add_437 (lenet_DW01_inc_7_DW01_inc_8)
                                       2.75e-05 1.79e-04 2.99e+05 5.05e-04   0.0
  add_609 (lenet_DW01_inc_6_DW01_inc_7)
                                       2.06e-05 1.37e-04 2.99e+05 4.56e-04   0.0
  add_629_2 (lenet_DW01_inc_5_DW01_inc_6)
                                       1.64e-05 1.43e-04 2.99e+05 4.58e-04   0.0
  add_633 (lenet_DW01_inc_4_DW01_inc_5)
                                       9.42e-05 4.80e-04 2.99e+05 8.73e-04   0.0
  add_640_2 (lenet_DW01_inc_3_DW01_inc_4)
                                       3.76e-05 1.71e-04 2.99e+05 5.08e-04   0.0
  add_650_2 (lenet_DW01_inc_2_DW01_inc_3)
                                       2.20e-05 1.43e-04 2.99e+05 4.63e-04   0.0
  add_654 (lenet_DW01_inc_1_DW01_inc_2)
                                       2.21e-05 1.42e-04 2.99e+05 4.63e-04   0.0
  add_678_2 (lenet_DW01_inc_0_DW01_inc_1)
                                       2.33e-05 1.43e-04 2.99e+05 4.65e-04   0.0
  add_1045 (lenet_DW01_add_0)          3.11e-04 2.11e-03 1.16e+06 3.59e-03   0.1
  gen_pool[1].pool (POOL_0)            3.18e-03 4.57e-03 1.70e+06 9.45e-03   0.3
  gen_pool[0].pool (POOL_1)            3.07e-03 4.39e-03 1.62e+06 9.08e-03   0.3
  gen_macs[39].mac (MAC_0)             4.86e-03 1.60e-02 3.03e+06 2.39e-02   0.9
    add_1305 (MAC_0_DW01_add_0_DW01_add_107)
                                       3.82e-04 3.95e-03 6.41e+05 4.97e-03   0.2
    mult_1304 (MAC_0_DW02_mult_0_DW02_mult_36)
                                       4.48e-03 1.20e-02 2.39e+06 1.89e-02   0.7
      FS_1 (MAC_0_DW01_add_1_DW01_add_108)
                                       6.46e-04 1.53e-03 2.78e+05 2.46e-03   0.1
  gen_macs[38].mac (MAC_1)             4.88e-03 1.61e-02 3.03e+06 2.40e-02   0.9
    add_1305 (MAC_1_DW01_add_0_DW01_add_105)
                                       3.83e-04 3.96e-03 6.41e+05 4.98e-03   0.2
    mult_1304 (MAC_1_DW02_mult_0_DW02_mult_35)
                                       4.50e-03 1.21e-02 2.39e+06 1.90e-02   0.7
      FS_1 (MAC_1_DW01_add_1_DW01_add_106)
                                       6.51e-04 1.53e-03 2.78e+05 2.46e-03   0.1
  gen_macs[37].mac (MAC_2)             4.84e-03 1.60e-02 3.03e+06 2.38e-02   0.9
    add_1305 (MAC_2_DW01_add_0_DW01_add_101)
                                       3.85e-04 3.96e-03 6.41e+05 4.98e-03   0.2
    mult_1304 (MAC_2_DW02_mult_0_DW02_mult_33)
                                       4.46e-03 1.20e-02 2.39e+06 1.88e-02   0.7
      FS_1 (MAC_2_DW01_add_1_DW01_add_102)
                                       6.40e-04 1.52e-03 2.78e+05 2.44e-03   0.1
  gen_macs[36].mac (MAC_3)             4.87e-03 1.61e-02 3.03e+06 2.40e-02   0.9
    add_1305 (MAC_3_DW01_add_0_DW01_add_95)
                                       3.86e-04 3.97e-03 6.41e+05 5.00e-03   0.2
    mult_1304 (MAC_3_DW02_mult_0_DW02_mult_30)
                                       4.48e-03 1.21e-02 2.39e+06 1.90e-02   0.7
      FS_1 (MAC_3_DW01_add_1_DW01_add_96)
                                       6.38e-04 1.51e-03 2.78e+05 2.43e-03   0.1
  gen_macs[35].mac (MAC_4)             4.87e-03 1.60e-02 3.03e+06 2.39e-02   0.9
    add_1305 (MAC_4_DW01_add_0_DW01_add_87)
                                       3.85e-04 3.96e-03 6.41e+05 4.99e-03   0.2
    mult_1304 (MAC_4_DW02_mult_0_DW02_mult_26)
                                       4.49e-03 1.21e-02 2.39e+06 1.89e-02   0.7
      FS_1 (MAC_4_DW01_add_1_DW01_add_88)
                                       6.47e-04 1.53e-03 2.78e+05 2.46e-03   0.1
  gen_macs[34].mac (MAC_5)             4.88e-03 1.60e-02 3.03e+06 2.39e-02   0.9
    add_1305 (MAC_5_DW01_add_0_DW01_add_103)
                                       3.83e-04 3.97e-03 6.41e+05 5.00e-03   0.2
    mult_1304 (MAC_5_DW02_mult_0_DW02_mult_34)
                                       4.50e-03 1.21e-02 2.39e+06 1.89e-02   0.7
      FS_1 (MAC_5_DW01_add_1_DW01_add_104)
                                       6.50e-04 1.54e-03 2.78e+05 2.47e-03   0.1
  gen_macs[33].mac (MAC_6)             4.87e-03 1.61e-02 3.03e+06 2.40e-02   0.9
    add_1305 (MAC_6_DW01_add_0_DW01_add_99)
                                       3.85e-04 3.97e-03 6.41e+05 5.00e-03   0.2
    mult_1304 (MAC_6_DW02_mult_0_DW02_mult_32)
                                       4.49e-03 1.21e-02 2.39e+06 1.90e-02   0.7
      FS_1 (MAC_6_DW01_add_1_DW01_add_100)
                                       6.42e-04 1.52e-03 2.78e+05 2.44e-03   0.1
  gen_macs[32].mac (MAC_7)             4.85e-03 1.60e-02 3.03e+06 2.39e-02   0.9
    add_1305 (MAC_7_DW01_add_0_DW01_add_93)
                                       3.87e-04 3.99e-03 6.41e+05 5.01e-03   0.2
    mult_1304 (MAC_7_DW02_mult_0_DW02_mult_29)
                                       4.46e-03 1.20e-02 2.39e+06 1.89e-02   0.7
      FS_1 (MAC_7_DW01_add_1_DW01_add_94)
                                       6.40e-04 1.51e-03 2.78e+05 2.43e-03   0.1
  gen_macs[31].mac (MAC_8)             4.89e-03 1.62e-02 3.03e+06 2.41e-02   0.9
    add_1305 (MAC_8_DW01_add_0_DW01_add_85)
                                       3.86e-04 3.99e-03 6.41e+05 5.02e-03   0.2
    mult_1304 (MAC_8_DW02_mult_0_DW02_mult_25)
                                       4.51e-03 1.22e-02 2.39e+06 1.91e-02   0.7
      FS_1 (MAC_8_DW01_add_1_DW01_add_86)
                                       6.45e-04 1.53e-03 2.78e+05 2.45e-03   0.1
  gen_macs[30].mac (MAC_9)             4.89e-03 1.61e-02 3.03e+06 2.40e-02   0.9
    add_1305 (MAC_9_DW01_add_0_DW01_add_79)
                                       3.87e-04 3.97e-03 6.41e+05 5.00e-03   0.2
    mult_1304 (MAC_9_DW02_mult_0_DW02_mult_22)
                                       4.50e-03 1.21e-02 2.39e+06 1.90e-02   0.7
      FS_1 (MAC_9_DW01_add_1_DW01_add_80)
                                       6.46e-04 1.53e-03 2.78e+05 2.45e-03   0.1
  gen_macs[29].mac (MAC_10)            4.87e-03 1.60e-02 3.03e+06 2.39e-02   0.9
    add_1305 (MAC_10_DW01_add_0_DW01_add_97)
                                       3.84e-04 3.95e-03 6.41e+05 4.98e-03   0.2
    mult_1304 (MAC_10_DW02_mult_0_DW02_mult_31)
                                       4.49e-03 1.21e-02 2.39e+06 1.89e-02   0.7
      FS_1 (MAC_10_DW01_add_1_DW01_add_98)
                                       6.45e-04 1.53e-03 2.78e+05 2.45e-03   0.1
  gen_macs[28].mac (MAC_11)            4.85e-03 1.60e-02 3.03e+06 2.39e-02   0.9
    add_1305 (MAC_11_DW01_add_0_DW01_add_91)
                                       3.84e-04 3.96e-03 6.41e+05 4.99e-03   0.2
    mult_1304 (MAC_11_DW02_mult_0_DW02_mult_28)
                                       4.47e-03 1.21e-02 2.39e+06 1.89e-02   0.7
      FS_1 (MAC_11_DW01_add_1_DW01_add_92)
                                       6.39e-04 1.51e-03 2.78e+05 2.43e-03   0.1
  gen_macs[27].mac (MAC_12)            4.86e-03 1.60e-02 3.03e+06 2.39e-02   0.9
    add_1305 (MAC_12_DW01_add_0_DW01_add_83)
                                       3.87e-04 3.98e-03 6.41e+05 5.00e-03   0.2
    mult_1304 (MAC_12_DW02_mult_0_DW02_mult_24)
                                       4.47e-03 1.21e-02 2.39e+06 1.89e-02   0.7
      FS_1 (MAC_12_DW01_add_1_DW01_add_84)
                                       6.42e-04 1.52e-03 2.78e+05 2.44e-03   0.1
  gen_macs[26].mac (MAC_13)            4.90e-03 1.62e-02 3.03e+06 2.41e-02   0.9
    add_1305 (MAC_13_DW01_add_0_DW01_add_77)
                                       3.86e-04 3.99e-03 6.41e+05 5.02e-03   0.2
    mult_1304 (MAC_13_DW02_mult_0_DW02_mult_21)
                                       4.52e-03 1.22e-02 2.39e+06 1.91e-02   0.7
      FS_1 (MAC_13_DW01_add_1_DW01_add_78)
                                       6.48e-04 1.54e-03 2.78e+05 2.46e-03   0.1
  gen_macs[25].mac (MAC_14)            4.89e-03 1.61e-02 3.03e+06 2.40e-02   0.9
    add_1305 (MAC_14_DW01_add_0_DW01_add_73)
                                       3.86e-04 3.98e-03 6.41e+05 5.01e-03   0.2
    mult_1304 (MAC_14_DW02_mult_0_DW02_mult_19)
                                       4.51e-03 1.21e-02 2.39e+06 1.90e-02   0.7
      FS_1 (MAC_14_DW01_add_1_DW01_add_74)
                                       6.53e-04 1.54e-03 2.78e+05 2.47e-03   0.1
  gen_macs[24].mac (MAC_15)            4.85e-03 1.60e-02 3.03e+06 2.39e-02   0.9
    add_1305 (MAC_15_DW01_add_0_DW01_add_89)
                                       3.84e-04 3.98e-03 6.41e+05 5.00e-03   0.2
    mult_1304 (MAC_15_DW02_mult_0_DW02_mult_27)
                                       4.47e-03 1.20e-02 2.39e+06 1.89e-02   0.7
      FS_1 (MAC_15_DW01_add_1_DW01_add_90)
                                       6.39e-04 1.52e-03 2.78e+05 2.43e-03   0.1
  gen_macs[23].mac (MAC_16)            4.86e-03 1.60e-02 3.03e+06 2.39e-02   0.9
    add_1305 (MAC_16_DW01_add_0_DW01_add_81)
                                       3.84e-04 3.97e-03 6.41e+05 4.99e-03   0.2
    mult_1304 (MAC_16_DW02_mult_0_DW02_mult_23)
                                       4.48e-03 1.21e-02 2.39e+06 1.89e-02   0.7
      FS_1 (MAC_16_DW01_add_1_DW01_add_82)
                                       6.43e-04 1.52e-03 2.78e+05 2.44e-03   0.1
  gen_macs[22].mac (MAC_17)            4.87e-03 1.61e-02 3.03e+06 2.40e-02   0.9
    add_1305 (MAC_17_DW01_add_0_DW01_add_75)
                                       3.88e-04 3.99e-03 6.41e+05 5.02e-03   0.2
    mult_1304 (MAC_17_DW02_mult_0_DW02_mult_20)
                                       4.48e-03 1.21e-02 2.39e+06 1.90e-02   0.7
      FS_1 (MAC_17_DW01_add_1_DW01_add_76)
                                       6.44e-04 1.53e-03 2.78e+05 2.45e-03   0.1
  gen_macs[21].mac (MAC_18)            4.90e-03 1.61e-02 3.03e+06 2.41e-02   0.9
    add_1305 (MAC_18_DW01_add_0_DW01_add_71)
                                       3.86e-04 3.99e-03 6.41e+05 5.01e-03   0.2
    mult_1304 (MAC_18_DW02_mult_0_DW02_mult_18)
                                       4.51e-03 1.22e-02 2.39e+06 1.91e-02   0.7
      FS_1 (MAC_18_DW01_add_1_DW01_add_72)
                                       6.51e-04 1.54e-03 2.78e+05 2.47e-03   0.1
  gen_macs[20].mac (MAC_19)            4.87e-03 1.60e-02 3.03e+06 2.39e-02   0.9
    add_1305 (MAC_19_DW01_add_0_DW01_add_69)
                                       3.85e-04 3.95e-03 6.41e+05 4.98e-03   0.2
    mult_1304 (MAC_19_DW02_mult_0_DW02_mult_17)
                                       4.48e-03 1.21e-02 2.39e+06 1.89e-02   0.7
      FS_1 (MAC_19_DW01_add_1_DW01_add_70)
                                       6.45e-04 1.52e-03 2.78e+05 2.45e-03   0.1
  gen_macs[19].mac (MAC_20)            4.89e-03 1.60e-02 3.03e+06 2.39e-02   0.9
    add_1305 (MAC_20_DW01_add_0_DW01_add_67)
                                       4.08e-04 3.99e-03 6.41e+05 5.03e-03   0.2
    mult_1304 (MAC_20_DW02_mult_0_DW02_mult_16)
                                       4.48e-03 1.20e-02 2.39e+06 1.89e-02   0.7
      FS_1 (MAC_20_DW01_add_1_DW01_add_68)
                                       6.46e-04 1.53e-03 2.78e+05 2.46e-03   0.1
  gen_macs[18].mac (MAC_21)            4.91e-03 1.61e-02 3.03e+06 2.41e-02   0.9
    add_1305 (MAC_21_DW01_add_0_DW01_add_59)
                                       4.10e-04 4.00e-03 6.41e+05 5.05e-03   0.2
    mult_1304 (MAC_21_DW02_mult_0_DW02_mult_12)
                                       4.50e-03 1.21e-02 2.39e+06 1.90e-02   0.7
      FS_1 (MAC_21_DW01_add_1_DW01_add_60)
                                       6.51e-04 1.53e-03 2.78e+05 2.46e-03   0.1
  gen_macs[17].mac (MAC_22)            4.86e-03 1.60e-02 3.03e+06 2.39e-02   0.9
    add_1305 (MAC_22_DW01_add_0_DW01_add_51)
                                       4.08e-04 4.00e-03 6.41e+05 5.05e-03   0.2
    mult_1304 (MAC_22_DW02_mult_0_DW02_mult_8)
                                       4.46e-03 1.20e-02 2.39e+06 1.88e-02   0.7
      FS_1 (MAC_22_DW01_add_1_DW01_add_52)
                                       6.40e-04 1.52e-03 2.78e+05 2.44e-03   0.1
  gen_macs[16].mac (MAC_23)            4.89e-03 1.61e-02 3.03e+06 2.40e-02   0.9
    add_1305 (MAC_23_DW01_add_0_DW01_add_45)
                                       4.12e-04 4.01e-03 6.41e+05 5.06e-03   0.2
    mult_1304 (MAC_23_DW02_mult_0_DW02_mult_5)
                                       4.48e-03 1.21e-02 2.39e+06 1.90e-02   0.7
      FS_1 (MAC_23_DW01_add_1_DW01_add_46)
                                       6.38e-04 1.51e-03 2.78e+05 2.43e-03   0.1
  gen_macs[15].mac (MAC_24)            4.90e-03 1.61e-02 3.03e+06 2.40e-02   0.9
    add_1305 (MAC_24_DW01_add_0_DW01_add_37)
                                       4.11e-04 4.00e-03 6.41e+05 5.06e-03   0.2
    mult_1304 (MAC_24_DW02_mult_0_DW02_mult_1)
                                       4.49e-03 1.21e-02 2.39e+06 1.89e-02   0.7
      FS_1 (MAC_24_DW01_add_1_DW01_add_38)
                                       6.47e-04 1.53e-03 2.78e+05 2.46e-03   0.1
  gen_macs[14].mac (MAC_25)            4.91e-03 1.61e-02 3.03e+06 2.40e-02   0.9
    add_1305 (MAC_25_DW01_add_0_DW01_add_65)
                                       4.11e-04 4.00e-03 6.41e+05 5.05e-03   0.2
    mult_1304 (MAC_25_DW02_mult_0_DW02_mult_15)
                                       4.50e-03 1.21e-02 2.39e+06 1.90e-02   0.7
      FS_1 (MAC_25_DW01_add_1_DW01_add_66)
                                       6.50e-04 1.54e-03 2.78e+05 2.47e-03   0.1
  gen_macs[13].mac (MAC_26)            4.89e-03 1.61e-02 3.03e+06 2.40e-02   0.9
    add_1305 (MAC_26_DW01_add_0_DW01_add_57)
                                       4.09e-04 4.00e-03 6.41e+05 5.05e-03   0.2
    mult_1304 (MAC_26_DW02_mult_0_DW02_mult_11)
                                       4.49e-03 1.21e-02 2.39e+06 1.90e-02   0.7
      FS_1 (MAC_26_DW01_add_1_DW01_add_58)
                                       6.42e-04 1.52e-03 2.78e+05 2.44e-03   0.1
  gen_macs[12].mac (MAC_27)            4.87e-03 1.60e-02 3.03e+06 2.39e-02   0.9
    add_1305 (MAC_27_DW01_add_0_DW01_add_49)
                                       4.12e-04 4.02e-03 6.41e+05 5.07e-03   0.2
    mult_1304 (MAC_27_DW02_mult_0_DW02_mult_7)
                                       4.46e-03 1.20e-02 2.39e+06 1.89e-02   0.7
      FS_1 (MAC_27_DW01_add_1_DW01_add_50)
                                       6.40e-04 1.51e-03 2.78e+05 2.43e-03   0.1
  gen_macs[11].mac (MAC_28)            4.92e-03 1.62e-02 3.03e+06 2.41e-02   0.9
    add_1305 (MAC_28_DW01_add_0_DW01_add_43)
                                       4.11e-04 4.03e-03 6.41e+05 5.08e-03   0.2
    mult_1304 (MAC_28_DW02_mult_0_DW02_mult_4)
                                       4.51e-03 1.22e-02 2.39e+06 1.91e-02   0.7
      FS_1 (MAC_28_DW01_add_1_DW01_add_44)
                                       6.45e-04 1.53e-03 2.78e+05 2.45e-03   0.1
  gen_macs[10].mac (MAC_29)            4.91e-03 1.61e-02 3.03e+06 2.41e-02   0.9
    add_1305 (MAC_29_DW01_add_0_DW01_add_35)
                                       4.12e-04 4.01e-03 6.41e+05 5.06e-03   0.2
    mult_1304 (MAC_29_DW02_mult_0)     4.50e-03 1.21e-02 2.39e+06 1.90e-02   0.7
      FS_1 (MAC_29_DW01_add_1_DW01_add_36)
                                       6.46e-04 1.53e-03 2.78e+05 2.45e-03   0.1
  gen_macs[9].mac (MAC_30)             4.90e-03 1.60e-02 3.03e+06 2.40e-02   0.9
    add_1305 (MAC_30_DW01_add_0_DW01_add_63)
                                       4.11e-04 3.99e-03 6.41e+05 5.05e-03   0.2
    mult_1304 (MAC_30_DW02_mult_0_DW02_mult_14)
                                       4.49e-03 1.21e-02 2.39e+06 1.89e-02   0.7
      FS_1 (MAC_30_DW01_add_1_DW01_add_64)
                                       6.45e-04 1.53e-03 2.78e+05 2.45e-03   0.1
  gen_macs[8].mac (MAC_31)             4.88e-03 1.61e-02 3.03e+06 2.40e-02   0.9
    add_1305 (MAC_31_DW01_add_0_DW01_add_55)
                                       4.10e-04 4.00e-03 6.41e+05 5.05e-03   0.2
    mult_1304 (MAC_31_DW02_mult_0_DW02_mult_10)
                                       4.47e-03 1.21e-02 2.39e+06 1.89e-02   0.7
      FS_1 (MAC_31_DW01_add_1_DW01_add_56)
                                       6.39e-04 1.51e-03 2.78e+05 2.43e-03   0.1
  gen_macs[7].mac (MAC_32)             4.90e-03 1.61e-02 3.03e+06 2.40e-02   0.9
    add_1305 (MAC_32_DW01_add_0_DW01_add_109)
                                       4.16e-04 4.03e-03 6.41e+05 5.09e-03   0.2
    mult_1304 (MAC_32_DW02_mult_0_DW02_mult_37)
                                       4.48e-03 1.21e-02 2.39e+06 1.89e-02   0.7
      FS_1 (MAC_32_DW01_add_1_DW01_add_110)
                                       6.43e-04 1.53e-03 2.78e+05 2.45e-03   0.1
  gen_macs[6].mac (MAC_33)             4.94e-03 1.62e-02 3.03e+06 2.42e-02   0.9
    add_1305 (MAC_33_DW01_add_0_DW01_add_111)
                                       4.16e-04 4.04e-03 6.41e+05 5.10e-03   0.2
    mult_1304 (MAC_33_DW02_mult_0_DW02_mult_38)
                                       4.52e-03 1.22e-02 2.39e+06 1.91e-02   0.7
      FS_1 (MAC_33_DW01_add_1_DW01_add_112)
                                       6.49e-04 1.54e-03 2.78e+05 2.46e-03   0.1
  gen_macs[5].mac (MAC_34)             4.92e-03 1.61e-02 3.03e+06 2.41e-02   0.9
    add_1305 (MAC_34_DW01_add_0_DW01_add_113)
                                       4.16e-04 4.02e-03 6.41e+05 5.08e-03   0.2
    mult_1304 (MAC_34_DW02_mult_0_DW02_mult_39)
                                       4.51e-03 1.21e-02 2.39e+06 1.90e-02   0.7
      FS_1 (MAC_34_DW01_add_1_DW01_add_114)
                                       6.53e-04 1.54e-03 2.78e+05 2.47e-03   0.1
  gen_macs[4].mac (MAC_35)             4.88e-03 1.60e-02 3.03e+06 2.40e-02   0.9
    add_1305 (MAC_35_DW01_add_0_DW01_add_61)
                                       4.16e-04 4.02e-03 6.41e+05 5.08e-03   0.2
    mult_1304 (MAC_35_DW02_mult_0_DW02_mult_13)
                                       4.47e-03 1.20e-02 2.39e+06 1.89e-02   0.7
      FS_1 (MAC_35_DW01_add_1_DW01_add_62)
                                       6.39e-04 1.52e-03 2.78e+05 2.43e-03   0.1
  gen_macs[3].mac (MAC_36)             4.89e-03 1.61e-02 3.03e+06 2.40e-02   0.9
    add_1305 (MAC_36_DW01_add_0_DW01_add_53)
                                       4.11e-04 4.00e-03 6.41e+05 5.06e-03   0.2
    mult_1304 (MAC_36_DW02_mult_0_DW02_mult_9)
                                       4.48e-03 1.21e-02 2.39e+06 1.89e-02   0.7
      FS_1 (MAC_36_DW01_add_1_DW01_add_54)
                                       6.43e-04 1.52e-03 2.78e+05 2.44e-03   0.1
  gen_macs[2].mac (MAC_37)             4.90e-03 1.61e-02 3.03e+06 2.41e-02   0.9
    add_1305 (MAC_37_DW01_add_0_DW01_add_47)
                                       4.15e-04 4.03e-03 6.41e+05 5.09e-03   0.2
    mult_1304 (MAC_37_DW02_mult_0_DW02_mult_6)
                                       4.48e-03 1.21e-02 2.39e+06 1.90e-02   0.7
      FS_1 (MAC_37_DW01_add_1_DW01_add_48)
                                       6.44e-04 1.53e-03 2.78e+05 2.45e-03   0.1
  gen_macs[1].mac (MAC_38)             4.93e-03 1.62e-02 3.03e+06 2.41e-02   0.9
    add_1305 (MAC_38_DW01_add_0_DW01_add_41)
                                       4.14e-04 4.03e-03 6.41e+05 5.08e-03   0.2
    mult_1304 (MAC_38_DW02_mult_0_DW02_mult_3)
                                       4.51e-03 1.22e-02 2.39e+06 1.91e-02   0.7
      FS_1 (MAC_38_DW01_add_1_DW01_add_42)
                                       6.51e-04 1.54e-03 2.78e+05 2.47e-03   0.1
  gen_macs[0].mac (MAC_39)             4.90e-03 1.61e-02 3.03e+06 2.40e-02   0.9
    add_1305 (MAC_39_DW01_add_0_DW01_add_39)
                                       4.17e-04 4.00e-03 6.41e+05 5.06e-03   0.2
    mult_1304 (MAC_39_DW02_mult_0_DW02_mult_2)
                                       4.48e-03 1.21e-02 2.39e+06 1.89e-02   0.7
      FS_1 (MAC_39_DW01_add_1_DW01_add_40)
                                       6.45e-04 1.52e-03 2.78e+05 2.45e-03   0.1
1
