 
****************************************
Report : timing
        -path full
        -delay min
        -max_paths 4
Design : lenet
Version: R-2020.09-SP5
Date   : Sun Apr 19 11:53:42 2026
****************************************

 # A fanout number of 1000 was used for high fanout net computations.

Operating Conditions: slow   Library: slow
Wire Load Model Mode: top

  Startpoint: sram_act_wdata0_reg[8]
              (rising edge-triggered flip-flop clocked by clk)
  Endpoint: sram_act_wdata0_reg[8]
            (rising edge-triggered flip-flop clocked by clk)
  Path Group: clk
  Path Type: min

  Point                                    Incr       Path
  -----------------------------------------------------------
  clock clk (rise edge)                    0.00       0.00
  clock network delay (ideal)              0.00       0.00
  sram_act_wdata0_reg[8]/CK (DFFHQX4)      0.00 #     0.00 r
  sram_act_wdata0_reg[8]/Q (DFFHQX4)       0.16       0.16 r
  U3632/Y (CLKINVX1)                       0.04       0.21 f
  U2115/Y (NAND2X1)                        0.06       0.27 r
  U1987/Y (CLKAND2X3)                      0.13       0.40 r
  sram_act_wdata0_reg[8]/D (DFFHQX4)       0.00       0.40 r
  data arrival time                                   0.40

  clock clk (rise edge)                    0.00       0.00
  clock network delay (ideal)              0.00       0.00
  sram_act_wdata0_reg[8]/CK (DFFHQX4)      0.00       0.00 r
  library hold time                       -0.03      -0.03
  data required time                                 -0.03
  -----------------------------------------------------------
  data required time                                 -0.03
  data arrival time                                  -0.40
  -----------------------------------------------------------
  slack (MET)                                         0.43


  Startpoint: weight_buf_1_reg[16]
              (rising edge-triggered flip-flop clocked by clk)
  Endpoint: weight_buf_2_reg[16]
            (rising edge-triggered flip-flop clocked by clk)
  Path Group: clk
  Path Type: min

  Point                                    Incr       Path
  -----------------------------------------------------------
  clock clk (rise edge)                    0.00       0.00
  clock network delay (ideal)              0.00       0.00
  weight_buf_1_reg[16]/CK (DFFQX1)         0.00 #     0.00 r
  weight_buf_1_reg[16]/Q (DFFQX1)          0.33       0.33 f
  weight_buf_2_reg[16]/D (DFFQX1)          0.00       0.33 f
  data arrival time                                   0.33

  clock clk (rise edge)                    0.00       0.00
  clock network delay (ideal)              0.00       0.00
  weight_buf_2_reg[16]/CK (DFFQX1)         0.00       0.00 r
  library hold time                       -0.10      -0.10
  data required time                                 -0.10
  -----------------------------------------------------------
  data required time                                 -0.10
  data arrival time                                  -0.33
  -----------------------------------------------------------
  slack (MET)                                         0.43


  Startpoint: weight_buf_1_reg[8]
              (rising edge-triggered flip-flop clocked by clk)
  Endpoint: weight_buf_2_reg[8]
            (rising edge-triggered flip-flop clocked by clk)
  Path Group: clk
  Path Type: min

  Point                                    Incr       Path
  -----------------------------------------------------------
  clock clk (rise edge)                    0.00       0.00
  clock network delay (ideal)              0.00       0.00
  weight_buf_1_reg[8]/CK (DFFQX1)          0.00 #     0.00 r
  weight_buf_1_reg[8]/Q (DFFQX1)           0.33       0.33 f
  weight_buf_2_reg[8]/D (DFFQX1)           0.00       0.33 f
  data arrival time                                   0.33

  clock clk (rise edge)                    0.00       0.00
  clock network delay (ideal)              0.00       0.00
  weight_buf_2_reg[8]/CK (DFFQX1)          0.00       0.00 r
  library hold time                       -0.10      -0.10
  data required time                                 -0.10
  -----------------------------------------------------------
  data required time                                 -0.10
  data arrival time                                  -0.33
  -----------------------------------------------------------
  slack (MET)                                         0.43


  Startpoint: weight_buf_1_reg[0]
              (rising edge-triggered flip-flop clocked by clk)
  Endpoint: weight_buf_2_reg[0]
            (rising edge-triggered flip-flop clocked by clk)
  Path Group: clk
  Path Type: min

  Point                                    Incr       Path
  -----------------------------------------------------------
  clock clk (rise edge)                    0.00       0.00
  clock network delay (ideal)              0.00       0.00
  weight_buf_1_reg[0]/CK (DFFQX1)          0.00 #     0.00 r
  weight_buf_1_reg[0]/Q (DFFQX1)           0.33       0.33 f
  weight_buf_2_reg[0]/D (DFFQX1)           0.00       0.33 f
  data arrival time                                   0.33

  clock clk (rise edge)                    0.00       0.00
  clock network delay (ideal)              0.00       0.00
  weight_buf_2_reg[0]/CK (DFFQX1)          0.00       0.00 r
  library hold time                       -0.10      -0.10
  data required time                                 -0.10
  -----------------------------------------------------------
  data required time                                 -0.10
  data arrival time                                  -0.33
  -----------------------------------------------------------
  slack (MET)                                         0.43


1
