 
****************************************
Report : timing
        -path full
        -delay max
        -max_paths 4
Design : lenet
Version: R-2020.09-SP5
Date   : Sun Apr 19 11:53:42 2026
****************************************

 # A fanout number of 1000 was used for high fanout net computations.

Operating Conditions: slow   Library: slow
Wire Load Model Mode: top

  Startpoint: scale_CONV2[6]
              (input port clocked by clk)
  Endpoint: sram_act_wdata0_reg[17]
            (rising edge-triggered flip-flop clocked by clk)
  Path Group: clk
  Path Type: max

  Point                                                   Incr       Path
  --------------------------------------------------------------------------
  clock clk (rise edge)                                   0.00       0.00
  clock network delay (ideal)                             0.00       0.00
  input external delay                                    9.65       9.65 r
  scale_CONV2[6] (in)                                     0.02       9.67 r
  U2138/Y (AOI22X1)                                       0.09       9.76 f
  U3667/Y (OAI2BB1X2)                                     0.11       9.87 r
  U2002/Y (NOR2X2)                                        0.08       9.95 f
  U2001/Y (INVX1)                                         0.23      10.18 r
  mult_1268_G2/B[6] (lenet_DW02_mult_1_DW02_mult_41)      0.00      10.18 r
  mult_1268_G2/U82/Y (AND2X2)                             0.18      10.36 r
  mult_1268_G2/U260/Y (INVXL)                             0.05      10.41 f
  mult_1268_G2/U244/Y (NOR2X1)                            0.23      10.64 r
  mult_1268_G2/S2_2_6/CO (ADDFHX2)                        0.33      10.98 r
  mult_1268_G2/S2_3_6/CO (ADDFHX2)                        0.24      11.22 r
  mult_1268_G2/S2_4_6/CO (ADDFX2)                         0.49      11.70 r
  mult_1268_G2/S2_5_6/S (ADDFHX2)                         0.29      11.99 f
  mult_1268_G2/S2_6_5/CO (ADDFHX1)                        0.27      12.26 f
  mult_1268_G2/S2_7_5/S (ADDFHX1)                         0.36      12.62 f
  mult_1268_G2/U233/Y (NAND2XL)                           0.16      12.78 r
  mult_1268_G2/U221/Y (NAND3X2)                           0.18      12.96 f
  mult_1268_G2/S2_9_4/CO (ADDFHX4)                        0.31      13.27 f
  mult_1268_G2/S2_10_4/CO (ADDFHX4)                       0.27      13.54 f
  mult_1268_G2/S2_11_4/CO (ADDFHX4)                       0.27      13.82 f
  mult_1268_G2/S2_12_4/CO (ADDFHX4)                       0.25      14.07 f
  mult_1268_G2/S2_13_4/CO (ADDFHX2)                       0.29      14.36 f
  mult_1268_G2/S2_14_4/S (ADDFHX2)                        0.30      14.66 f
  mult_1268_G2/S2_15_3/S (ADDFHX4)                        0.25      14.91 r
  mult_1268_G2/U10/Y (XOR3X2)                             0.21      15.11 r
  mult_1268_G2/S4_1/S (ADDFHX1)                           0.32      15.44 r
  mult_1268_G2/U114/Y (INVX3)                             0.05      15.49 f
  mult_1268_G2/U11/Y (XNOR2X2)                            0.16      15.65 r
  mult_1268_G2/FS_1/A[16] (lenet_DW01_add_45_DW01_add_125)
                                                          0.00      15.65 r
  mult_1268_G2/FS_1/U2/Y (NAND2X2)                        0.09      15.74 f
  mult_1268_G2/FS_1/U63/Y (OA21X4)                        0.20      15.94 f
  mult_1268_G2/FS_1/U64/Y (OA21X4)                        0.19      16.13 f
  mult_1268_G2/FS_1/U40/Y (OA21X4)                        0.19      16.33 f
  mult_1268_G2/FS_1/U39/Y (OA21X4)                        0.20      16.52 f
  mult_1268_G2/FS_1/U42/Y (OA21X4)                        0.19      16.71 f
  mult_1268_G2/FS_1/U41/Y (OA21X4)                        0.19      16.91 f
  mult_1268_G2/FS_1/U62/Y (OA21X4)                        0.19      17.10 f
  mult_1268_G2/FS_1/U61/Y (OA21X4)                        0.19      17.30 f
  mult_1268_G2/FS_1/U66/Y (OA21X4)                        0.19      17.49 f
  mult_1268_G2/FS_1/U65/Y (OA21X4)                        0.21      17.71 f
  mult_1268_G2/FS_1/U67/Y (OAI21X4)                       0.12      17.83 r
  mult_1268_G2/FS_1/U12/Y (INVX3)                         0.06      17.88 f
  mult_1268_G2/FS_1/U10/Y (NAND2X4)                       0.06      17.94 r
  mult_1268_G2/FS_1/U11/Y (NAND2X2)                       0.07      18.01 f
  mult_1268_G2/FS_1/SUM[28] (lenet_DW01_add_45_DW01_add_125)
                                                          0.00      18.01 f
  mult_1268_G2/PRODUCT[30] (lenet_DW02_mult_1_DW02_mult_41)
                                                          0.00      18.01 f
  U1983/Y (OR4X8)                                         0.27      18.28 f
  U1982/Y (NOR2X8)                                        0.08      18.36 r
  U2126/Y (NOR2X6)                                        0.08      18.45 f
  U1981/Y (OR2X4)                                         0.18      18.63 f
  U2240/Y (AO22X4)                                        0.22      18.85 f
  U4174/Y (AOI211X1)                                      0.11      18.96 r
  U2244/Y (MXI2XL)                                        0.10      19.07 f
  sram_act_wdata0_reg[17]/D (DFFQXL)                      0.00      19.07 f
  data arrival time                                                 19.07

  clock clk (rise edge)                                  19.30      19.30
  clock network delay (ideal)                             0.00      19.30
  sram_act_wdata0_reg[17]/CK (DFFQXL)                     0.00      19.30 r
  library setup time                                     -0.23      19.07
  data required time                                                19.07
  --------------------------------------------------------------------------
  data required time                                                19.07
  data arrival time                                                -19.07
  --------------------------------------------------------------------------
  slack (MET)                                                        0.00


  Startpoint: scale_CONV2[6]
              (input port clocked by clk)
  Endpoint: sram_act_wdata0_reg[26]
            (rising edge-triggered flip-flop clocked by clk)
  Path Group: clk
  Path Type: max

  Point                                                   Incr       Path
  --------------------------------------------------------------------------
  clock clk (rise edge)                                   0.00       0.00
  clock network delay (ideal)                             0.00       0.00
  input external delay                                    9.65       9.65 r
  scale_CONV2[6] (in)                                     0.02       9.67 r
  U2138/Y (AOI22X1)                                       0.09       9.76 f
  U3667/Y (OAI2BB1X2)                                     0.11       9.87 r
  U2002/Y (NOR2X2)                                        0.08       9.95 f
  U2001/Y (INVX1)                                         0.23      10.18 r
  mult_1268_G2/B[6] (lenet_DW02_mult_1_DW02_mult_41)      0.00      10.18 r
  mult_1268_G2/U82/Y (AND2X2)                             0.18      10.36 r
  mult_1268_G2/U260/Y (INVXL)                             0.05      10.41 f
  mult_1268_G2/U244/Y (NOR2X1)                            0.23      10.64 r
  mult_1268_G2/S2_2_6/CO (ADDFHX2)                        0.33      10.98 r
  mult_1268_G2/S2_3_6/CO (ADDFHX2)                        0.24      11.22 r
  mult_1268_G2/S2_4_6/CO (ADDFX2)                         0.49      11.70 r
  mult_1268_G2/S2_5_6/S (ADDFHX2)                         0.29      11.99 f
  mult_1268_G2/S2_6_5/CO (ADDFHX1)                        0.27      12.26 f
  mult_1268_G2/S2_7_5/S (ADDFHX1)                         0.36      12.62 f
  mult_1268_G2/U233/Y (NAND2XL)                           0.16      12.78 r
  mult_1268_G2/U221/Y (NAND3X2)                           0.18      12.96 f
  mult_1268_G2/S2_9_4/CO (ADDFHX4)                        0.31      13.27 f
  mult_1268_G2/S2_10_4/CO (ADDFHX4)                       0.27      13.54 f
  mult_1268_G2/S2_11_4/CO (ADDFHX4)                       0.27      13.82 f
  mult_1268_G2/S2_12_4/CO (ADDFHX4)                       0.25      14.07 f
  mult_1268_G2/S2_13_4/CO (ADDFHX2)                       0.29      14.36 f
  mult_1268_G2/S2_14_4/S (ADDFHX2)                        0.30      14.66 f
  mult_1268_G2/S2_15_3/S (ADDFHX4)                        0.25      14.91 r
  mult_1268_G2/U10/Y (XOR3X2)                             0.21      15.11 r
  mult_1268_G2/S4_1/S (ADDFHX1)                           0.32      15.44 r
  mult_1268_G2/U114/Y (INVX3)                             0.05      15.49 f
  mult_1268_G2/U11/Y (XNOR2X2)                            0.16      15.65 r
  mult_1268_G2/FS_1/A[16] (lenet_DW01_add_45_DW01_add_125)
                                                          0.00      15.65 r
  mult_1268_G2/FS_1/U2/Y (NAND2X2)                        0.09      15.74 f
  mult_1268_G2/FS_1/U63/Y (OA21X4)                        0.20      15.94 f
  mult_1268_G2/FS_1/U64/Y (OA21X4)                        0.19      16.13 f
  mult_1268_G2/FS_1/U40/Y (OA21X4)                        0.19      16.33 f
  mult_1268_G2/FS_1/U39/Y (OA21X4)                        0.20      16.52 f
  mult_1268_G2/FS_1/U42/Y (OA21X4)                        0.19      16.71 f
  mult_1268_G2/FS_1/U41/Y (OA21X4)                        0.19      16.91 f
  mult_1268_G2/FS_1/U62/Y (OA21X4)                        0.19      17.10 f
  mult_1268_G2/FS_1/U61/Y (OA21X4)                        0.19      17.30 f
  mult_1268_G2/FS_1/U66/Y (OA21X4)                        0.19      17.49 f
  mult_1268_G2/FS_1/U65/Y (OA21X4)                        0.21      17.71 f
  mult_1268_G2/FS_1/U67/Y (OAI21X4)                       0.12      17.83 r
  mult_1268_G2/FS_1/U12/Y (INVX3)                         0.06      17.88 f
  mult_1268_G2/FS_1/U10/Y (NAND2X4)                       0.06      17.94 r
  mult_1268_G2/FS_1/U11/Y (NAND2X2)                       0.07      18.01 f
  mult_1268_G2/FS_1/SUM[28] (lenet_DW01_add_45_DW01_add_125)
                                                          0.00      18.01 f
  mult_1268_G2/PRODUCT[30] (lenet_DW02_mult_1_DW02_mult_41)
                                                          0.00      18.01 f
  U1983/Y (OR4X8)                                         0.27      18.28 f
  U1982/Y (NOR2X8)                                        0.08      18.36 r
  U2126/Y (NOR2X6)                                        0.08      18.45 f
  U2125/Y (OR2X4)                                         0.19      18.63 f
  U2203/Y (AOI221X2)                                      0.21      18.84 r
  U2186/Y (CLKMX2X2)                                      0.19      19.03 r
  U4144/Y (OAI2BB1X1)                                     0.05      19.08 f
  sram_act_wdata0_reg[26]/D (DFFQXL)                      0.00      19.08 f
  data arrival time                                                 19.08

  clock clk (rise edge)                                  19.30      19.30
  clock network delay (ideal)                             0.00      19.30
  sram_act_wdata0_reg[26]/CK (DFFQXL)                     0.00      19.30 r
  library setup time                                     -0.22      19.08
  data required time                                                19.08
  --------------------------------------------------------------------------
  data required time                                                19.08
  data arrival time                                                -19.08
  --------------------------------------------------------------------------
  slack (MET)                                                        0.01


  Startpoint: scale_CONV2[6]
              (input port clocked by clk)
  Endpoint: sram_act_wdata0_reg[22]
            (rising edge-triggered flip-flop clocked by clk)
  Path Group: clk
  Path Type: max

  Point                                                   Incr       Path
  --------------------------------------------------------------------------
  clock clk (rise edge)                                   0.00       0.00
  clock network delay (ideal)                             0.00       0.00
  input external delay                                    9.65       9.65 r
  scale_CONV2[6] (in)                                     0.02       9.67 r
  U2138/Y (AOI22X1)                                       0.09       9.76 f
  U3667/Y (OAI2BB1X2)                                     0.11       9.87 r
  U2002/Y (NOR2X2)                                        0.08       9.95 f
  U2001/Y (INVX1)                                         0.23      10.18 r
  mult_1268_G2/B[6] (lenet_DW02_mult_1_DW02_mult_41)      0.00      10.18 r
  mult_1268_G2/U82/Y (AND2X2)                             0.18      10.36 r
  mult_1268_G2/U260/Y (INVXL)                             0.05      10.41 f
  mult_1268_G2/U244/Y (NOR2X1)                            0.23      10.64 r
  mult_1268_G2/S2_2_6/CO (ADDFHX2)                        0.33      10.98 r
  mult_1268_G2/S2_3_6/CO (ADDFHX2)                        0.24      11.22 r
  mult_1268_G2/S2_4_6/CO (ADDFX2)                         0.49      11.70 r
  mult_1268_G2/S2_5_6/S (ADDFHX2)                         0.29      11.99 f
  mult_1268_G2/S2_6_5/CO (ADDFHX1)                        0.27      12.26 f
  mult_1268_G2/S2_7_5/S (ADDFHX1)                         0.36      12.62 f
  mult_1268_G2/U233/Y (NAND2XL)                           0.16      12.78 r
  mult_1268_G2/U221/Y (NAND3X2)                           0.18      12.96 f
  mult_1268_G2/S2_9_4/CO (ADDFHX4)                        0.31      13.27 f
  mult_1268_G2/S2_10_4/CO (ADDFHX4)                       0.27      13.54 f
  mult_1268_G2/S2_11_4/CO (ADDFHX4)                       0.27      13.82 f
  mult_1268_G2/S2_12_4/CO (ADDFHX4)                       0.25      14.07 f
  mult_1268_G2/S2_13_4/CO (ADDFHX2)                       0.29      14.36 f
  mult_1268_G2/S2_14_4/S (ADDFHX2)                        0.30      14.66 f
  mult_1268_G2/S2_15_3/S (ADDFHX4)                        0.25      14.91 r
  mult_1268_G2/U10/Y (XOR3X2)                             0.21      15.11 r
  mult_1268_G2/S4_1/S (ADDFHX1)                           0.32      15.44 r
  mult_1268_G2/U114/Y (INVX3)                             0.05      15.49 f
  mult_1268_G2/U11/Y (XNOR2X2)                            0.16      15.65 r
  mult_1268_G2/FS_1/A[16] (lenet_DW01_add_45_DW01_add_125)
                                                          0.00      15.65 r
  mult_1268_G2/FS_1/U2/Y (NAND2X2)                        0.09      15.74 f
  mult_1268_G2/FS_1/U63/Y (OA21X4)                        0.20      15.94 f
  mult_1268_G2/FS_1/U64/Y (OA21X4)                        0.19      16.13 f
  mult_1268_G2/FS_1/U40/Y (OA21X4)                        0.19      16.33 f
  mult_1268_G2/FS_1/U39/Y (OA21X4)                        0.20      16.52 f
  mult_1268_G2/FS_1/U42/Y (OA21X4)                        0.19      16.71 f
  mult_1268_G2/FS_1/U41/Y (OA21X4)                        0.19      16.91 f
  mult_1268_G2/FS_1/U62/Y (OA21X4)                        0.19      17.10 f
  mult_1268_G2/FS_1/U61/Y (OA21X4)                        0.19      17.30 f
  mult_1268_G2/FS_1/U66/Y (OA21X4)                        0.19      17.49 f
  mult_1268_G2/FS_1/U65/Y (OA21X4)                        0.21      17.71 f
  mult_1268_G2/FS_1/U67/Y (OAI21X4)                       0.12      17.83 r
  mult_1268_G2/FS_1/U12/Y (INVX3)                         0.06      17.88 f
  mult_1268_G2/FS_1/U10/Y (NAND2X4)                       0.06      17.94 r
  mult_1268_G2/FS_1/U11/Y (NAND2X2)                       0.07      18.01 f
  mult_1268_G2/FS_1/SUM[28] (lenet_DW01_add_45_DW01_add_125)
                                                          0.00      18.01 f
  mult_1268_G2/PRODUCT[30] (lenet_DW02_mult_1_DW02_mult_41)
                                                          0.00      18.01 f
  U1983/Y (OR4X8)                                         0.27      18.28 f
  U1982/Y (NOR2X8)                                        0.08      18.36 r
  U2126/Y (NOR2X6)                                        0.08      18.45 f
  U2223/Y (OR2X4)                                         0.19      18.64 f
  U2255/Y (AO22X4)                                        0.23      18.87 f
  U2016/Y (AOI211X2)                                      0.10      18.97 r
  U2015/Y (MXI2X1)                                        0.09      19.06 f
  sram_act_wdata0_reg[22]/D (DFFQXL)                      0.00      19.06 f
  data arrival time                                                 19.06

  clock clk (rise edge)                                  19.30      19.30
  clock network delay (ideal)                             0.00      19.30
  sram_act_wdata0_reg[22]/CK (DFFQXL)                     0.00      19.30 r
  library setup time                                     -0.23      19.07
  data required time                                                19.07
  --------------------------------------------------------------------------
  data required time                                                19.07
  data arrival time                                                -19.06
  --------------------------------------------------------------------------
  slack (MET)                                                        0.01


  Startpoint: scale_CONV2[6]
              (input port clocked by clk)
  Endpoint: sram_act_wdata0_reg[19]
            (rising edge-triggered flip-flop clocked by clk)
  Path Group: clk
  Path Type: max

  Point                                                   Incr       Path
  --------------------------------------------------------------------------
  clock clk (rise edge)                                   0.00       0.00
  clock network delay (ideal)                             0.00       0.00
  input external delay                                    9.65       9.65 r
  scale_CONV2[6] (in)                                     0.02       9.67 r
  U2138/Y (AOI22X1)                                       0.09       9.76 f
  U3667/Y (OAI2BB1X2)                                     0.11       9.87 r
  U2002/Y (NOR2X2)                                        0.08       9.95 f
  U2001/Y (INVX1)                                         0.23      10.18 r
  mult_1268_G2/B[6] (lenet_DW02_mult_1_DW02_mult_41)      0.00      10.18 r
  mult_1268_G2/U82/Y (AND2X2)                             0.18      10.36 r
  mult_1268_G2/U260/Y (INVXL)                             0.05      10.41 f
  mult_1268_G2/U244/Y (NOR2X1)                            0.23      10.64 r
  mult_1268_G2/S2_2_6/CO (ADDFHX2)                        0.33      10.98 r
  mult_1268_G2/S2_3_6/CO (ADDFHX2)                        0.24      11.22 r
  mult_1268_G2/S2_4_6/CO (ADDFX2)                         0.49      11.70 r
  mult_1268_G2/S2_5_6/S (ADDFHX2)                         0.29      11.99 f
  mult_1268_G2/S2_6_5/CO (ADDFHX1)                        0.27      12.26 f
  mult_1268_G2/S2_7_5/S (ADDFHX1)                         0.36      12.62 f
  mult_1268_G2/U233/Y (NAND2XL)                           0.16      12.78 r
  mult_1268_G2/U221/Y (NAND3X2)                           0.18      12.96 f
  mult_1268_G2/S2_9_4/CO (ADDFHX4)                        0.31      13.27 f
  mult_1268_G2/S2_10_4/CO (ADDFHX4)                       0.27      13.54 f
  mult_1268_G2/S2_11_4/CO (ADDFHX4)                       0.27      13.82 f
  mult_1268_G2/S2_12_4/CO (ADDFHX4)                       0.25      14.07 f
  mult_1268_G2/S2_13_4/CO (ADDFHX2)                       0.29      14.36 f
  mult_1268_G2/S2_14_4/S (ADDFHX2)                        0.30      14.66 f
  mult_1268_G2/S2_15_3/S (ADDFHX4)                        0.25      14.91 r
  mult_1268_G2/U10/Y (XOR3X2)                             0.21      15.11 r
  mult_1268_G2/S4_1/S (ADDFHX1)                           0.32      15.44 r
  mult_1268_G2/U114/Y (INVX3)                             0.05      15.49 f
  mult_1268_G2/U11/Y (XNOR2X2)                            0.16      15.65 r
  mult_1268_G2/FS_1/A[16] (lenet_DW01_add_45_DW01_add_125)
                                                          0.00      15.65 r
  mult_1268_G2/FS_1/U2/Y (NAND2X2)                        0.09      15.74 f
  mult_1268_G2/FS_1/U63/Y (OA21X4)                        0.20      15.94 f
  mult_1268_G2/FS_1/U64/Y (OA21X4)                        0.19      16.13 f
  mult_1268_G2/FS_1/U40/Y (OA21X4)                        0.19      16.33 f
  mult_1268_G2/FS_1/U39/Y (OA21X4)                        0.20      16.52 f
  mult_1268_G2/FS_1/U42/Y (OA21X4)                        0.19      16.71 f
  mult_1268_G2/FS_1/U41/Y (OA21X4)                        0.19      16.91 f
  mult_1268_G2/FS_1/U62/Y (OA21X4)                        0.19      17.10 f
  mult_1268_G2/FS_1/U61/Y (OA21X4)                        0.19      17.30 f
  mult_1268_G2/FS_1/U66/Y (OA21X4)                        0.19      17.49 f
  mult_1268_G2/FS_1/U65/Y (OA21X4)                        0.21      17.71 f
  mult_1268_G2/FS_1/U67/Y (OAI21X4)                       0.12      17.83 r
  mult_1268_G2/FS_1/U12/Y (INVX3)                         0.06      17.88 f
  mult_1268_G2/FS_1/U10/Y (NAND2X4)                       0.06      17.94 r
  mult_1268_G2/FS_1/U11/Y (NAND2X2)                       0.07      18.01 f
  mult_1268_G2/FS_1/SUM[28] (lenet_DW01_add_45_DW01_add_125)
                                                          0.00      18.01 f
  mult_1268_G2/PRODUCT[30] (lenet_DW02_mult_1_DW02_mult_41)
                                                          0.00      18.01 f
  U1983/Y (OR4X8)                                         0.27      18.28 f
  U1982/Y (NOR2X8)                                        0.08      18.36 r
  U2126/Y (NOR2X6)                                        0.08      18.45 f
  U2207/Y (OR2X4)                                         0.19      18.64 f
  U2256/Y (AO22X4)                                        0.23      18.87 f
  U2111/Y (AOI211X2)                                      0.10      18.97 r
  U2226/Y (MXI2X1)                                        0.09      19.06 f
  sram_act_wdata0_reg[19]/D (DFFQXL)                      0.00      19.06 f
  data arrival time                                                 19.06

  clock clk (rise edge)                                  19.30      19.30
  clock network delay (ideal)                             0.00      19.30
  sram_act_wdata0_reg[19]/CK (DFFQXL)                     0.00      19.30 r
  library setup time                                     -0.23      19.07
  data required time                                                19.07
  --------------------------------------------------------------------------
  data required time                                                19.07
  data arrival time                                                -19.06
  --------------------------------------------------------------------------
  slack (MET)                                                        0.01


1
