 
****************************************
check_design summary:
Version:     R-2020.09-SP5
Date:        Sun Apr 19 11:51:53 2026
****************************************

                   Name                                            Total
--------------------------------------------------------------------------------
Inputs/Outputs                                                     64
    Unconnected ports (LINT-28)                                    64

Cells                                                              72
    Cells do not drive (LINT-1)                                    72
--------------------------------------------------------------------------------

Warning: In design 'lenet', cell 'C25374' does not drive any nets. (LINT-1)
Warning: In design 'lenet', cell 'B_751' does not drive any nets. (LINT-1)
Warning: In design 'lenet', cell 'B_752' does not drive any nets. (LINT-1)
Warning: In design 'lenet', cell 'C25809' does not drive any nets. (LINT-1)
Warning: In design 'lenet', cell 'C25810' does not drive any nets. (LINT-1)
Warning: In design 'lenet', cell 'C25819' does not drive any nets. (LINT-1)
Warning: In design 'lenet', cell 'C25845' does not drive any nets. (LINT-1)
Warning: In design 'lenet', cell 'C25849' does not drive any nets. (LINT-1)
Warning: In design 'lenet', cell 'C25856' does not drive any nets. (LINT-1)
Warning: In design 'lenet', cell 'C25859' does not drive any nets. (LINT-1)
Warning: In design 'lenet', cell 'C25904' does not drive any nets. (LINT-1)
Warning: In design 'lenet', cell 'C25905' does not drive any nets. (LINT-1)
Warning: In design 'lenet', cell 'C25906' does not drive any nets. (LINT-1)
Warning: In design 'lenet', cell 'C25979' does not drive any nets. (LINT-1)
Warning: In design 'lenet', cell 'C25980' does not drive any nets. (LINT-1)
Warning: In design 'lenet', cell 'C25989' does not drive any nets. (LINT-1)
Warning: In design 'lenet', cell 'C26015' does not drive any nets. (LINT-1)
Warning: In design 'lenet', cell 'C26019' does not drive any nets. (LINT-1)
Warning: In design 'lenet', cell 'C26026' does not drive any nets. (LINT-1)
Warning: In design 'lenet', cell 'C26029' does not drive any nets. (LINT-1)
Warning: In design 'lenet', cell 'C26074' does not drive any nets. (LINT-1)
Warning: In design 'lenet', cell 'C26126' does not drive any nets. (LINT-1)
Warning: In design 'lenet', cell 'C26229' does not drive any nets. (LINT-1)
Warning: In design 'lenet', cell 'C26230' does not drive any nets. (LINT-1)
Warning: In design 'lenet', cell 'C26235' does not drive any nets. (LINT-1)
Warning: In design 'lenet', cell 'C26236' does not drive any nets. (LINT-1)
Warning: In design 'lenet', cell 'C26275' does not drive any nets. (LINT-1)
Warning: In design 'lenet', cell 'C26276' does not drive any nets. (LINT-1)
Warning: In design 'lenet', cell 'C26280' does not drive any nets. (LINT-1)
Warning: In design 'lenet', cell 'C26281' does not drive any nets. (LINT-1)
Warning: In design 'lenet', cell 'C26288' does not drive any nets. (LINT-1)
Warning: In design 'lenet', cell 'C26297' does not drive any nets. (LINT-1)
Warning: In design 'lenet', cell 'C26305' does not drive any nets. (LINT-1)
Warning: In design 'lenet', cell 'C26313' does not drive any nets. (LINT-1)
Warning: In design 'lenet', cell 'C26319' does not drive any nets. (LINT-1)
Warning: In design 'lenet', cell 'C26326' does not drive any nets. (LINT-1)
Warning: In design 'lenet', cell 'C26362' does not drive any nets. (LINT-1)
Warning: In design 'lenet', cell 'C26366' does not drive any nets. (LINT-1)
Warning: In design 'lenet', cell 'C26367' does not drive any nets. (LINT-1)
Warning: In design 'lenet', cell 'C26372' does not drive any nets. (LINT-1)
Warning: In design 'lenet', cell 'C26373' does not drive any nets. (LINT-1)
Warning: In design 'lenet', cell 'C26374' does not drive any nets. (LINT-1)
Warning: In design 'lenet', cell 'C26537' does not drive any nets. (LINT-1)
Warning: In design 'lenet', cell 'C26572' does not drive any nets. (LINT-1)
Warning: In design 'lenet', cell 'C26577' does not drive any nets. (LINT-1)
Warning: In design 'lenet', cell 'C26581' does not drive any nets. (LINT-1)
Warning: In design 'lenet', cell 'C26585' does not drive any nets. (LINT-1)
Warning: In design 'lenet', cell 'C26589' does not drive any nets. (LINT-1)
Warning: In design 'lenet', cell 'C26688' does not drive any nets. (LINT-1)
Warning: In design 'lenet', cell 'C26694' does not drive any nets. (LINT-1)
Warning: In design 'lenet', cell 'C26700' does not drive any nets. (LINT-1)
Warning: In design 'lenet', cell 'C26799' does not drive any nets. (LINT-1)
Warning: In design 'lenet', cell 'C26805' does not drive any nets. (LINT-1)
Warning: In design 'lenet', cell 'C26811' does not drive any nets. (LINT-1)
Warning: In design 'lenet', cell 'C26909' does not drive any nets. (LINT-1)
Warning: In design 'lenet', cell 'C26915' does not drive any nets. (LINT-1)
Warning: In design 'lenet', cell 'C26921' does not drive any nets. (LINT-1)
Warning: In design 'lenet', cell 'C27020' does not drive any nets. (LINT-1)
Warning: In design 'lenet', cell 'C27026' does not drive any nets. (LINT-1)
Warning: In design 'lenet', cell 'C27032' does not drive any nets. (LINT-1)
Warning: In design 'lenet', cell 'C27130' does not drive any nets. (LINT-1)
Warning: In design 'lenet', cell 'C27136' does not drive any nets. (LINT-1)
Warning: In design 'lenet', cell 'C27142' does not drive any nets. (LINT-1)
Warning: In design 'lenet', cell 'C27241' does not drive any nets. (LINT-1)
Warning: In design 'lenet', cell 'C27247' does not drive any nets. (LINT-1)
Warning: In design 'lenet', cell 'C27253' does not drive any nets. (LINT-1)
Warning: In design 'lenet', cell 'C27351' does not drive any nets. (LINT-1)
Warning: In design 'lenet', cell 'C27357' does not drive any nets. (LINT-1)
Warning: In design 'lenet', cell 'C27363' does not drive any nets. (LINT-1)
Warning: In design 'lenet', cell 'C27462' does not drive any nets. (LINT-1)
Warning: In design 'lenet', cell 'C27468' does not drive any nets. (LINT-1)
Warning: In design 'lenet', cell 'C27474' does not drive any nets. (LINT-1)
Warning: In design 'lenet', port 'sram_weight_wdata0[31]' is not connected to any nets. (LINT-28)
Warning: In design 'lenet', port 'sram_weight_wdata0[30]' is not connected to any nets. (LINT-28)
Warning: In design 'lenet', port 'sram_weight_wdata0[29]' is not connected to any nets. (LINT-28)
Warning: In design 'lenet', port 'sram_weight_wdata0[28]' is not connected to any nets. (LINT-28)
Warning: In design 'lenet', port 'sram_weight_wdata0[27]' is not connected to any nets. (LINT-28)
Warning: In design 'lenet', port 'sram_weight_wdata0[26]' is not connected to any nets. (LINT-28)
Warning: In design 'lenet', port 'sram_weight_wdata0[25]' is not connected to any nets. (LINT-28)
Warning: In design 'lenet', port 'sram_weight_wdata0[24]' is not connected to any nets. (LINT-28)
Warning: In design 'lenet', port 'sram_weight_wdata0[23]' is not connected to any nets. (LINT-28)
Warning: In design 'lenet', port 'sram_weight_wdata0[22]' is not connected to any nets. (LINT-28)
Warning: In design 'lenet', port 'sram_weight_wdata0[21]' is not connected to any nets. (LINT-28)
Warning: In design 'lenet', port 'sram_weight_wdata0[20]' is not connected to any nets. (LINT-28)
Warning: In design 'lenet', port 'sram_weight_wdata0[19]' is not connected to any nets. (LINT-28)
Warning: In design 'lenet', port 'sram_weight_wdata0[18]' is not connected to any nets. (LINT-28)
Warning: In design 'lenet', port 'sram_weight_wdata0[17]' is not connected to any nets. (LINT-28)
Warning: In design 'lenet', port 'sram_weight_wdata0[16]' is not connected to any nets. (LINT-28)
Warning: In design 'lenet', port 'sram_weight_wdata0[15]' is not connected to any nets. (LINT-28)
Warning: In design 'lenet', port 'sram_weight_wdata0[14]' is not connected to any nets. (LINT-28)
Warning: In design 'lenet', port 'sram_weight_wdata0[13]' is not connected to any nets. (LINT-28)
Warning: In design 'lenet', port 'sram_weight_wdata0[12]' is not connected to any nets. (LINT-28)
Warning: In design 'lenet', port 'sram_weight_wdata0[11]' is not connected to any nets. (LINT-28)
Warning: In design 'lenet', port 'sram_weight_wdata0[10]' is not connected to any nets. (LINT-28)
Warning: In design 'lenet', port 'sram_weight_wdata0[9]' is not connected to any nets. (LINT-28)
Warning: In design 'lenet', port 'sram_weight_wdata0[8]' is not connected to any nets. (LINT-28)
Warning: In design 'lenet', port 'sram_weight_wdata0[7]' is not connected to any nets. (LINT-28)
Warning: In design 'lenet', port 'sram_weight_wdata0[6]' is not connected to any nets. (LINT-28)
Warning: In design 'lenet', port 'sram_weight_wdata0[5]' is not connected to any nets. (LINT-28)
Warning: In design 'lenet', port 'sram_weight_wdata0[4]' is not connected to any nets. (LINT-28)
Warning: In design 'lenet', port 'sram_weight_wdata0[3]' is not connected to any nets. (LINT-28)
Warning: In design 'lenet', port 'sram_weight_wdata0[2]' is not connected to any nets. (LINT-28)
Warning: In design 'lenet', port 'sram_weight_wdata0[1]' is not connected to any nets. (LINT-28)
Warning: In design 'lenet', port 'sram_weight_wdata0[0]' is not connected to any nets. (LINT-28)
Warning: In design 'lenet', port 'sram_weight_wdata1[31]' is not connected to any nets. (LINT-28)
Warning: In design 'lenet', port 'sram_weight_wdata1[30]' is not connected to any nets. (LINT-28)
Warning: In design 'lenet', port 'sram_weight_wdata1[29]' is not connected to any nets. (LINT-28)
Warning: In design 'lenet', port 'sram_weight_wdata1[28]' is not connected to any nets. (LINT-28)
Warning: In design 'lenet', port 'sram_weight_wdata1[27]' is not connected to any nets. (LINT-28)
Warning: In design 'lenet', port 'sram_weight_wdata1[26]' is not connected to any nets. (LINT-28)
Warning: In design 'lenet', port 'sram_weight_wdata1[25]' is not connected to any nets. (LINT-28)
Warning: In design 'lenet', port 'sram_weight_wdata1[24]' is not connected to any nets. (LINT-28)
Warning: In design 'lenet', port 'sram_weight_wdata1[23]' is not connected to any nets. (LINT-28)
Warning: In design 'lenet', port 'sram_weight_wdata1[22]' is not connected to any nets. (LINT-28)
Warning: In design 'lenet', port 'sram_weight_wdata1[21]' is not connected to any nets. (LINT-28)
Warning: In design 'lenet', port 'sram_weight_wdata1[20]' is not connected to any nets. (LINT-28)
Warning: In design 'lenet', port 'sram_weight_wdata1[19]' is not connected to any nets. (LINT-28)
Warning: In design 'lenet', port 'sram_weight_wdata1[18]' is not connected to any nets. (LINT-28)
Warning: In design 'lenet', port 'sram_weight_wdata1[17]' is not connected to any nets. (LINT-28)
Warning: In design 'lenet', port 'sram_weight_wdata1[16]' is not connected to any nets. (LINT-28)
Warning: In design 'lenet', port 'sram_weight_wdata1[15]' is not connected to any nets. (LINT-28)
Warning: In design 'lenet', port 'sram_weight_wdata1[14]' is not connected to any nets. (LINT-28)
Warning: In design 'lenet', port 'sram_weight_wdata1[13]' is not connected to any nets. (LINT-28)
Warning: In design 'lenet', port 'sram_weight_wdata1[12]' is not connected to any nets. (LINT-28)
Warning: In design 'lenet', port 'sram_weight_wdata1[11]' is not connected to any nets. (LINT-28)
Warning: In design 'lenet', port 'sram_weight_wdata1[10]' is not connected to any nets. (LINT-28)
Warning: In design 'lenet', port 'sram_weight_wdata1[9]' is not connected to any nets. (LINT-28)
Warning: In design 'lenet', port 'sram_weight_wdata1[8]' is not connected to any nets. (LINT-28)
Warning: In design 'lenet', port 'sram_weight_wdata1[7]' is not connected to any nets. (LINT-28)
Warning: In design 'lenet', port 'sram_weight_wdata1[6]' is not connected to any nets. (LINT-28)
Warning: In design 'lenet', port 'sram_weight_wdata1[5]' is not connected to any nets. (LINT-28)
Warning: In design 'lenet', port 'sram_weight_wdata1[4]' is not connected to any nets. (LINT-28)
Warning: In design 'lenet', port 'sram_weight_wdata1[3]' is not connected to any nets. (LINT-28)
Warning: In design 'lenet', port 'sram_weight_wdata1[2]' is not connected to any nets. (LINT-28)
Warning: In design 'lenet', port 'sram_weight_wdata1[1]' is not connected to any nets. (LINT-28)
Warning: In design 'lenet', port 'sram_weight_wdata1[0]' is not connected to any nets. (LINT-28)
1
