 
****************************************
check_design summary:
Version:     R-2020.09-SP5
Date:        Wed Apr 29 12:20:41 2026
****************************************

                   Name                                            Total
--------------------------------------------------------------------------------
Inputs/Outputs                                                    154
    Unconnected ports (LINT-28)                                   154

Cells                                                              51
    Cells do not drive (LINT-1)                                    51

Nets                                                               16
    Unloaded nets (LINT-2)                                         16
--------------------------------------------------------------------------------

Warning: In design 'lenet', cell 'C11250' does not drive any nets. (LINT-1)
Warning: In design 'lenet', cell 'B_414' does not drive any nets. (LINT-1)
Warning: In design 'lenet', cell 'B_415' does not drive any nets. (LINT-1)
Warning: In design 'lenet', cell 'C11683' does not drive any nets. (LINT-1)
Warning: In design 'lenet', cell 'C11684' does not drive any nets. (LINT-1)
Warning: In design 'lenet', cell 'C11693' does not drive any nets. (LINT-1)
Warning: In design 'lenet', cell 'C11719' does not drive any nets. (LINT-1)
Warning: In design 'lenet', cell 'C11723' does not drive any nets. (LINT-1)
Warning: In design 'lenet', cell 'C11730' does not drive any nets. (LINT-1)
Warning: In design 'lenet', cell 'C11733' does not drive any nets. (LINT-1)
Warning: In design 'lenet', cell 'C11778' does not drive any nets. (LINT-1)
Warning: In design 'lenet', cell 'C11779' does not drive any nets. (LINT-1)
Warning: In design 'lenet', cell 'C11780' does not drive any nets. (LINT-1)
Warning: In design 'lenet', cell 'C11851' does not drive any nets. (LINT-1)
Warning: In design 'lenet', cell 'C11852' does not drive any nets. (LINT-1)
Warning: In design 'lenet', cell 'C11861' does not drive any nets. (LINT-1)
Warning: In design 'lenet', cell 'C11887' does not drive any nets. (LINT-1)
Warning: In design 'lenet', cell 'C11891' does not drive any nets. (LINT-1)
Warning: In design 'lenet', cell 'C11898' does not drive any nets. (LINT-1)
Warning: In design 'lenet', cell 'C11901' does not drive any nets. (LINT-1)
Warning: In design 'lenet', cell 'C11946' does not drive any nets. (LINT-1)
Warning: In design 'lenet', cell 'C11998' does not drive any nets. (LINT-1)
Warning: In design 'lenet', cell 'C12101' does not drive any nets. (LINT-1)
Warning: In design 'lenet', cell 'C12102' does not drive any nets. (LINT-1)
Warning: In design 'lenet', cell 'C12107' does not drive any nets. (LINT-1)
Warning: In design 'lenet', cell 'C12108' does not drive any nets. (LINT-1)
Warning: In design 'lenet', cell 'C12147' does not drive any nets. (LINT-1)
Warning: In design 'lenet', cell 'C12148' does not drive any nets. (LINT-1)
Warning: In design 'lenet', cell 'C12152' does not drive any nets. (LINT-1)
Warning: In design 'lenet', cell 'C12153' does not drive any nets. (LINT-1)
Warning: In design 'lenet', cell 'C12160' does not drive any nets. (LINT-1)
Warning: In design 'lenet', cell 'C12169' does not drive any nets. (LINT-1)
Warning: In design 'lenet', cell 'C12177' does not drive any nets. (LINT-1)
Warning: In design 'lenet', cell 'C12185' does not drive any nets. (LINT-1)
Warning: In design 'lenet', cell 'C12191' does not drive any nets. (LINT-1)
Warning: In design 'lenet', cell 'C12198' does not drive any nets. (LINT-1)
Warning: In design 'lenet', cell 'C12232' does not drive any nets. (LINT-1)
Warning: In design 'lenet', cell 'C12236' does not drive any nets. (LINT-1)
Warning: In design 'lenet', cell 'C12237' does not drive any nets. (LINT-1)
Warning: In design 'lenet', cell 'C12242' does not drive any nets. (LINT-1)
Warning: In design 'lenet', cell 'C12243' does not drive any nets. (LINT-1)
Warning: In design 'lenet', cell 'C12244' does not drive any nets. (LINT-1)
Warning: In design 'lenet', cell 'C12407' does not drive any nets. (LINT-1)
Warning: In design 'lenet', cell 'C12441' does not drive any nets. (LINT-1)
Warning: In design 'lenet', cell 'C12446' does not drive any nets. (LINT-1)
Warning: In design 'lenet', cell 'C12450' does not drive any nets. (LINT-1)
Warning: In design 'lenet', cell 'C12454' does not drive any nets. (LINT-1)
Warning: In design 'lenet', cell 'C12458' does not drive any nets. (LINT-1)
Warning: In design 'lenet', cell 'C12557' does not drive any nets. (LINT-1)
Warning: In design 'lenet', cell 'C12563' does not drive any nets. (LINT-1)
Warning: In design 'lenet', cell 'C12569' does not drive any nets. (LINT-1)
Warning: In design 'lenet', net 'mo[0]' driven by pin 'mul32/Out[0]' has no loads. (LINT-2)
Warning: In design 'lenet', net 'mo[1]' driven by pin 'mul32/Out[1]' has no loads. (LINT-2)
Warning: In design 'lenet', net 'mo[2]' driven by pin 'mul32/Out[2]' has no loads. (LINT-2)
Warning: In design 'lenet', net 'mo[3]' driven by pin 'mul32/Out[3]' has no loads. (LINT-2)
Warning: In design 'lenet', net 'mo[4]' driven by pin 'mul32/Out[4]' has no loads. (LINT-2)
Warning: In design 'lenet', net 'mo[5]' driven by pin 'mul32/Out[5]' has no loads. (LINT-2)
Warning: In design 'lenet', net 'mo[6]' driven by pin 'mul32/Out[6]' has no loads. (LINT-2)
Warning: In design 'lenet', net 'mo[7]' driven by pin 'mul32/Out[7]' has no loads. (LINT-2)
Warning: In design 'lenet', net 'mo[8]' driven by pin 'mul32/Out[8]' has no loads. (LINT-2)
Warning: In design 'lenet', net 'mo[9]' driven by pin 'mul32/Out[9]' has no loads. (LINT-2)
Warning: In design 'lenet', net 'mo[10]' driven by pin 'mul32/Out[10]' has no loads. (LINT-2)
Warning: In design 'lenet', net 'mo[11]' driven by pin 'mul32/Out[11]' has no loads. (LINT-2)
Warning: In design 'lenet', net 'mo[12]' driven by pin 'mul32/Out[12]' has no loads. (LINT-2)
Warning: In design 'lenet', net 'mo[13]' driven by pin 'mul32/Out[13]' has no loads. (LINT-2)
Warning: In design 'lenet', net 'mo[14]' driven by pin 'mul32/Out[14]' has no loads. (LINT-2)
Warning: In design 'lenet', net 'mo[15]' driven by pin 'mul32/Out[15]' has no loads. (LINT-2)
Warning: In design 'lenet', port 'scale_CONV1[31]' is not connected to any nets. (LINT-28)
Warning: In design 'lenet', port 'scale_CONV1[30]' is not connected to any nets. (LINT-28)
Warning: In design 'lenet', port 'scale_CONV1[29]' is not connected to any nets. (LINT-28)
Warning: In design 'lenet', port 'scale_CONV1[28]' is not connected to any nets. (LINT-28)
Warning: In design 'lenet', port 'scale_CONV1[27]' is not connected to any nets. (LINT-28)
Warning: In design 'lenet', port 'scale_CONV1[26]' is not connected to any nets. (LINT-28)
Warning: In design 'lenet', port 'scale_CONV1[25]' is not connected to any nets. (LINT-28)
Warning: In design 'lenet', port 'scale_CONV1[24]' is not connected to any nets. (LINT-28)
Warning: In design 'lenet', port 'scale_CONV1[23]' is not connected to any nets. (LINT-28)
Warning: In design 'lenet', port 'scale_CONV1[22]' is not connected to any nets. (LINT-28)
Warning: In design 'lenet', port 'scale_CONV1[21]' is not connected to any nets. (LINT-28)
Warning: In design 'lenet', port 'scale_CONV1[20]' is not connected to any nets. (LINT-28)
Warning: In design 'lenet', port 'scale_CONV1[19]' is not connected to any nets. (LINT-28)
Warning: In design 'lenet', port 'scale_CONV1[18]' is not connected to any nets. (LINT-28)
Warning: In design 'lenet', port 'scale_CONV1[17]' is not connected to any nets. (LINT-28)
Warning: In design 'lenet', port 'scale_CONV1[16]' is not connected to any nets. (LINT-28)
Warning: In design 'lenet', port 'scale_CONV1[15]' is not connected to any nets. (LINT-28)
Warning: In design 'lenet', port 'scale_CONV1[14]' is not connected to any nets. (LINT-28)
Warning: In design 'lenet', port 'scale_CONV2[31]' is not connected to any nets. (LINT-28)
Warning: In design 'lenet', port 'scale_CONV2[30]' is not connected to any nets. (LINT-28)
Warning: In design 'lenet', port 'scale_CONV2[29]' is not connected to any nets. (LINT-28)
Warning: In design 'lenet', port 'scale_CONV2[28]' is not connected to any nets. (LINT-28)
Warning: In design 'lenet', port 'scale_CONV2[27]' is not connected to any nets. (LINT-28)
Warning: In design 'lenet', port 'scale_CONV2[26]' is not connected to any nets. (LINT-28)
Warning: In design 'lenet', port 'scale_CONV2[25]' is not connected to any nets. (LINT-28)
Warning: In design 'lenet', port 'scale_CONV2[24]' is not connected to any nets. (LINT-28)
Warning: In design 'lenet', port 'scale_CONV2[23]' is not connected to any nets. (LINT-28)
Warning: In design 'lenet', port 'scale_CONV2[22]' is not connected to any nets. (LINT-28)
Warning: In design 'lenet', port 'scale_CONV2[21]' is not connected to any nets. (LINT-28)
Warning: In design 'lenet', port 'scale_CONV2[20]' is not connected to any nets. (LINT-28)
Warning: In design 'lenet', port 'scale_CONV2[19]' is not connected to any nets. (LINT-28)
Warning: In design 'lenet', port 'scale_CONV2[18]' is not connected to any nets. (LINT-28)
Warning: In design 'lenet', port 'scale_CONV2[17]' is not connected to any nets. (LINT-28)
Warning: In design 'lenet', port 'scale_CONV2[16]' is not connected to any nets. (LINT-28)
Warning: In design 'lenet', port 'scale_CONV2[15]' is not connected to any nets. (LINT-28)
Warning: In design 'lenet', port 'scale_CONV2[14]' is not connected to any nets. (LINT-28)
Warning: In design 'lenet', port 'scale_CONV3[31]' is not connected to any nets. (LINT-28)
Warning: In design 'lenet', port 'scale_CONV3[30]' is not connected to any nets. (LINT-28)
Warning: In design 'lenet', port 'scale_CONV3[29]' is not connected to any nets. (LINT-28)
Warning: In design 'lenet', port 'scale_CONV3[28]' is not connected to any nets. (LINT-28)
Warning: In design 'lenet', port 'scale_CONV3[27]' is not connected to any nets. (LINT-28)
Warning: In design 'lenet', port 'scale_CONV3[26]' is not connected to any nets. (LINT-28)
Warning: In design 'lenet', port 'scale_CONV3[25]' is not connected to any nets. (LINT-28)
Warning: In design 'lenet', port 'scale_CONV3[24]' is not connected to any nets. (LINT-28)
Warning: In design 'lenet', port 'scale_CONV3[23]' is not connected to any nets. (LINT-28)
Warning: In design 'lenet', port 'scale_CONV3[22]' is not connected to any nets. (LINT-28)
Warning: In design 'lenet', port 'scale_CONV3[21]' is not connected to any nets. (LINT-28)
Warning: In design 'lenet', port 'scale_CONV3[20]' is not connected to any nets. (LINT-28)
Warning: In design 'lenet', port 'scale_CONV3[19]' is not connected to any nets. (LINT-28)
Warning: In design 'lenet', port 'scale_CONV3[18]' is not connected to any nets. (LINT-28)
Warning: In design 'lenet', port 'scale_CONV3[17]' is not connected to any nets. (LINT-28)
Warning: In design 'lenet', port 'scale_CONV3[16]' is not connected to any nets. (LINT-28)
Warning: In design 'lenet', port 'scale_CONV3[15]' is not connected to any nets. (LINT-28)
Warning: In design 'lenet', port 'scale_CONV3[14]' is not connected to any nets. (LINT-28)
Warning: In design 'lenet', port 'scale_FC1[31]' is not connected to any nets. (LINT-28)
Warning: In design 'lenet', port 'scale_FC1[30]' is not connected to any nets. (LINT-28)
Warning: In design 'lenet', port 'scale_FC1[29]' is not connected to any nets. (LINT-28)
Warning: In design 'lenet', port 'scale_FC1[28]' is not connected to any nets. (LINT-28)
Warning: In design 'lenet', port 'scale_FC1[27]' is not connected to any nets. (LINT-28)
Warning: In design 'lenet', port 'scale_FC1[26]' is not connected to any nets. (LINT-28)
Warning: In design 'lenet', port 'scale_FC1[25]' is not connected to any nets. (LINT-28)
Warning: In design 'lenet', port 'scale_FC1[24]' is not connected to any nets. (LINT-28)
Warning: In design 'lenet', port 'scale_FC1[23]' is not connected to any nets. (LINT-28)
Warning: In design 'lenet', port 'scale_FC1[22]' is not connected to any nets. (LINT-28)
Warning: In design 'lenet', port 'scale_FC1[21]' is not connected to any nets. (LINT-28)
Warning: In design 'lenet', port 'scale_FC1[20]' is not connected to any nets. (LINT-28)
Warning: In design 'lenet', port 'scale_FC1[19]' is not connected to any nets. (LINT-28)
Warning: In design 'lenet', port 'scale_FC1[18]' is not connected to any nets. (LINT-28)
Warning: In design 'lenet', port 'scale_FC1[17]' is not connected to any nets. (LINT-28)
Warning: In design 'lenet', port 'scale_FC1[16]' is not connected to any nets. (LINT-28)
Warning: In design 'lenet', port 'scale_FC1[15]' is not connected to any nets. (LINT-28)
Warning: In design 'lenet', port 'scale_FC1[14]' is not connected to any nets. (LINT-28)
Warning: In design 'lenet', port 'scale_FC2[31]' is not connected to any nets. (LINT-28)
Warning: In design 'lenet', port 'scale_FC2[30]' is not connected to any nets. (LINT-28)
Warning: In design 'lenet', port 'scale_FC2[29]' is not connected to any nets. (LINT-28)
Warning: In design 'lenet', port 'scale_FC2[28]' is not connected to any nets. (LINT-28)
Warning: In design 'lenet', port 'scale_FC2[27]' is not connected to any nets. (LINT-28)
Warning: In design 'lenet', port 'scale_FC2[26]' is not connected to any nets. (LINT-28)
Warning: In design 'lenet', port 'scale_FC2[25]' is not connected to any nets. (LINT-28)
Warning: In design 'lenet', port 'scale_FC2[24]' is not connected to any nets. (LINT-28)
Warning: In design 'lenet', port 'scale_FC2[23]' is not connected to any nets. (LINT-28)
Warning: In design 'lenet', port 'scale_FC2[22]' is not connected to any nets. (LINT-28)
Warning: In design 'lenet', port 'scale_FC2[21]' is not connected to any nets. (LINT-28)
Warning: In design 'lenet', port 'scale_FC2[20]' is not connected to any nets. (LINT-28)
Warning: In design 'lenet', port 'scale_FC2[19]' is not connected to any nets. (LINT-28)
Warning: In design 'lenet', port 'scale_FC2[18]' is not connected to any nets. (LINT-28)
Warning: In design 'lenet', port 'scale_FC2[17]' is not connected to any nets. (LINT-28)
Warning: In design 'lenet', port 'scale_FC2[16]' is not connected to any nets. (LINT-28)
Warning: In design 'lenet', port 'scale_FC2[15]' is not connected to any nets. (LINT-28)
Warning: In design 'lenet', port 'scale_FC2[14]' is not connected to any nets. (LINT-28)
Warning: In design 'lenet', port 'sram_weight_wdata0[31]' is not connected to any nets. (LINT-28)
Warning: In design 'lenet', port 'sram_weight_wdata0[30]' is not connected to any nets. (LINT-28)
Warning: In design 'lenet', port 'sram_weight_wdata0[29]' is not connected to any nets. (LINT-28)
Warning: In design 'lenet', port 'sram_weight_wdata0[28]' is not connected to any nets. (LINT-28)
Warning: In design 'lenet', port 'sram_weight_wdata0[27]' is not connected to any nets. (LINT-28)
Warning: In design 'lenet', port 'sram_weight_wdata0[26]' is not connected to any nets. (LINT-28)
Warning: In design 'lenet', port 'sram_weight_wdata0[25]' is not connected to any nets. (LINT-28)
Warning: In design 'lenet', port 'sram_weight_wdata0[24]' is not connected to any nets. (LINT-28)
Warning: In design 'lenet', port 'sram_weight_wdata0[23]' is not connected to any nets. (LINT-28)
Warning: In design 'lenet', port 'sram_weight_wdata0[22]' is not connected to any nets. (LINT-28)
Warning: In design 'lenet', port 'sram_weight_wdata0[21]' is not connected to any nets. (LINT-28)
Warning: In design 'lenet', port 'sram_weight_wdata0[20]' is not connected to any nets. (LINT-28)
Warning: In design 'lenet', port 'sram_weight_wdata0[19]' is not connected to any nets. (LINT-28)
Warning: In design 'lenet', port 'sram_weight_wdata0[18]' is not connected to any nets. (LINT-28)
Warning: In design 'lenet', port 'sram_weight_wdata0[17]' is not connected to any nets. (LINT-28)
Warning: In design 'lenet', port 'sram_weight_wdata0[16]' is not connected to any nets. (LINT-28)
Warning: In design 'lenet', port 'sram_weight_wdata0[15]' is not connected to any nets. (LINT-28)
Warning: In design 'lenet', port 'sram_weight_wdata0[14]' is not connected to any nets. (LINT-28)
Warning: In design 'lenet', port 'sram_weight_wdata0[13]' is not connected to any nets. (LINT-28)
Warning: In design 'lenet', port 'sram_weight_wdata0[12]' is not connected to any nets. (LINT-28)
Warning: In design 'lenet', port 'sram_weight_wdata0[11]' is not connected to any nets. (LINT-28)
Warning: In design 'lenet', port 'sram_weight_wdata0[10]' is not connected to any nets. (LINT-28)
Warning: In design 'lenet', port 'sram_weight_wdata0[9]' is not connected to any nets. (LINT-28)
Warning: In design 'lenet', port 'sram_weight_wdata0[8]' is not connected to any nets. (LINT-28)
Warning: In design 'lenet', port 'sram_weight_wdata0[7]' is not connected to any nets. (LINT-28)
Warning: In design 'lenet', port 'sram_weight_wdata0[6]' is not connected to any nets. (LINT-28)
Warning: In design 'lenet', port 'sram_weight_wdata0[5]' is not connected to any nets. (LINT-28)
Warning: In design 'lenet', port 'sram_weight_wdata0[4]' is not connected to any nets. (LINT-28)
Warning: In design 'lenet', port 'sram_weight_wdata0[3]' is not connected to any nets. (LINT-28)
Warning: In design 'lenet', port 'sram_weight_wdata0[2]' is not connected to any nets. (LINT-28)
Warning: In design 'lenet', port 'sram_weight_wdata0[1]' is not connected to any nets. (LINT-28)
Warning: In design 'lenet', port 'sram_weight_wdata0[0]' is not connected to any nets. (LINT-28)
Warning: In design 'lenet', port 'sram_weight_wdata1[31]' is not connected to any nets. (LINT-28)
Warning: In design 'lenet', port 'sram_weight_wdata1[30]' is not connected to any nets. (LINT-28)
Warning: In design 'lenet', port 'sram_weight_wdata1[29]' is not connected to any nets. (LINT-28)
Warning: In design 'lenet', port 'sram_weight_wdata1[28]' is not connected to any nets. (LINT-28)
Warning: In design 'lenet', port 'sram_weight_wdata1[27]' is not connected to any nets. (LINT-28)
Warning: In design 'lenet', port 'sram_weight_wdata1[26]' is not connected to any nets. (LINT-28)
Warning: In design 'lenet', port 'sram_weight_wdata1[25]' is not connected to any nets. (LINT-28)
Warning: In design 'lenet', port 'sram_weight_wdata1[24]' is not connected to any nets. (LINT-28)
Warning: In design 'lenet', port 'sram_weight_wdata1[23]' is not connected to any nets. (LINT-28)
Warning: In design 'lenet', port 'sram_weight_wdata1[22]' is not connected to any nets. (LINT-28)
Warning: In design 'lenet', port 'sram_weight_wdata1[21]' is not connected to any nets. (LINT-28)
Warning: In design 'lenet', port 'sram_weight_wdata1[20]' is not connected to any nets. (LINT-28)
Warning: In design 'lenet', port 'sram_weight_wdata1[19]' is not connected to any nets. (LINT-28)
Warning: In design 'lenet', port 'sram_weight_wdata1[18]' is not connected to any nets. (LINT-28)
Warning: In design 'lenet', port 'sram_weight_wdata1[17]' is not connected to any nets. (LINT-28)
Warning: In design 'lenet', port 'sram_weight_wdata1[16]' is not connected to any nets. (LINT-28)
Warning: In design 'lenet', port 'sram_weight_wdata1[15]' is not connected to any nets. (LINT-28)
Warning: In design 'lenet', port 'sram_weight_wdata1[14]' is not connected to any nets. (LINT-28)
Warning: In design 'lenet', port 'sram_weight_wdata1[13]' is not connected to any nets. (LINT-28)
Warning: In design 'lenet', port 'sram_weight_wdata1[12]' is not connected to any nets. (LINT-28)
Warning: In design 'lenet', port 'sram_weight_wdata1[11]' is not connected to any nets. (LINT-28)
Warning: In design 'lenet', port 'sram_weight_wdata1[10]' is not connected to any nets. (LINT-28)
Warning: In design 'lenet', port 'sram_weight_wdata1[9]' is not connected to any nets. (LINT-28)
Warning: In design 'lenet', port 'sram_weight_wdata1[8]' is not connected to any nets. (LINT-28)
Warning: In design 'lenet', port 'sram_weight_wdata1[7]' is not connected to any nets. (LINT-28)
Warning: In design 'lenet', port 'sram_weight_wdata1[6]' is not connected to any nets. (LINT-28)
Warning: In design 'lenet', port 'sram_weight_wdata1[5]' is not connected to any nets. (LINT-28)
Warning: In design 'lenet', port 'sram_weight_wdata1[4]' is not connected to any nets. (LINT-28)
Warning: In design 'lenet', port 'sram_weight_wdata1[3]' is not connected to any nets. (LINT-28)
Warning: In design 'lenet', port 'sram_weight_wdata1[2]' is not connected to any nets. (LINT-28)
Warning: In design 'lenet', port 'sram_weight_wdata1[1]' is not connected to any nets. (LINT-28)
Warning: In design 'lenet', port 'sram_weight_wdata1[0]' is not connected to any nets. (LINT-28)
1
