 
****************************************
Report : area
Design : lenet
Version: R-2020.09-SP5
Date   : Wed Apr 29 12:21:40 2026
****************************************

Library(s) Used:

    slow (File: /home/m110/m110061644/synopsys_tech_file/slow.db)

Number of ports:                         8127
Number of nets:                         24909
Number of cells:                        14370
Number of combinational cells:          13392
Number of sequential cells:               602
Number of macros/black boxes:               0
Number of buf/inv:                       2337
Number of references:                     212

Combinational area:             180445.505069
Buf/Inv area:                     8169.586074
Noncombinational area:           16366.331043
Macro/Black Box area:                0.000000
Net Interconnect area:      undefined  (No wire load specified)

Total cell area:                196811.836112
Total area:                 undefined

Hierarchical area distribution
------------------------------

                                  Global cell area              Local cell area
                                  --------------------  ------------------------------- 
Hierarchical cell                 Absolute     Percent  Combi-       Noncombi-   Black-
                                  Total        Total    national     national    boxes   Design
--------------------------------  -----------  -------  -----------  ----------  ------  -----------------------------------
lenet                             196811.8361    100.0   13827.0202  16366.3310  0.0000  lenet
acc                                  595.7874      0.3       0.0000      0.0000  0.0000  ACC
acc/add_1157                         595.7874      0.3     595.7874      0.0000  0.0000  ACC_DW01_add_0_DW01_add_7
add_1070_2                           595.7874      0.3     595.7874      0.0000  0.0000  lenet_DW01_add_51_DW01_add_92
add_1070_2_G2                        595.7874      0.3     595.7874      0.0000  0.0000  lenet_DW01_add_40_DW01_add_81
add_1070_2_G3                        595.7874      0.3     595.7874      0.0000  0.0000  lenet_DW01_add_10_DW01_add_48
add_1070_2_G4                        595.7874      0.3     595.7874      0.0000  0.0000  lenet_DW01_add_15_DW01_add_53
add_1070_2_G5                        595.7874      0.3     595.7874      0.0000  0.0000  lenet_DW01_add_20_DW01_add_58
add_1070_2_G6                        595.7874      0.3     595.7874      0.0000  0.0000  lenet_DW01_add_25_DW01_add_63
add_1070_2_G7                        595.7874      0.3     595.7874      0.0000  0.0000  lenet_DW01_add_30_DW01_add_68
add_1070_2_G8                        595.7874      0.3     595.7874      0.0000  0.0000  lenet_DW01_add_35_DW01_add_73
add_1070_3                           595.7874      0.3     595.7874      0.0000  0.0000  lenet_DW01_add_49_DW01_add_90
add_1070_3_G2                        595.7874      0.3     595.7874      0.0000  0.0000  lenet_DW01_add_38_DW01_add_79
add_1070_3_G3                        595.7874      0.3     595.7874      0.0000  0.0000  lenet_DW01_add_8_DW01_add_46
add_1070_3_G4                        595.7874      0.3     595.7874      0.0000  0.0000  lenet_DW01_add_13_DW01_add_51
add_1070_3_G5                        595.7874      0.3     595.7874      0.0000  0.0000  lenet_DW01_add_18_DW01_add_56
add_1070_3_G6                        595.7874      0.3     595.7874      0.0000  0.0000  lenet_DW01_add_23_DW01_add_61
add_1070_3_G7                        595.7874      0.3     595.7874      0.0000  0.0000  lenet_DW01_add_28_DW01_add_66
add_1070_3_G8                        595.7874      0.3     595.7874      0.0000  0.0000  lenet_DW01_add_33_DW01_add_71
add_1070_4                           561.8394      0.3     561.8394      0.0000  0.0000  lenet_DW01_add_50_DW01_add_91
add_1070_4_G2                        561.8394      0.3     561.8394      0.0000  0.0000  lenet_DW01_add_41_DW01_add_82
add_1070_4_G3                        561.8394      0.3     561.8394      0.0000  0.0000  lenet_DW01_add_9_DW01_add_47
add_1070_4_G4                        561.8394      0.3     561.8394      0.0000  0.0000  lenet_DW01_add_14_DW01_add_52
add_1070_4_G5                        561.8394      0.3     561.8394      0.0000  0.0000  lenet_DW01_add_19_DW01_add_57
add_1070_4_G6                        561.8394      0.3     561.8394      0.0000  0.0000  lenet_DW01_add_24_DW01_add_62
add_1070_4_G7                        561.8394      0.3     561.8394      0.0000  0.0000  lenet_DW01_add_29_DW01_add_67
add_1070_4_G8                        561.8394      0.3     561.8394      0.0000  0.0000  lenet_DW01_add_34_DW01_add_72
add_1070_5                           595.7874      0.3     595.7874      0.0000  0.0000  lenet_DW01_add_48_DW01_add_89
add_1070_5_G2                        595.7874      0.3     595.7874      0.0000  0.0000  lenet_DW01_add_37_DW01_add_78
add_1070_5_G3                        595.7874      0.3     595.7874      0.0000  0.0000  lenet_DW01_add_7_DW01_add_45
add_1070_5_G4                        595.7874      0.3     595.7874      0.0000  0.0000  lenet_DW01_add_12_DW01_add_50
add_1070_5_G5                        595.7874      0.3     595.7874      0.0000  0.0000  lenet_DW01_add_17_DW01_add_55
add_1070_5_G6                        595.7874      0.3     595.7874      0.0000  0.0000  lenet_DW01_add_22_DW01_add_60
add_1070_5_G7                        595.7874      0.3     595.7874      0.0000  0.0000  lenet_DW01_add_27_DW01_add_65
add_1070_5_G8                        595.7874      0.3     595.7874      0.0000  0.0000  lenet_DW01_add_32_DW01_add_70
add_1070_G2                          561.8394      0.3     561.8394      0.0000  0.0000  lenet_DW01_add_39_DW01_add_80
add_1070_G3                          561.8394      0.3     561.8394      0.0000  0.0000  lenet_DW01_add_11_DW01_add_49
add_1070_G4                          561.8394      0.3     561.8394      0.0000  0.0000  lenet_DW01_add_16_DW01_add_54
add_1070_G5                          561.8394      0.3     561.8394      0.0000  0.0000  lenet_DW01_add_21_DW01_add_59
add_1070_G6                          561.8394      0.3     561.8394      0.0000  0.0000  lenet_DW01_add_26_DW01_add_64
add_1070_G7                          561.8394      0.3     561.8394      0.0000  0.0000  lenet_DW01_add_31_DW01_add_69
add_1070_G8                          561.8394      0.3     561.8394      0.0000  0.0000  lenet_DW01_add_36_DW01_add_74
add_1077_2                           561.8394      0.3     561.8394      0.0000  0.0000  lenet_DW01_add_47_DW01_add_88
add_1077_3                           595.7874      0.3     595.7874      0.0000  0.0000  lenet_DW01_add_46_DW01_add_87
add_1077_4                           561.8394      0.3     561.8394      0.0000  0.0000  lenet_DW01_add_44_DW01_add_85
add_1077_5                           561.8394      0.3     561.8394      0.0000  0.0000  lenet_DW01_add_45_DW01_add_86
add_1077_6                           595.7874      0.3     595.7874      0.0000  0.0000  lenet_DW01_add_43_DW01_add_84
add_1077_7                           595.7874      0.3     595.7874      0.0000  0.0000  lenet_DW01_add_42_DW01_add_83
add_433                              276.6762      0.1     276.6762      0.0000  0.0000  lenet_DW01_inc_10_DW01_inc_11
add_437                              276.6762      0.1     276.6762      0.0000  0.0000  lenet_DW01_inc_7_DW01_inc_8
add_612                              276.6762      0.1     276.6762      0.0000  0.0000  lenet_DW01_inc_6_DW01_inc_7
add_632_2                            276.6762      0.1     276.6762      0.0000  0.0000  lenet_DW01_inc_5_DW01_inc_6
add_636                              276.6762      0.1     276.6762      0.0000  0.0000  lenet_DW01_inc_4_DW01_inc_5
add_643_2                            276.6762      0.1     276.6762      0.0000  0.0000  lenet_DW01_inc_3_DW01_inc_4
add_653_2                            276.6762      0.1     276.6762      0.0000  0.0000  lenet_DW01_inc_2_DW01_inc_3
add_657                              276.6762      0.1     276.6762      0.0000  0.0000  lenet_DW01_inc_1_DW01_inc_2
add_681_2                            276.6762      0.1     276.6762      0.0000  0.0000  lenet_DW01_inc_0_DW01_inc_1
add_723_S2                           201.9906      0.1     201.9906      0.0000  0.0000  lenet_DW01_inc_9_DW01_inc_10
add_738                              239.3334      0.1     239.3334      0.0000  0.0000  lenet_DW01_inc_8_DW01_inc_9
add_903                             1071.0595      0.5    1071.0595      0.0000  0.0000  lenet_DW01_add_0
gen_muls[0].mul_8x8                 2466.3223      1.3       0.0000      0.0000  0.0000  MUL_8X8_39
gen_muls[0].mul_8x8/mult_1149       2466.3223      1.3    2198.1331      0.0000  0.0000  MUL_8X8_39_DW02_mult_0_DW02_mult_2
gen_muls[0].mul_8x8/mult_1149/FS_1
                                     268.1892      0.1     268.1892      0.0000  0.0000  MUL_8X8_39_DW01_add_0_DW01_add_10
gen_muls[10].mul_8x8                2466.3223      1.3       0.0000      0.0000  0.0000  MUL_8X8_29
gen_muls[10].mul_8x8/mult_1149      2466.3223      1.3    2198.1331      0.0000  0.0000  MUL_8X8_29_DW02_mult_0
gen_muls[10].mul_8x8/mult_1149/FS_1
                                     268.1892      0.1     268.1892      0.0000  0.0000  MUL_8X8_29_DW01_add_0_DW01_add_8
gen_muls[11].mul_8x8                2466.3223      1.3       0.0000      0.0000  0.0000  MUL_8X8_28
gen_muls[11].mul_8x8/mult_1149      2466.3223      1.3    2198.1331      0.0000  0.0000  MUL_8X8_28_DW02_mult_0_DW02_mult_4
gen_muls[11].mul_8x8/mult_1149/FS_1
                                     268.1892      0.1     268.1892      0.0000  0.0000  MUL_8X8_28_DW01_add_0_DW01_add_12
gen_muls[12].mul_8x8                2466.3223      1.3       0.0000      0.0000  0.0000  MUL_8X8_27
gen_muls[12].mul_8x8/mult_1149      2466.3223      1.3    2198.1331      0.0000  0.0000  MUL_8X8_27_DW02_mult_0_DW02_mult_7
gen_muls[12].mul_8x8/mult_1149/FS_1
                                     268.1892      0.1     268.1892      0.0000  0.0000  MUL_8X8_27_DW01_add_0_DW01_add_15
gen_muls[13].mul_8x8                2466.3223      1.3       0.0000      0.0000  0.0000  MUL_8X8_26
gen_muls[13].mul_8x8/mult_1149      2466.3223      1.3    2198.1331      0.0000  0.0000  MUL_8X8_26_DW02_mult_0_DW02_mult_11
gen_muls[13].mul_8x8/mult_1149/FS_1
                                     268.1892      0.1     268.1892      0.0000  0.0000  MUL_8X8_26_DW01_add_0_DW01_add_19
gen_muls[14].mul_8x8                2466.3223      1.3       0.0000      0.0000  0.0000  MUL_8X8_25
gen_muls[14].mul_8x8/mult_1149      2466.3223      1.3    2198.1331      0.0000  0.0000  MUL_8X8_25_DW02_mult_0_DW02_mult_15
gen_muls[14].mul_8x8/mult_1149/FS_1
                                     268.1892      0.1     268.1892      0.0000  0.0000  MUL_8X8_25_DW01_add_0_DW01_add_23
gen_muls[15].mul_8x8                2466.3223      1.3       0.0000      0.0000  0.0000  MUL_8X8_24
gen_muls[15].mul_8x8/mult_1149      2466.3223      1.3    2198.1331      0.0000  0.0000  MUL_8X8_24_DW02_mult_0_DW02_mult_1
gen_muls[15].mul_8x8/mult_1149/FS_1
                                     268.1892      0.1     268.1892      0.0000  0.0000  MUL_8X8_24_DW01_add_0_DW01_add_9
gen_muls[16].mul_8x8                2466.3223      1.3       0.0000      0.0000  0.0000  MUL_8X8_23
gen_muls[16].mul_8x8/mult_1149      2466.3223      1.3    2198.1331      0.0000  0.0000  MUL_8X8_23_DW02_mult_0_DW02_mult_5
gen_muls[16].mul_8x8/mult_1149/FS_1
                                     268.1892      0.1     268.1892      0.0000  0.0000  MUL_8X8_23_DW01_add_0_DW01_add_13
gen_muls[17].mul_8x8                2466.3223      1.3       0.0000      0.0000  0.0000  MUL_8X8_22
gen_muls[17].mul_8x8/mult_1149      2466.3223      1.3    2198.1331      0.0000  0.0000  MUL_8X8_22_DW02_mult_0_DW02_mult_8
gen_muls[17].mul_8x8/mult_1149/FS_1
                                     268.1892      0.1     268.1892      0.0000  0.0000  MUL_8X8_22_DW01_add_0_DW01_add_16
gen_muls[18].mul_8x8                2466.3223      1.3       0.0000      0.0000  0.0000  MUL_8X8_21
gen_muls[18].mul_8x8/mult_1149      2466.3223      1.3    2198.1331      0.0000  0.0000  MUL_8X8_21_DW02_mult_0_DW02_mult_12
gen_muls[18].mul_8x8/mult_1149/FS_1
                                     268.1892      0.1     268.1892      0.0000  0.0000  MUL_8X8_21_DW01_add_0_DW01_add_20
gen_muls[19].mul_8x8                2466.3223      1.3       0.0000      0.0000  0.0000  MUL_8X8_20
gen_muls[19].mul_8x8/mult_1149      2466.3223      1.3    2198.1331      0.0000  0.0000  MUL_8X8_20_DW02_mult_0_DW02_mult_16
gen_muls[19].mul_8x8/mult_1149/FS_1
                                     268.1892      0.1     268.1892      0.0000  0.0000  MUL_8X8_20_DW01_add_0_DW01_add_24
gen_muls[1].mul_8x8                 2466.3223      1.3       0.0000      0.0000  0.0000  MUL_8X8_38
gen_muls[1].mul_8x8/mult_1149       2466.3223      1.3    2198.1331      0.0000  0.0000  MUL_8X8_38_DW02_mult_0_DW02_mult_3
gen_muls[1].mul_8x8/mult_1149/FS_1
                                     268.1892      0.1     268.1892      0.0000  0.0000  MUL_8X8_38_DW01_add_0_DW01_add_11
gen_muls[20].mul_8x8                2466.3223      1.3       0.0000      0.0000  0.0000  MUL_8X8_19
gen_muls[20].mul_8x8/mult_1149      2466.3223      1.3    2198.1331      0.0000  0.0000  MUL_8X8_19_DW02_mult_0_DW02_mult_17
gen_muls[20].mul_8x8/mult_1149/FS_1
                                     268.1892      0.1     268.1892      0.0000  0.0000  MUL_8X8_19_DW01_add_0_DW01_add_25
gen_muls[21].mul_8x8                2466.3223      1.3       0.0000      0.0000  0.0000  MUL_8X8_18
gen_muls[21].mul_8x8/mult_1149      2466.3223      1.3    2198.1331      0.0000  0.0000  MUL_8X8_18_DW02_mult_0_DW02_mult_18
gen_muls[21].mul_8x8/mult_1149/FS_1
                                     268.1892      0.1     268.1892      0.0000  0.0000  MUL_8X8_18_DW01_add_0_DW01_add_26
gen_muls[22].mul_8x8                2466.3223      1.3       0.0000      0.0000  0.0000  MUL_8X8_17
gen_muls[22].mul_8x8/mult_1149      2466.3223      1.3    2198.1331      0.0000  0.0000  MUL_8X8_17_DW02_mult_0_DW02_mult_20
gen_muls[22].mul_8x8/mult_1149/FS_1
                                     268.1892      0.1     268.1892      0.0000  0.0000  MUL_8X8_17_DW01_add_0_DW01_add_28
gen_muls[23].mul_8x8                2466.3223      1.3       0.0000      0.0000  0.0000  MUL_8X8_16
gen_muls[23].mul_8x8/mult_1149      2466.3223      1.3    2198.1331      0.0000  0.0000  MUL_8X8_16_DW02_mult_0_DW02_mult_23
gen_muls[23].mul_8x8/mult_1149/FS_1
                                     268.1892      0.1     268.1892      0.0000  0.0000  MUL_8X8_16_DW01_add_0_DW01_add_31
gen_muls[24].mul_8x8                2466.3223      1.3       0.0000      0.0000  0.0000  MUL_8X8_15
gen_muls[24].mul_8x8/mult_1149      2466.3223      1.3    2198.1331      0.0000  0.0000  MUL_8X8_15_DW02_mult_0_DW02_mult_27
gen_muls[24].mul_8x8/mult_1149/FS_1
                                     268.1892      0.1     268.1892      0.0000  0.0000  MUL_8X8_15_DW01_add_0_DW01_add_35
gen_muls[25].mul_8x8                2466.3223      1.3       0.0000      0.0000  0.0000  MUL_8X8_14
gen_muls[25].mul_8x8/mult_1149      2466.3223      1.3    2198.1331      0.0000  0.0000  MUL_8X8_14_DW02_mult_0_DW02_mult_19
gen_muls[25].mul_8x8/mult_1149/FS_1
                                     268.1892      0.1     268.1892      0.0000  0.0000  MUL_8X8_14_DW01_add_0_DW01_add_27
gen_muls[26].mul_8x8                2466.3223      1.3       0.0000      0.0000  0.0000  MUL_8X8_13
gen_muls[26].mul_8x8/mult_1149      2466.3223      1.3    2198.1331      0.0000  0.0000  MUL_8X8_13_DW02_mult_0_DW02_mult_21
gen_muls[26].mul_8x8/mult_1149/FS_1
                                     268.1892      0.1     268.1892      0.0000  0.0000  MUL_8X8_13_DW01_add_0_DW01_add_29
gen_muls[27].mul_8x8                2466.3223      1.3       0.0000      0.0000  0.0000  MUL_8X8_12
gen_muls[27].mul_8x8/mult_1149      2466.3223      1.3    2198.1331      0.0000  0.0000  MUL_8X8_12_DW02_mult_0_DW02_mult_24
gen_muls[27].mul_8x8/mult_1149/FS_1
                                     268.1892      0.1     268.1892      0.0000  0.0000  MUL_8X8_12_DW01_add_0_DW01_add_32
gen_muls[28].mul_8x8                2466.3223      1.3       0.0000      0.0000  0.0000  MUL_8X8_11
gen_muls[28].mul_8x8/mult_1149      2466.3223      1.3    2198.1331      0.0000  0.0000  MUL_8X8_11_DW02_mult_0_DW02_mult_28
gen_muls[28].mul_8x8/mult_1149/FS_1
                                     268.1892      0.1     268.1892      0.0000  0.0000  MUL_8X8_11_DW01_add_0_DW01_add_36
gen_muls[29].mul_8x8                2466.3223      1.3       0.0000      0.0000  0.0000  MUL_8X8_10
gen_muls[29].mul_8x8/mult_1149      2466.3223      1.3    2198.1331      0.0000  0.0000  MUL_8X8_10_DW02_mult_0_DW02_mult_31
gen_muls[29].mul_8x8/mult_1149/FS_1
                                     268.1892      0.1     268.1892      0.0000  0.0000  MUL_8X8_10_DW01_add_0_DW01_add_39
gen_muls[2].mul_8x8                 2466.3223      1.3       0.0000      0.0000  0.0000  MUL_8X8_37
gen_muls[2].mul_8x8/mult_1149       2466.3223      1.3    2198.1331      0.0000  0.0000  MUL_8X8_37_DW02_mult_0_DW02_mult_6
gen_muls[2].mul_8x8/mult_1149/FS_1
                                     268.1892      0.1     268.1892      0.0000  0.0000  MUL_8X8_37_DW01_add_0_DW01_add_14
gen_muls[30].mul_8x8                2466.3223      1.3       0.0000      0.0000  0.0000  MUL_8X8_9
gen_muls[30].mul_8x8/mult_1149      2466.3223      1.3    2198.1331      0.0000  0.0000  MUL_8X8_9_DW02_mult_0_DW02_mult_22
gen_muls[30].mul_8x8/mult_1149/FS_1
                                     268.1892      0.1     268.1892      0.0000  0.0000  MUL_8X8_9_DW01_add_0_DW01_add_30
gen_muls[31].mul_8x8                2466.3223      1.3       0.0000      0.0000  0.0000  MUL_8X8_8
gen_muls[31].mul_8x8/mult_1149      2466.3223      1.3    2198.1331      0.0000  0.0000  MUL_8X8_8_DW02_mult_0_DW02_mult_25
gen_muls[31].mul_8x8/mult_1149/FS_1
                                     268.1892      0.1     268.1892      0.0000  0.0000  MUL_8X8_8_DW01_add_0_DW01_add_33
gen_muls[32].mul_8x8                2466.3223      1.3       0.0000      0.0000  0.0000  MUL_8X8_7
gen_muls[32].mul_8x8/mult_1149      2466.3223      1.3    2198.1331      0.0000  0.0000  MUL_8X8_7_DW02_mult_0_DW02_mult_29
gen_muls[32].mul_8x8/mult_1149/FS_1
                                     268.1892      0.1     268.1892      0.0000  0.0000  MUL_8X8_7_DW01_add_0_DW01_add_37
gen_muls[33].mul_8x8                2466.3223      1.3       0.0000      0.0000  0.0000  MUL_8X8_6
gen_muls[33].mul_8x8/mult_1149      2466.3223      1.3    2198.1331      0.0000  0.0000  MUL_8X8_6_DW02_mult_0_DW02_mult_32
gen_muls[33].mul_8x8/mult_1149/FS_1
                                     268.1892      0.1     268.1892      0.0000  0.0000  MUL_8X8_6_DW01_add_0_DW01_add_40
gen_muls[34].mul_8x8                2466.3223      1.3       0.0000      0.0000  0.0000  MUL_8X8_5
gen_muls[34].mul_8x8/mult_1149      2466.3223      1.3    2198.1331      0.0000  0.0000  MUL_8X8_5_DW02_mult_0_DW02_mult_34
gen_muls[34].mul_8x8/mult_1149/FS_1
                                     268.1892      0.1     268.1892      0.0000  0.0000  MUL_8X8_5_DW01_add_0_DW01_add_42
gen_muls[35].mul_8x8                2466.3223      1.3       0.0000      0.0000  0.0000  MUL_8X8_4
gen_muls[35].mul_8x8/mult_1149      2466.3223      1.3    2198.1331      0.0000  0.0000  MUL_8X8_4_DW02_mult_0_DW02_mult_26
gen_muls[35].mul_8x8/mult_1149/FS_1
                                     268.1892      0.1     268.1892      0.0000  0.0000  MUL_8X8_4_DW01_add_0_DW01_add_34
gen_muls[36].mul_8x8                2466.3223      1.3       0.0000      0.0000  0.0000  MUL_8X8_3
gen_muls[36].mul_8x8/mult_1149      2466.3223      1.3    2198.1331      0.0000  0.0000  MUL_8X8_3_DW02_mult_0_DW02_mult_30
gen_muls[36].mul_8x8/mult_1149/FS_1
                                     268.1892      0.1     268.1892      0.0000  0.0000  MUL_8X8_3_DW01_add_0_DW01_add_38
gen_muls[37].mul_8x8                2466.3223      1.3       0.0000      0.0000  0.0000  MUL_8X8_2
gen_muls[37].mul_8x8/mult_1149      2466.3223      1.3    2198.1331      0.0000  0.0000  MUL_8X8_2_DW02_mult_0_DW02_mult_33
gen_muls[37].mul_8x8/mult_1149/FS_1
                                     268.1892      0.1     268.1892      0.0000  0.0000  MUL_8X8_2_DW01_add_0_DW01_add_41
gen_muls[38].mul_8x8                2466.3223      1.3       0.0000      0.0000  0.0000  MUL_8X8_1
gen_muls[38].mul_8x8/mult_1149      2466.3223      1.3    2198.1331      0.0000  0.0000  MUL_8X8_1_DW02_mult_0_DW02_mult_35
gen_muls[38].mul_8x8/mult_1149/FS_1
                                     268.1892      0.1     268.1892      0.0000  0.0000  MUL_8X8_1_DW01_add_0_DW01_add_43
gen_muls[39].mul_8x8                2466.3223      1.3       0.0000      0.0000  0.0000  MUL_8X8_0
gen_muls[39].mul_8x8/mult_1149      2466.3223      1.3    2198.1331      0.0000  0.0000  MUL_8X8_0_DW02_mult_0_DW02_mult_36
gen_muls[39].mul_8x8/mult_1149/FS_1
                                     268.1892      0.1     268.1892      0.0000  0.0000  MUL_8X8_0_DW01_add_0_DW01_add_44
gen_muls[3].mul_8x8                 2466.3223      1.3       0.0000      0.0000  0.0000  MUL_8X8_36
gen_muls[3].mul_8x8/mult_1149       2466.3223      1.3    2198.1331      0.0000  0.0000  MUL_8X8_36_DW02_mult_0_DW02_mult_9
gen_muls[3].mul_8x8/mult_1149/FS_1
                                     268.1892      0.1     268.1892      0.0000  0.0000  MUL_8X8_36_DW01_add_0_DW01_add_17
gen_muls[4].mul_8x8                 2466.3223      1.3       0.0000      0.0000  0.0000  MUL_8X8_35
gen_muls[4].mul_8x8/mult_1149       2466.3223      1.3    2198.1331      0.0000  0.0000  MUL_8X8_35_DW02_mult_0_DW02_mult_13
gen_muls[4].mul_8x8/mult_1149/FS_1
                                     268.1892      0.1     268.1892      0.0000  0.0000  MUL_8X8_35_DW01_add_0_DW01_add_21
gen_muls[5].mul_8x8                 2466.3223      1.3       0.0000      0.0000  0.0000  MUL_8X8_34
gen_muls[5].mul_8x8/mult_1149       2466.3223      1.3    2198.1331      0.0000  0.0000  MUL_8X8_34_DW02_mult_0_DW02_mult_39
gen_muls[5].mul_8x8/mult_1149/FS_1
                                     268.1892      0.1     268.1892      0.0000  0.0000  MUL_8X8_34_DW01_add_0_DW01_add_77
gen_muls[6].mul_8x8                 2466.3223      1.3       0.0000      0.0000  0.0000  MUL_8X8_33
gen_muls[6].mul_8x8/mult_1149       2466.3223      1.3    2198.1331      0.0000  0.0000  MUL_8X8_33_DW02_mult_0_DW02_mult_38
gen_muls[6].mul_8x8/mult_1149/FS_1
                                     268.1892      0.1     268.1892      0.0000  0.0000  MUL_8X8_33_DW01_add_0_DW01_add_76
gen_muls[7].mul_8x8                 2466.3223      1.3       0.0000      0.0000  0.0000  MUL_8X8_32
gen_muls[7].mul_8x8/mult_1149       2466.3223      1.3    2198.1331      0.0000  0.0000  MUL_8X8_32_DW02_mult_0_DW02_mult_37
gen_muls[7].mul_8x8/mult_1149/FS_1
                                     268.1892      0.1     268.1892      0.0000  0.0000  MUL_8X8_32_DW01_add_0_DW01_add_75
gen_muls[8].mul_8x8                 2466.3223      1.3       0.0000      0.0000  0.0000  MUL_8X8_31
gen_muls[8].mul_8x8/mult_1149       2466.3223      1.3    2198.1331      0.0000  0.0000  MUL_8X8_31_DW02_mult_0_DW02_mult_10
gen_muls[8].mul_8x8/mult_1149/FS_1
                                     268.1892      0.1     268.1892      0.0000  0.0000  MUL_8X8_31_DW01_add_0_DW01_add_18
gen_muls[9].mul_8x8                 2466.3223      1.3       0.0000      0.0000  0.0000  MUL_8X8_30
gen_muls[9].mul_8x8/mult_1149       2466.3223      1.3    2198.1331      0.0000  0.0000  MUL_8X8_30_DW02_mult_0_DW02_mult_14
gen_muls[9].mul_8x8/mult_1149/FS_1
                                     268.1892      0.1     268.1892      0.0000  0.0000  MUL_8X8_30_DW01_add_0_DW01_add_22
gen_pool[0].pool                    1756.8090      0.9    1756.8090      0.0000  0.0000  POOL_1
gen_pool[1].pool                    1619.3196      0.8    1619.3196      0.0000  0.0000  POOL_0
mul32                              17371.1915      8.8      83.1726      0.0000  0.0000  MUL32
mul32/mult_1164                    17288.0189      8.8   15770.5433      0.0000  0.0000  MUL32_DW02_mult_0_DW02_mult_41
mul32/mult_1164/FS_1                1517.4756      0.8    1517.4756      0.0000  0.0000  MUL32_DW01_add_2
mult_1119                          14385.4649      7.3   13256.6939      0.0000  0.0000  lenet_DW02_mult_0_DW02_mult_40
mult_1119/FS_1                      1128.7710      0.6    1128.7710      0.0000  0.0000  lenet_DW01_add_53
r569                                 258.0048      0.1     258.0048      0.0000  0.0000  lenet_DW01_inc_16_DW01_inc_17
r570                                 183.3192      0.1     183.3192      0.0000  0.0000  lenet_DW01_dec_0
r584                                 220.6620      0.1     220.6620      0.0000  0.0000  lenet_DW01_inc_15_DW01_inc_16
r587                                 276.6762      0.1     276.6762      0.0000  0.0000  lenet_DW01_inc_14_DW01_inc_15
r592                                 258.0048      0.1     258.0048      0.0000  0.0000  lenet_DW01_inc_13_DW01_inc_14
r595                                 276.6762      0.1     276.6762      0.0000  0.0000  lenet_DW01_inc_12_DW01_inc_13
r603                                 561.8394      0.3     561.8394      0.0000  0.0000  lenet_DW01_add_2
--------------------------------  -----------  -------  -----------  ----------  ------  -----------------------------------
Total                                                   180445.5051  16366.3310  0.0000

1
