 
****************************************
Report : timing
        -path full
        -delay min
        -max_paths 4
Design : lenet
Version: R-2020.09-SP5
Date   : Wed Apr 29 12:21:40 2026
****************************************

Operating Conditions: slow   Library: slow
Wire Load Model Mode: top

  Startpoint: weight_buf_1_reg[0]
              (rising edge-triggered flip-flop clocked by clk)
  Endpoint: weight_buf_2_reg[0]
            (rising edge-triggered flip-flop clocked by clk)
  Path Group: clk
  Path Type: min

  Point                                    Incr       Path
  -----------------------------------------------------------
  clock clk (rise edge)                    0.00       0.00
  clock network delay (ideal)              0.00       0.00
  weight_buf_1_reg[0]/CK (DFFQX1)          0.00       0.00 r
  weight_buf_1_reg[0]/Q (DFFQX1)           0.33       0.33 f
  weight_buf_2_reg[0]/D (DFFQX1)           0.00       0.33 f
  data arrival time                                   0.33

  clock clk (rise edge)                    0.00       0.00
  clock network delay (ideal)              0.00       0.00
  weight_buf_2_reg[0]/CK (DFFQX1)          0.00       0.00 r
  library hold time                       -0.10      -0.10
  data required time                                 -0.10
  -----------------------------------------------------------
  data required time                                 -0.10
  data arrival time                                  -0.33
  -----------------------------------------------------------
  slack (MET)                                         0.43


  Startpoint: weight_buf_1_reg[8]
              (rising edge-triggered flip-flop clocked by clk)
  Endpoint: weight_buf_2_reg[8]
            (rising edge-triggered flip-flop clocked by clk)
  Path Group: clk
  Path Type: min

  Point                                    Incr       Path
  -----------------------------------------------------------
  clock clk (rise edge)                    0.00       0.00
  clock network delay (ideal)              0.00       0.00
  weight_buf_1_reg[8]/CK (DFFQX1)          0.00       0.00 r
  weight_buf_1_reg[8]/Q (DFFQX1)           0.33       0.33 f
  weight_buf_2_reg[8]/D (DFFQX1)           0.00       0.33 f
  data arrival time                                   0.33

  clock clk (rise edge)                    0.00       0.00
  clock network delay (ideal)              0.00       0.00
  weight_buf_2_reg[8]/CK (DFFQX1)          0.00       0.00 r
  library hold time                       -0.10      -0.10
  data required time                                 -0.10
  -----------------------------------------------------------
  data required time                                 -0.10
  data arrival time                                  -0.33
  -----------------------------------------------------------
  slack (MET)                                         0.43


  Startpoint: weight_buf_1_reg[16]
              (rising edge-triggered flip-flop clocked by clk)
  Endpoint: weight_buf_2_reg[16]
            (rising edge-triggered flip-flop clocked by clk)
  Path Group: clk
  Path Type: min

  Point                                    Incr       Path
  -----------------------------------------------------------
  clock clk (rise edge)                    0.00       0.00
  clock network delay (ideal)              0.00       0.00
  weight_buf_1_reg[16]/CK (DFFQX1)         0.00       0.00 r
  weight_buf_1_reg[16]/Q (DFFQX1)          0.33       0.33 f
  weight_buf_2_reg[16]/D (DFFQX1)          0.00       0.33 f
  data arrival time                                   0.33

  clock clk (rise edge)                    0.00       0.00
  clock network delay (ideal)              0.00       0.00
  weight_buf_2_reg[16]/CK (DFFQX1)         0.00       0.00 r
  library hold time                       -0.10      -0.10
  data required time                                 -0.10
  -----------------------------------------------------------
  data required time                                 -0.10
  data arrival time                                  -0.33
  -----------------------------------------------------------
  slack (MET)                                         0.43


  Startpoint: weight_buf_1_reg[7]
              (rising edge-triggered flip-flop clocked by clk)
  Endpoint: weight_buf_2_reg[7]
            (rising edge-triggered flip-flop clocked by clk)
  Path Group: clk
  Path Type: min

  Point                                    Incr       Path
  -----------------------------------------------------------
  clock clk (rise edge)                    0.00       0.00
  clock network delay (ideal)              0.00       0.00
  weight_buf_1_reg[7]/CK (DFFQX1)          0.00       0.00 r
  weight_buf_1_reg[7]/Q (DFFQX1)           0.34       0.34 f
  weight_buf_2_reg[7]/D (DFFQX1)           0.00       0.34 f
  data arrival time                                   0.34

  clock clk (rise edge)                    0.00       0.00
  clock network delay (ideal)              0.00       0.00
  weight_buf_2_reg[7]/CK (DFFQX1)          0.00       0.00 r
  library hold time                       -0.10      -0.10
  data required time                                 -0.10
  -----------------------------------------------------------
  data required time                                 -0.10
  data arrival time                                  -0.34
  -----------------------------------------------------------
  slack (MET)                                         0.44


1
