Information: Propagating switching activity (low effort zero delay simulation). (PWR-6)
Warning: Design has unannotated primary inputs. (PWR-414)
Warning: Design has unannotated sequential cell outputs. (PWR-415)
 
****************************************
Report : power
        -hier
        -analysis_effort low
Design : lenet
Version: R-2020.09-SP5
Date   : Wed Apr 29 12:21:41 2026
****************************************


Library(s) Used:

    slow (File: /home/m110/m110061644/synopsys_tech_file/slow.db)


Operating Conditions: slow   Library: slow
Wire Load Model Mode: top


Global Operating Voltage = 1.08 
Power-specific unit information :
    Voltage Units = 1V
    Capacitance Units = 1.000000pf
    Time Units = 1ns
    Dynamic Power Units = 1mW    (derived from V,C,T units)
    Leakage Power Units = 1pW


--------------------------------------------------------------------------------
                                       Switch   Int      Leak     Total
Hierarchy                              Power    Power    Power    Power    %
--------------------------------------------------------------------------------
lenet                                     0.405    2.003 1.95e+08    2.603 100.0
  add_1070_5 (lenet_DW01_add_48_DW01_add_89)
                                       1.49e-03 8.88e-03 6.45e+05 1.10e-02   0.4
  add_1070_3 (lenet_DW01_add_49_DW01_add_90)
                                       1.50e-03 8.41e-03 6.45e+05 1.06e-02   0.4
  add_1070_4 (lenet_DW01_add_50_DW01_add_91)
                                       1.30e-03 7.25e-03 6.08e+05 9.16e-03   0.4
  add_1070_2 (lenet_DW01_add_51_DW01_add_92)
                                       7.71e-04 6.11e-03 6.47e+05 7.53e-03   0.3
  add_1070_5_G3 (lenet_DW01_add_7_DW01_add_45)
                                       1.51e-03 8.90e-03 6.45e+05 1.10e-02   0.4
  add_1070_3_G3 (lenet_DW01_add_8_DW01_add_46)
                                       1.50e-03 8.43e-03 6.45e+05 1.06e-02   0.4
  add_1070_4_G3 (lenet_DW01_add_9_DW01_add_47)
                                       1.30e-03 7.21e-03 6.08e+05 9.12e-03   0.4
  add_1070_2_G3 (lenet_DW01_add_10_DW01_add_48)
                                       7.72e-04 6.05e-03 6.41e+05 7.47e-03   0.3
  add_1070_G3 (lenet_DW01_add_11_DW01_add_49)
                                       1.19e-03 7.22e-03 6.08e+05 9.02e-03   0.3
  add_1070_5_G4 (lenet_DW01_add_12_DW01_add_50)
                                       1.51e-03 8.93e-03 6.45e+05 1.11e-02   0.4
  add_1070_3_G4 (lenet_DW01_add_13_DW01_add_51)
                                       1.50e-03 8.42e-03 6.45e+05 1.06e-02   0.4
  add_1070_4_G4 (lenet_DW01_add_14_DW01_add_52)
                                       1.30e-03 7.22e-03 6.08e+05 9.12e-03   0.4
  add_1070_2_G4 (lenet_DW01_add_15_DW01_add_53)
                                       7.76e-04 6.05e-03 6.41e+05 7.46e-03   0.3
  add_1070_G4 (lenet_DW01_add_16_DW01_add_54)
                                       1.19e-03 7.22e-03 6.08e+05 9.01e-03   0.3
  add_1070_5_G5 (lenet_DW01_add_17_DW01_add_55)
                                       1.51e-03 8.90e-03 6.45e+05 1.11e-02   0.4
  add_1070_3_G5 (lenet_DW01_add_18_DW01_add_56)
                                       1.49e-03 8.41e-03 6.45e+05 1.05e-02   0.4
  add_1070_4_G5 (lenet_DW01_add_19_DW01_add_57)
                                       1.30e-03 7.25e-03 6.08e+05 9.16e-03   0.4
  add_1070_2_G5 (lenet_DW01_add_20_DW01_add_58)
                                       7.32e-04 5.97e-03 6.41e+05 7.35e-03   0.3
  add_1070_G5 (lenet_DW01_add_21_DW01_add_59)
                                       1.20e-03 7.20e-03 6.08e+05 9.01e-03   0.3
  add_1070_5_G6 (lenet_DW01_add_22_DW01_add_60)
                                       1.51e-03 8.91e-03 6.45e+05 1.11e-02   0.4
  add_1070_3_G6 (lenet_DW01_add_23_DW01_add_61)
                                       1.49e-03 8.43e-03 6.45e+05 1.06e-02   0.4
  add_1070_4_G6 (lenet_DW01_add_24_DW01_add_62)
                                       1.30e-03 7.25e-03 6.08e+05 9.16e-03   0.4
  add_1070_2_G6 (lenet_DW01_add_25_DW01_add_63)
                                       7.36e-04 5.96e-03 6.41e+05 7.33e-03   0.3
  add_1070_G6 (lenet_DW01_add_26_DW01_add_64)
                                       1.20e-03 7.23e-03 6.08e+05 9.03e-03   0.3
  add_1070_5_G7 (lenet_DW01_add_27_DW01_add_65)
                                       1.50e-03 8.89e-03 6.45e+05 1.10e-02   0.4
  add_1070_3_G7 (lenet_DW01_add_28_DW01_add_66)
                                       1.50e-03 8.41e-03 6.45e+05 1.05e-02   0.4
  add_1070_4_G7 (lenet_DW01_add_29_DW01_add_67)
                                       1.30e-03 7.21e-03 6.08e+05 9.12e-03   0.4
  add_1070_2_G7 (lenet_DW01_add_30_DW01_add_68)
                                       7.32e-04 5.98e-03 6.41e+05 7.35e-03   0.3
  add_1070_G7 (lenet_DW01_add_31_DW01_add_69)
                                       1.19e-03 7.22e-03 6.08e+05 9.02e-03   0.3
  add_1070_5_G8 (lenet_DW01_add_32_DW01_add_70)
                                       1.51e-03 8.93e-03 6.45e+05 1.11e-02   0.4
  add_1070_3_G8 (lenet_DW01_add_33_DW01_add_71)
                                       1.50e-03 8.42e-03 6.45e+05 1.06e-02   0.4
  add_1070_4_G8 (lenet_DW01_add_34_DW01_add_72)
                                       1.30e-03 7.22e-03 6.08e+05 9.12e-03   0.4
  add_1070_2_G8 (lenet_DW01_add_35_DW01_add_73)
                                       7.39e-04 5.97e-03 6.41e+05 7.35e-03   0.3
  add_1070_G8 (lenet_DW01_add_36_DW01_add_74)
                                       1.19e-03 7.22e-03 6.08e+05 9.01e-03   0.3
  add_1077_7 (lenet_DW01_add_42_DW01_add_83)
                                       1.79e-03 9.12e-03 6.45e+05 1.16e-02   0.4
  add_1077_6 (lenet_DW01_add_43_DW01_add_84)
                                       1.74e-03 8.78e-03 6.45e+05 1.12e-02   0.4
  add_1077_4 (lenet_DW01_add_44_DW01_add_85)
                                       1.20e-03 7.21e-03 6.08e+05 9.02e-03   0.3
  add_1077_5 (lenet_DW01_add_45_DW01_add_86)
                                       1.29e-03 7.23e-03 6.08e+05 9.13e-03   0.4
  add_1077_3 (lenet_DW01_add_46_DW01_add_87)
                                       1.61e-03 8.75e-03 6.45e+05 1.10e-02   0.4
  add_1077_2 (lenet_DW01_add_47_DW01_add_88)
                                       1.30e-03 7.25e-03 6.08e+05 9.15e-03   0.4
  add_1070_5_G2 (lenet_DW01_add_37_DW01_add_78)
                                       1.51e-03 8.90e-03 6.45e+05 1.11e-02   0.4
  add_1070_3_G2 (lenet_DW01_add_38_DW01_add_79)
                                       1.50e-03 8.44e-03 6.45e+05 1.06e-02   0.4
  add_1070_G2 (lenet_DW01_add_39_DW01_add_80)
                                       1.20e-03 7.23e-03 6.08e+05 9.04e-03   0.3
  add_1070_2_G2 (lenet_DW01_add_40_DW01_add_81)
                                       7.69e-04 6.03e-03 6.41e+05 7.44e-03   0.3
  add_1070_4_G2 (lenet_DW01_add_41_DW01_add_82)
                                       1.30e-03 7.25e-03 6.08e+05 9.16e-03   0.4
  mult_1119 (lenet_DW02_mult_0_DW02_mult_40)
                                       1.88e-02 5.83e-02 1.67e+07 9.39e-02   3.6
    FS_1 (lenet_DW01_add_53)           2.03e-03 2.70e-03 8.44e+05 5.57e-03   0.2
  r569 (lenet_DW01_inc_16_DW01_inc_17) 1.44e-04 1.07e-04 2.79e+05 5.30e-04   0.0
  r570 (lenet_DW01_dec_0)              3.41e-04 4.25e-04 2.12e+05 9.78e-04   0.0
  r584 (lenet_DW01_inc_15_DW01_inc_16) 7.62e-05 1.50e-04 2.39e+05 4.64e-04   0.0
  r587 (lenet_DW01_inc_14_DW01_inc_15) 6.42e-05 2.37e-04 2.99e+05 5.99e-04   0.0
  r592 (lenet_DW01_inc_13_DW01_inc_14) 3.89e-05 2.23e-04 2.79e+05 5.41e-04   0.0
  r595 (lenet_DW01_inc_12_DW01_inc_13) 7.07e-07 2.60e-06 2.99e+05 3.02e-04   0.0
  r603 (lenet_DW01_add_2)              1.72e-03 7.35e-03 6.08e+05 9.68e-03   0.4
  add_433 (lenet_DW01_inc_10_DW01_inc_11)
                                       2.50e-07 1.71e-06 2.99e+05 3.01e-04   0.0
  add_723_S2 (lenet_DW01_inc_9_DW01_inc_10)
                                       1.67e-05 5.68e-05 2.19e+05 2.92e-04   0.0
  add_738 (lenet_DW01_inc_8_DW01_inc_9)
                                       3.72e-05 2.18e-04 2.59e+05 5.14e-04   0.0
  add_437 (lenet_DW01_inc_7_DW01_inc_8)
                                       3.68e-05 2.42e-04 2.99e+05 5.78e-04   0.0
  add_612 (lenet_DW01_inc_6_DW01_inc_7)
                                       2.76e-05 1.84e-04 2.99e+05 5.10e-04   0.0
  add_632_2 (lenet_DW01_inc_5_DW01_inc_6)
                                       2.19e-05 1.91e-04 2.99e+05 5.12e-04   0.0
  add_636 (lenet_DW01_inc_4_DW01_inc_5)
                                       1.25e-04 6.38e-04 2.99e+05 1.06e-03   0.0
  add_643_2 (lenet_DW01_inc_3_DW01_inc_4)
                                       5.05e-05 2.30e-04 2.99e+05 5.79e-04   0.0
  add_653_2 (lenet_DW01_inc_2_DW01_inc_3)
                                       2.95e-05 1.91e-04 2.99e+05 5.20e-04   0.0
  add_657 (lenet_DW01_inc_1_DW01_inc_2)
                                       2.97e-05 1.91e-04 2.99e+05 5.19e-04   0.0
  add_681_2 (lenet_DW01_inc_0_DW01_inc_1)
                                       3.13e-05 1.91e-04 2.99e+05 5.21e-04   0.0
  add_903 (lenet_DW01_add_0)           3.27e-04 2.72e-03 1.15e+06 4.20e-03   0.2
  mul32 (MUL32)                        2.58e-02 7.32e-02 2.06e+07    0.120   4.6
    mult_1164 (MUL32_DW02_mult_0_DW02_mult_41)
                                       2.49e-02 7.28e-02 2.05e+07    0.118   4.5
      FS_1 (MUL32_DW01_add_2)          4.36e-03 5.19e-03 1.06e+06 1.06e-02   0.4
  gen_pool[1].pool (POOL_0)            4.36e-03 4.30e-03 1.42e+06 1.01e-02   0.4
  gen_pool[0].pool (POOL_1)            3.27e-03 4.43e-03 1.34e+06 9.03e-03   0.3
  acc (ACC)                            8.70e-04 8.77e-03 6.47e+05 1.03e-02   0.4
    add_1157 (ACC_DW01_add_0_DW01_add_7)
                                       8.70e-04 8.77e-03 6.47e+05 1.03e-02   0.4
  gen_muls[39].mul_8x8 (MUL_8X8_0)     6.31e-03 1.68e-02 2.39e+06 2.55e-02   1.0
    mult_1149 (MUL_8X8_0_DW02_mult_0_DW02_mult_36)
                                       6.31e-03 1.68e-02 2.39e+06 2.55e-02   1.0
      FS_1 (MUL_8X8_0_DW01_add_0_DW01_add_44)
                                       9.33e-04 2.12e-03 2.78e+05 3.33e-03   0.1
  gen_muls[38].mul_8x8 (MUL_8X8_1)     6.26e-03 1.69e-02 2.39e+06 2.55e-02   1.0
    mult_1149 (MUL_8X8_1_DW02_mult_0_DW02_mult_35)
                                       6.26e-03 1.69e-02 2.39e+06 2.55e-02   1.0
      FS_1 (MUL_8X8_1_DW01_add_0_DW01_add_43)
                                       8.91e-04 2.13e-03 2.78e+05 3.30e-03   0.1
  gen_muls[37].mul_8x8 (MUL_8X8_2)     6.27e-03 1.69e-02 2.39e+06 2.56e-02   1.0
    mult_1149 (MUL_8X8_2_DW02_mult_0_DW02_mult_33)
                                       6.27e-03 1.69e-02 2.39e+06 2.56e-02   1.0
      FS_1 (MUL_8X8_2_DW01_add_0_DW01_add_41)
                                       8.97e-04 2.13e-03 2.78e+05 3.31e-03   0.1
  gen_muls[36].mul_8x8 (MUL_8X8_3)     6.36e-03 1.69e-02 2.39e+06 2.57e-02   1.0
    mult_1149 (MUL_8X8_3_DW02_mult_0_DW02_mult_30)
                                       6.36e-03 1.69e-02 2.39e+06 2.57e-02   1.0
      FS_1 (MUL_8X8_3_DW01_add_0_DW01_add_38)
                                       9.42e-04 2.13e-03 2.78e+05 3.35e-03   0.1
  gen_muls[35].mul_8x8 (MUL_8X8_4)     6.26e-03 1.69e-02 2.39e+06 2.55e-02   1.0
    mult_1149 (MUL_8X8_4_DW02_mult_0_DW02_mult_26)
                                       6.26e-03 1.69e-02 2.39e+06 2.55e-02   1.0
      FS_1 (MUL_8X8_4_DW01_add_0_DW01_add_34)
                                       8.88e-04 2.12e-03 2.78e+05 3.29e-03   0.1
  gen_muls[34].mul_8x8 (MUL_8X8_5)     6.30e-03 1.68e-02 2.39e+06 2.55e-02   1.0
    mult_1149 (MUL_8X8_5_DW02_mult_0_DW02_mult_34)
                                       6.30e-03 1.68e-02 2.39e+06 2.55e-02   1.0
      FS_1 (MUL_8X8_5_DW01_add_0_DW01_add_42)
                                       9.30e-04 2.12e-03 2.78e+05 3.33e-03   0.1
  gen_muls[33].mul_8x8 (MUL_8X8_6)     6.25e-03 1.69e-02 2.39e+06 2.55e-02   1.0
    mult_1149 (MUL_8X8_6_DW02_mult_0_DW02_mult_32)
                                       6.25e-03 1.69e-02 2.39e+06 2.55e-02   1.0
      FS_1 (MUL_8X8_6_DW01_add_0_DW01_add_40)
                                       8.89e-04 2.13e-03 2.78e+05 3.30e-03   0.1
  gen_muls[32].mul_8x8 (MUL_8X8_7)     6.27e-03 1.70e-02 2.39e+06 2.56e-02   1.0
    mult_1149 (MUL_8X8_7_DW02_mult_0_DW02_mult_29)
                                       6.27e-03 1.70e-02 2.39e+06 2.56e-02   1.0
      FS_1 (MUL_8X8_7_DW01_add_0_DW01_add_37)
                                       8.96e-04 2.13e-03 2.78e+05 3.30e-03   0.1
  gen_muls[31].mul_8x8 (MUL_8X8_8)     6.36e-03 1.69e-02 2.39e+06 2.56e-02   1.0
    mult_1149 (MUL_8X8_8_DW02_mult_0_DW02_mult_25)
                                       6.36e-03 1.69e-02 2.39e+06 2.56e-02   1.0
      FS_1 (MUL_8X8_8_DW01_add_0_DW01_add_33)
                                       9.42e-04 2.13e-03 2.78e+05 3.35e-03   0.1
  gen_muls[30].mul_8x8 (MUL_8X8_9)     6.28e-03 1.69e-02 2.39e+06 2.56e-02   1.0
    mult_1149 (MUL_8X8_9_DW02_mult_0_DW02_mult_22)
                                       6.28e-03 1.69e-02 2.39e+06 2.56e-02   1.0
      FS_1 (MUL_8X8_9_DW01_add_0_DW01_add_30)
                                       8.97e-04 2.14e-03 2.78e+05 3.31e-03   0.1
  gen_muls[29].mul_8x8 (MUL_8X8_10)    6.35e-03 1.69e-02 2.39e+06 2.57e-02   1.0
    mult_1149 (MUL_8X8_10_DW02_mult_0_DW02_mult_31)
                                       6.35e-03 1.69e-02 2.39e+06 2.57e-02   1.0
      FS_1 (MUL_8X8_10_DW01_add_0_DW01_add_39)
                                       9.41e-04 2.14e-03 2.78e+05 3.36e-03   0.1
  gen_muls[28].mul_8x8 (MUL_8X8_11)    6.27e-03 1.70e-02 2.39e+06 2.56e-02   1.0
    mult_1149 (MUL_8X8_11_DW02_mult_0_DW02_mult_28)
                                       6.27e-03 1.70e-02 2.39e+06 2.56e-02   1.0
      FS_1 (MUL_8X8_11_DW01_add_0_DW01_add_36)
                                       8.90e-04 2.13e-03 2.78e+05 3.30e-03   0.1
  gen_muls[27].mul_8x8 (MUL_8X8_12)    6.28e-03 1.69e-02 2.39e+06 2.56e-02   1.0
    mult_1149 (MUL_8X8_12_DW02_mult_0_DW02_mult_24)
                                       6.28e-03 1.69e-02 2.39e+06 2.56e-02   1.0
      FS_1 (MUL_8X8_12_DW01_add_0_DW01_add_32)
                                       8.97e-04 2.13e-03 2.78e+05 3.30e-03   0.1
  gen_muls[26].mul_8x8 (MUL_8X8_13)    6.39e-03 1.70e-02 2.39e+06 2.57e-02   1.0
    mult_1149 (MUL_8X8_13_DW02_mult_0_DW02_mult_21)
                                       6.39e-03 1.70e-02 2.39e+06 2.57e-02   1.0
      FS_1 (MUL_8X8_13_DW01_add_0_DW01_add_29)
                                       9.52e-04 2.16e-03 2.78e+05 3.39e-03   0.1
  gen_muls[25].mul_8x8 (MUL_8X8_14)    6.28e-03 1.69e-02 2.39e+06 2.56e-02   1.0
    mult_1149 (MUL_8X8_14_DW02_mult_0_DW02_mult_19)
                                       6.28e-03 1.69e-02 2.39e+06 2.56e-02   1.0
      FS_1 (MUL_8X8_14_DW01_add_0_DW01_add_27)
                                       8.91e-04 2.13e-03 2.78e+05 3.30e-03   0.1
  gen_muls[24].mul_8x8 (MUL_8X8_15)    6.33e-03 1.69e-02 2.39e+06 2.56e-02   1.0
    mult_1149 (MUL_8X8_15_DW02_mult_0_DW02_mult_27)
                                       6.33e-03 1.69e-02 2.39e+06 2.56e-02   1.0
      FS_1 (MUL_8X8_15_DW01_add_0_DW01_add_35)
                                       9.40e-04 2.14e-03 2.78e+05 3.36e-03   0.1
  gen_muls[23].mul_8x8 (MUL_8X8_16)    6.27e-03 1.69e-02 2.39e+06 2.56e-02   1.0
    mult_1149 (MUL_8X8_16_DW02_mult_0_DW02_mult_23)
                                       6.27e-03 1.69e-02 2.39e+06 2.56e-02   1.0
      FS_1 (MUL_8X8_16_DW01_add_0_DW01_add_31)
                                       8.92e-04 2.13e-03 2.78e+05 3.30e-03   0.1
  gen_muls[22].mul_8x8 (MUL_8X8_17)    6.30e-03 1.69e-02 2.39e+06 2.56e-02   1.0
    mult_1149 (MUL_8X8_17_DW02_mult_0_DW02_mult_20)
                                       6.30e-03 1.69e-02 2.39e+06 2.56e-02   1.0
      FS_1 (MUL_8X8_17_DW01_add_0_DW01_add_28)
                                       9.05e-04 2.15e-03 2.78e+05 3.33e-03   0.1
  gen_muls[21].mul_8x8 (MUL_8X8_18)    6.40e-03 1.70e-02 2.39e+06 2.58e-02   1.0
    mult_1149 (MUL_8X8_18_DW02_mult_0_DW02_mult_18)
                                       6.40e-03 1.70e-02 2.39e+06 2.58e-02   1.0
      FS_1 (MUL_8X8_18_DW01_add_0_DW01_add_26)
                                       9.54e-04 2.16e-03 2.78e+05 3.39e-03   0.1
  gen_muls[20].mul_8x8 (MUL_8X8_19)    6.24e-03 1.68e-02 2.39e+06 2.54e-02   1.0
    mult_1149 (MUL_8X8_19_DW02_mult_0_DW02_mult_17)
                                       6.24e-03 1.68e-02 2.39e+06 2.54e-02   1.0
      FS_1 (MUL_8X8_19_DW01_add_0_DW01_add_25)
                                       8.88e-04 2.11e-03 2.78e+05 3.28e-03   0.1
  gen_muls[19].mul_8x8 (MUL_8X8_20)    6.31e-03 1.68e-02 2.39e+06 2.55e-02   1.0
    mult_1149 (MUL_8X8_20_DW02_mult_0_DW02_mult_16)
                                       6.31e-03 1.68e-02 2.39e+06 2.55e-02   1.0
      FS_1 (MUL_8X8_20_DW01_add_0_DW01_add_24)
                                       9.33e-04 2.12e-03 2.78e+05 3.33e-03   0.1
  gen_muls[18].mul_8x8 (MUL_8X8_21)    6.26e-03 1.69e-02 2.39e+06 2.55e-02   1.0
    mult_1149 (MUL_8X8_21_DW02_mult_0_DW02_mult_12)
                                       6.26e-03 1.69e-02 2.39e+06 2.55e-02   1.0
      FS_1 (MUL_8X8_21_DW01_add_0_DW01_add_20)
                                       8.91e-04 2.13e-03 2.78e+05 3.30e-03   0.1
  gen_muls[17].mul_8x8 (MUL_8X8_22)    6.27e-03 1.69e-02 2.39e+06 2.56e-02   1.0
    mult_1149 (MUL_8X8_22_DW02_mult_0_DW02_mult_8)
                                       6.27e-03 1.69e-02 2.39e+06 2.56e-02   1.0
      FS_1 (MUL_8X8_22_DW01_add_0_DW01_add_16)
                                       8.97e-04 2.13e-03 2.78e+05 3.31e-03   0.1
  gen_muls[16].mul_8x8 (MUL_8X8_23)    6.36e-03 1.69e-02 2.39e+06 2.57e-02   1.0
    mult_1149 (MUL_8X8_23_DW02_mult_0_DW02_mult_5)
                                       6.36e-03 1.69e-02 2.39e+06 2.57e-02   1.0
      FS_1 (MUL_8X8_23_DW01_add_0_DW01_add_13)
                                       9.42e-04 2.13e-03 2.78e+05 3.35e-03   0.1
  gen_muls[15].mul_8x8 (MUL_8X8_24)    6.26e-03 1.69e-02 2.39e+06 2.55e-02   1.0
    mult_1149 (MUL_8X8_24_DW02_mult_0_DW02_mult_1)
                                       6.26e-03 1.69e-02 2.39e+06 2.55e-02   1.0
      FS_1 (MUL_8X8_24_DW01_add_0_DW01_add_9)
                                       8.88e-04 2.12e-03 2.78e+05 3.29e-03   0.1
  gen_muls[14].mul_8x8 (MUL_8X8_25)    6.30e-03 1.68e-02 2.39e+06 2.55e-02   1.0
    mult_1149 (MUL_8X8_25_DW02_mult_0_DW02_mult_15)
                                       6.30e-03 1.68e-02 2.39e+06 2.55e-02   1.0
      FS_1 (MUL_8X8_25_DW01_add_0_DW01_add_23)
                                       9.30e-04 2.12e-03 2.78e+05 3.33e-03   0.1
  gen_muls[13].mul_8x8 (MUL_8X8_26)    6.25e-03 1.69e-02 2.39e+06 2.55e-02   1.0
    mult_1149 (MUL_8X8_26_DW02_mult_0_DW02_mult_11)
                                       6.25e-03 1.69e-02 2.39e+06 2.55e-02   1.0
      FS_1 (MUL_8X8_26_DW01_add_0_DW01_add_19)
                                       8.89e-04 2.13e-03 2.78e+05 3.30e-03   0.1
  gen_muls[12].mul_8x8 (MUL_8X8_27)    6.27e-03 1.70e-02 2.39e+06 2.56e-02   1.0
    mult_1149 (MUL_8X8_27_DW02_mult_0_DW02_mult_7)
                                       6.27e-03 1.70e-02 2.39e+06 2.56e-02   1.0
      FS_1 (MUL_8X8_27_DW01_add_0_DW01_add_15)
                                       8.96e-04 2.13e-03 2.78e+05 3.30e-03   0.1
  gen_muls[11].mul_8x8 (MUL_8X8_28)    6.36e-03 1.69e-02 2.39e+06 2.56e-02   1.0
    mult_1149 (MUL_8X8_28_DW02_mult_0_DW02_mult_4)
                                       6.36e-03 1.69e-02 2.39e+06 2.56e-02   1.0
      FS_1 (MUL_8X8_28_DW01_add_0_DW01_add_12)
                                       9.42e-04 2.13e-03 2.78e+05 3.35e-03   0.1
  gen_muls[10].mul_8x8 (MUL_8X8_29)    6.28e-03 1.69e-02 2.39e+06 2.56e-02   1.0
    mult_1149 (MUL_8X8_29_DW02_mult_0) 6.28e-03 1.69e-02 2.39e+06 2.56e-02   1.0
      FS_1 (MUL_8X8_29_DW01_add_0_DW01_add_8)
                                       8.97e-04 2.14e-03 2.78e+05 3.31e-03   0.1
  gen_muls[9].mul_8x8 (MUL_8X8_30)     6.35e-03 1.69e-02 2.39e+06 2.57e-02   1.0
    mult_1149 (MUL_8X8_30_DW02_mult_0_DW02_mult_14)
                                       6.35e-03 1.69e-02 2.39e+06 2.57e-02   1.0
      FS_1 (MUL_8X8_30_DW01_add_0_DW01_add_22)
                                       9.41e-04 2.14e-03 2.78e+05 3.36e-03   0.1
  gen_muls[8].mul_8x8 (MUL_8X8_31)     6.27e-03 1.70e-02 2.39e+06 2.56e-02   1.0
    mult_1149 (MUL_8X8_31_DW02_mult_0_DW02_mult_10)
                                       6.27e-03 1.70e-02 2.39e+06 2.56e-02   1.0
      FS_1 (MUL_8X8_31_DW01_add_0_DW01_add_18)
                                       8.90e-04 2.13e-03 2.78e+05 3.30e-03   0.1
  gen_muls[7].mul_8x8 (MUL_8X8_32)     6.72e-03 1.70e-02 2.39e+06 2.61e-02   1.0
    mult_1149 (MUL_8X8_32_DW02_mult_0_DW02_mult_37)
                                       6.72e-03 1.70e-02 2.39e+06 2.61e-02   1.0
      FS_1 (MUL_8X8_32_DW01_add_0_DW01_add_75)
                                       1.13e-03 2.13e-03 2.78e+05 3.54e-03   0.1
  gen_muls[6].mul_8x8 (MUL_8X8_33)     6.75e-03 1.70e-02 2.39e+06 2.61e-02   1.0
    mult_1149 (MUL_8X8_33_DW02_mult_0_DW02_mult_38)
                                       6.75e-03 1.70e-02 2.39e+06 2.61e-02   1.0
      FS_1 (MUL_8X8_33_DW01_add_0_DW01_add_76)
                                       1.14e-03 2.16e-03 2.78e+05 3.58e-03   0.1
  gen_muls[5].mul_8x8 (MUL_8X8_34)     6.72e-03 1.70e-02 2.39e+06 2.61e-02   1.0
    mult_1149 (MUL_8X8_34_DW02_mult_0_DW02_mult_39)
                                       6.72e-03 1.70e-02 2.39e+06 2.61e-02   1.0
      FS_1 (MUL_8X8_34_DW01_add_0_DW01_add_77)
                                       1.13e-03 2.13e-03 2.78e+05 3.54e-03   0.1
  gen_muls[4].mul_8x8 (MUL_8X8_35)     6.69e-03 1.70e-02 2.39e+06 2.60e-02   1.0
    mult_1149 (MUL_8X8_35_DW02_mult_0_DW02_mult_13)
                                       6.69e-03 1.70e-02 2.39e+06 2.60e-02   1.0
      FS_1 (MUL_8X8_35_DW01_add_0_DW01_add_21)
                                       1.13e-03 2.14e-03 2.78e+05 3.55e-03   0.1
  gen_muls[3].mul_8x8 (MUL_8X8_36)     6.70e-03 1.70e-02 2.39e+06 2.60e-02   1.0
    mult_1149 (MUL_8X8_36_DW02_mult_0_DW02_mult_9)
                                       6.70e-03 1.70e-02 2.39e+06 2.60e-02   1.0
      FS_1 (MUL_8X8_36_DW01_add_0_DW01_add_17)
                                       1.13e-03 2.13e-03 2.78e+05 3.54e-03   0.1
  gen_muls[2].mul_8x8 (MUL_8X8_37)     6.66e-03 1.70e-02 2.39e+06 2.60e-02   1.0
    mult_1149 (MUL_8X8_37_DW02_mult_0_DW02_mult_6)
                                       6.66e-03 1.70e-02 2.39e+06 2.60e-02   1.0
      FS_1 (MUL_8X8_37_DW01_add_0_DW01_add_14)
                                       1.10e-03 2.15e-03 2.78e+05 3.53e-03   0.1
  gen_muls[1].mul_8x8 (MUL_8X8_38)     6.40e-03 1.70e-02 2.39e+06 2.58e-02   1.0
    mult_1149 (MUL_8X8_38_DW02_mult_0_DW02_mult_3)
                                       6.40e-03 1.70e-02 2.39e+06 2.58e-02   1.0
      FS_1 (MUL_8X8_38_DW01_add_0_DW01_add_11)
                                       9.54e-04 2.16e-03 2.78e+05 3.39e-03   0.1
  gen_muls[0].mul_8x8 (MUL_8X8_39)     6.24e-03 1.68e-02 2.39e+06 2.54e-02   1.0
    mult_1149 (MUL_8X8_39_DW02_mult_0_DW02_mult_2)
                                       6.24e-03 1.68e-02 2.39e+06 2.54e-02   1.0
      FS_1 (MUL_8X8_39_DW01_add_0_DW01_add_10)
                                       8.88e-04 2.11e-03 2.78e+05 3.28e-03   0.1
1
