 
****************************************
check_design summary:
Version:     R-2020.09-SP5
Date:        Wed Apr 29 02:16:47 2026
****************************************

                   Name                                            Total
--------------------------------------------------------------------------------
Inputs/Outputs                                                     64
    Unconnected ports (LINT-28)                                    64

Cells                                                              72
    Cells do not drive (LINT-1)                                    72

Nets                                                               16
    Unloaded nets (LINT-2)                                         16
--------------------------------------------------------------------------------

Warning: In design 'lenet', cell 'C25435' does not drive any nets. (LINT-1)
Warning: In design 'lenet', cell 'B_756' does not drive any nets. (LINT-1)
Warning: In design 'lenet', cell 'B_757' does not drive any nets. (LINT-1)
Warning: In design 'lenet', cell 'C25870' does not drive any nets. (LINT-1)
Warning: In design 'lenet', cell 'C25871' does not drive any nets. (LINT-1)
Warning: In design 'lenet', cell 'C25880' does not drive any nets. (LINT-1)
Warning: In design 'lenet', cell 'C25906' does not drive any nets. (LINT-1)
Warning: In design 'lenet', cell 'C25910' does not drive any nets. (LINT-1)
Warning: In design 'lenet', cell 'C25917' does not drive any nets. (LINT-1)
Warning: In design 'lenet', cell 'C25920' does not drive any nets. (LINT-1)
Warning: In design 'lenet', cell 'C25965' does not drive any nets. (LINT-1)
Warning: In design 'lenet', cell 'C25966' does not drive any nets. (LINT-1)
Warning: In design 'lenet', cell 'C25967' does not drive any nets. (LINT-1)
Warning: In design 'lenet', cell 'C26040' does not drive any nets. (LINT-1)
Warning: In design 'lenet', cell 'C26041' does not drive any nets. (LINT-1)
Warning: In design 'lenet', cell 'C26050' does not drive any nets. (LINT-1)
Warning: In design 'lenet', cell 'C26076' does not drive any nets. (LINT-1)
Warning: In design 'lenet', cell 'C26080' does not drive any nets. (LINT-1)
Warning: In design 'lenet', cell 'C26087' does not drive any nets. (LINT-1)
Warning: In design 'lenet', cell 'C26090' does not drive any nets. (LINT-1)
Warning: In design 'lenet', cell 'C26135' does not drive any nets. (LINT-1)
Warning: In design 'lenet', cell 'C26187' does not drive any nets. (LINT-1)
Warning: In design 'lenet', cell 'C26290' does not drive any nets. (LINT-1)
Warning: In design 'lenet', cell 'C26291' does not drive any nets. (LINT-1)
Warning: In design 'lenet', cell 'C26296' does not drive any nets. (LINT-1)
Warning: In design 'lenet', cell 'C26297' does not drive any nets. (LINT-1)
Warning: In design 'lenet', cell 'C26336' does not drive any nets. (LINT-1)
Warning: In design 'lenet', cell 'C26337' does not drive any nets. (LINT-1)
Warning: In design 'lenet', cell 'C26341' does not drive any nets. (LINT-1)
Warning: In design 'lenet', cell 'C26342' does not drive any nets. (LINT-1)
Warning: In design 'lenet', cell 'C26349' does not drive any nets. (LINT-1)
Warning: In design 'lenet', cell 'C26358' does not drive any nets. (LINT-1)
Warning: In design 'lenet', cell 'C26366' does not drive any nets. (LINT-1)
Warning: In design 'lenet', cell 'C26374' does not drive any nets. (LINT-1)
Warning: In design 'lenet', cell 'C26380' does not drive any nets. (LINT-1)
Warning: In design 'lenet', cell 'C26387' does not drive any nets. (LINT-1)
Warning: In design 'lenet', cell 'C26423' does not drive any nets. (LINT-1)
Warning: In design 'lenet', cell 'C26427' does not drive any nets. (LINT-1)
Warning: In design 'lenet', cell 'C26428' does not drive any nets. (LINT-1)
Warning: In design 'lenet', cell 'C26433' does not drive any nets. (LINT-1)
Warning: In design 'lenet', cell 'C26434' does not drive any nets. (LINT-1)
Warning: In design 'lenet', cell 'C26435' does not drive any nets. (LINT-1)
Warning: In design 'lenet', cell 'C26598' does not drive any nets. (LINT-1)
Warning: In design 'lenet', cell 'C26633' does not drive any nets. (LINT-1)
Warning: In design 'lenet', cell 'C26638' does not drive any nets. (LINT-1)
Warning: In design 'lenet', cell 'C26642' does not drive any nets. (LINT-1)
Warning: In design 'lenet', cell 'C26646' does not drive any nets. (LINT-1)
Warning: In design 'lenet', cell 'C26650' does not drive any nets. (LINT-1)
Warning: In design 'lenet', cell 'C26749' does not drive any nets. (LINT-1)
Warning: In design 'lenet', cell 'C26755' does not drive any nets. (LINT-1)
Warning: In design 'lenet', cell 'C26761' does not drive any nets. (LINT-1)
Warning: In design 'lenet', cell 'C26860' does not drive any nets. (LINT-1)
Warning: In design 'lenet', cell 'C26866' does not drive any nets. (LINT-1)
Warning: In design 'lenet', cell 'C26872' does not drive any nets. (LINT-1)
Warning: In design 'lenet', cell 'C26970' does not drive any nets. (LINT-1)
Warning: In design 'lenet', cell 'C26976' does not drive any nets. (LINT-1)
Warning: In design 'lenet', cell 'C26982' does not drive any nets. (LINT-1)
Warning: In design 'lenet', cell 'C27081' does not drive any nets. (LINT-1)
Warning: In design 'lenet', cell 'C27087' does not drive any nets. (LINT-1)
Warning: In design 'lenet', cell 'C27093' does not drive any nets. (LINT-1)
Warning: In design 'lenet', cell 'C27191' does not drive any nets. (LINT-1)
Warning: In design 'lenet', cell 'C27197' does not drive any nets. (LINT-1)
Warning: In design 'lenet', cell 'C27203' does not drive any nets. (LINT-1)
Warning: In design 'lenet', cell 'C27302' does not drive any nets. (LINT-1)
Warning: In design 'lenet', cell 'C27308' does not drive any nets. (LINT-1)
Warning: In design 'lenet', cell 'C27314' does not drive any nets. (LINT-1)
Warning: In design 'lenet', cell 'C27412' does not drive any nets. (LINT-1)
Warning: In design 'lenet', cell 'C27418' does not drive any nets. (LINT-1)
Warning: In design 'lenet', cell 'C27424' does not drive any nets. (LINT-1)
Warning: In design 'lenet', cell 'C27523' does not drive any nets. (LINT-1)
Warning: In design 'lenet', cell 'C27529' does not drive any nets. (LINT-1)
Warning: In design 'lenet', cell 'C27535' does not drive any nets. (LINT-1)
Warning: In design 'lenet', net 'mo[0]' driven by pin 'mul32/Out[0]' has no loads. (LINT-2)
Warning: In design 'lenet', net 'mo[1]' driven by pin 'mul32/Out[1]' has no loads. (LINT-2)
Warning: In design 'lenet', net 'mo[2]' driven by pin 'mul32/Out[2]' has no loads. (LINT-2)
Warning: In design 'lenet', net 'mo[3]' driven by pin 'mul32/Out[3]' has no loads. (LINT-2)
Warning: In design 'lenet', net 'mo[4]' driven by pin 'mul32/Out[4]' has no loads. (LINT-2)
Warning: In design 'lenet', net 'mo[5]' driven by pin 'mul32/Out[5]' has no loads. (LINT-2)
Warning: In design 'lenet', net 'mo[6]' driven by pin 'mul32/Out[6]' has no loads. (LINT-2)
Warning: In design 'lenet', net 'mo[7]' driven by pin 'mul32/Out[7]' has no loads. (LINT-2)
Warning: In design 'lenet', net 'mo[8]' driven by pin 'mul32/Out[8]' has no loads. (LINT-2)
Warning: In design 'lenet', net 'mo[9]' driven by pin 'mul32/Out[9]' has no loads. (LINT-2)
Warning: In design 'lenet', net 'mo[10]' driven by pin 'mul32/Out[10]' has no loads. (LINT-2)
Warning: In design 'lenet', net 'mo[11]' driven by pin 'mul32/Out[11]' has no loads. (LINT-2)
Warning: In design 'lenet', net 'mo[12]' driven by pin 'mul32/Out[12]' has no loads. (LINT-2)
Warning: In design 'lenet', net 'mo[13]' driven by pin 'mul32/Out[13]' has no loads. (LINT-2)
Warning: In design 'lenet', net 'mo[14]' driven by pin 'mul32/Out[14]' has no loads. (LINT-2)
Warning: In design 'lenet', net 'mo[15]' driven by pin 'mul32/Out[15]' has no loads. (LINT-2)
Warning: In design 'lenet', port 'sram_weight_wdata0[31]' is not connected to any nets. (LINT-28)
Warning: In design 'lenet', port 'sram_weight_wdata0[30]' is not connected to any nets. (LINT-28)
Warning: In design 'lenet', port 'sram_weight_wdata0[29]' is not connected to any nets. (LINT-28)
Warning: In design 'lenet', port 'sram_weight_wdata0[28]' is not connected to any nets. (LINT-28)
Warning: In design 'lenet', port 'sram_weight_wdata0[27]' is not connected to any nets. (LINT-28)
Warning: In design 'lenet', port 'sram_weight_wdata0[26]' is not connected to any nets. (LINT-28)
Warning: In design 'lenet', port 'sram_weight_wdata0[25]' is not connected to any nets. (LINT-28)
Warning: In design 'lenet', port 'sram_weight_wdata0[24]' is not connected to any nets. (LINT-28)
Warning: In design 'lenet', port 'sram_weight_wdata0[23]' is not connected to any nets. (LINT-28)
Warning: In design 'lenet', port 'sram_weight_wdata0[22]' is not connected to any nets. (LINT-28)
Warning: In design 'lenet', port 'sram_weight_wdata0[21]' is not connected to any nets. (LINT-28)
Warning: In design 'lenet', port 'sram_weight_wdata0[20]' is not connected to any nets. (LINT-28)
Warning: In design 'lenet', port 'sram_weight_wdata0[19]' is not connected to any nets. (LINT-28)
Warning: In design 'lenet', port 'sram_weight_wdata0[18]' is not connected to any nets. (LINT-28)
Warning: In design 'lenet', port 'sram_weight_wdata0[17]' is not connected to any nets. (LINT-28)
Warning: In design 'lenet', port 'sram_weight_wdata0[16]' is not connected to any nets. (LINT-28)
Warning: In design 'lenet', port 'sram_weight_wdata0[15]' is not connected to any nets. (LINT-28)
Warning: In design 'lenet', port 'sram_weight_wdata0[14]' is not connected to any nets. (LINT-28)
Warning: In design 'lenet', port 'sram_weight_wdata0[13]' is not connected to any nets. (LINT-28)
Warning: In design 'lenet', port 'sram_weight_wdata0[12]' is not connected to any nets. (LINT-28)
Warning: In design 'lenet', port 'sram_weight_wdata0[11]' is not connected to any nets. (LINT-28)
Warning: In design 'lenet', port 'sram_weight_wdata0[10]' is not connected to any nets. (LINT-28)
Warning: In design 'lenet', port 'sram_weight_wdata0[9]' is not connected to any nets. (LINT-28)
Warning: In design 'lenet', port 'sram_weight_wdata0[8]' is not connected to any nets. (LINT-28)
Warning: In design 'lenet', port 'sram_weight_wdata0[7]' is not connected to any nets. (LINT-28)
Warning: In design 'lenet', port 'sram_weight_wdata0[6]' is not connected to any nets. (LINT-28)
Warning: In design 'lenet', port 'sram_weight_wdata0[5]' is not connected to any nets. (LINT-28)
Warning: In design 'lenet', port 'sram_weight_wdata0[4]' is not connected to any nets. (LINT-28)
Warning: In design 'lenet', port 'sram_weight_wdata0[3]' is not connected to any nets. (LINT-28)
Warning: In design 'lenet', port 'sram_weight_wdata0[2]' is not connected to any nets. (LINT-28)
Warning: In design 'lenet', port 'sram_weight_wdata0[1]' is not connected to any nets. (LINT-28)
Warning: In design 'lenet', port 'sram_weight_wdata0[0]' is not connected to any nets. (LINT-28)
Warning: In design 'lenet', port 'sram_weight_wdata1[31]' is not connected to any nets. (LINT-28)
Warning: In design 'lenet', port 'sram_weight_wdata1[30]' is not connected to any nets. (LINT-28)
Warning: In design 'lenet', port 'sram_weight_wdata1[29]' is not connected to any nets. (LINT-28)
Warning: In design 'lenet', port 'sram_weight_wdata1[28]' is not connected to any nets. (LINT-28)
Warning: In design 'lenet', port 'sram_weight_wdata1[27]' is not connected to any nets. (LINT-28)
Warning: In design 'lenet', port 'sram_weight_wdata1[26]' is not connected to any nets. (LINT-28)
Warning: In design 'lenet', port 'sram_weight_wdata1[25]' is not connected to any nets. (LINT-28)
Warning: In design 'lenet', port 'sram_weight_wdata1[24]' is not connected to any nets. (LINT-28)
Warning: In design 'lenet', port 'sram_weight_wdata1[23]' is not connected to any nets. (LINT-28)
Warning: In design 'lenet', port 'sram_weight_wdata1[22]' is not connected to any nets. (LINT-28)
Warning: In design 'lenet', port 'sram_weight_wdata1[21]' is not connected to any nets. (LINT-28)
Warning: In design 'lenet', port 'sram_weight_wdata1[20]' is not connected to any nets. (LINT-28)
Warning: In design 'lenet', port 'sram_weight_wdata1[19]' is not connected to any nets. (LINT-28)
Warning: In design 'lenet', port 'sram_weight_wdata1[18]' is not connected to any nets. (LINT-28)
Warning: In design 'lenet', port 'sram_weight_wdata1[17]' is not connected to any nets. (LINT-28)
Warning: In design 'lenet', port 'sram_weight_wdata1[16]' is not connected to any nets. (LINT-28)
Warning: In design 'lenet', port 'sram_weight_wdata1[15]' is not connected to any nets. (LINT-28)
Warning: In design 'lenet', port 'sram_weight_wdata1[14]' is not connected to any nets. (LINT-28)
Warning: In design 'lenet', port 'sram_weight_wdata1[13]' is not connected to any nets. (LINT-28)
Warning: In design 'lenet', port 'sram_weight_wdata1[12]' is not connected to any nets. (LINT-28)
Warning: In design 'lenet', port 'sram_weight_wdata1[11]' is not connected to any nets. (LINT-28)
Warning: In design 'lenet', port 'sram_weight_wdata1[10]' is not connected to any nets. (LINT-28)
Warning: In design 'lenet', port 'sram_weight_wdata1[9]' is not connected to any nets. (LINT-28)
Warning: In design 'lenet', port 'sram_weight_wdata1[8]' is not connected to any nets. (LINT-28)
Warning: In design 'lenet', port 'sram_weight_wdata1[7]' is not connected to any nets. (LINT-28)
Warning: In design 'lenet', port 'sram_weight_wdata1[6]' is not connected to any nets. (LINT-28)
Warning: In design 'lenet', port 'sram_weight_wdata1[5]' is not connected to any nets. (LINT-28)
Warning: In design 'lenet', port 'sram_weight_wdata1[4]' is not connected to any nets. (LINT-28)
Warning: In design 'lenet', port 'sram_weight_wdata1[3]' is not connected to any nets. (LINT-28)
Warning: In design 'lenet', port 'sram_weight_wdata1[2]' is not connected to any nets. (LINT-28)
Warning: In design 'lenet', port 'sram_weight_wdata1[1]' is not connected to any nets. (LINT-28)
Warning: In design 'lenet', port 'sram_weight_wdata1[0]' is not connected to any nets. (LINT-28)
1
