 
****************************************
Report : timing
        -path full
        -delay min
        -max_paths 4
Design : lenet
Version: R-2020.09-SP5
Date   : Wed Apr 29 02:18:20 2026
****************************************

 # A fanout number of 1000 was used for high fanout net computations.

Operating Conditions: slow   Library: slow
Wire Load Model Mode: top

  Startpoint: sram_act_wdata0_reg[10]
              (rising edge-triggered flip-flop clocked by clk)
  Endpoint: sram_act_wdata0_reg[10]
            (rising edge-triggered flip-flop clocked by clk)
  Path Group: clk
  Path Type: min

  Point                                                   Incr       Path
  --------------------------------------------------------------------------
  clock clk (rise edge)                                   0.00       0.00
  clock network delay (ideal)                             0.00       0.00
  sram_act_wdata0_reg[10]/CK (DFFHQX4)                    0.00 #     0.00 r
  sram_act_wdata0_reg[10]/Q (DFFHQX4)                     0.16       0.16 r
  U2295/Y (INVX1)                                         0.03       0.20 f
  U2082/Y (NAND2X1)                                       0.06       0.26 r
  U2081/Y (NAND2X1)                                       0.05       0.31 f
  U2141/Y (INVX1)                                         0.05       0.37 r
  sram_act_wdata0_reg[10]/D (DFFHQX4)                     0.00       0.37 r
  data arrival time                                                  0.37

  clock clk (rise edge)                                   0.00       0.00
  clock network delay (ideal)                             0.00       0.00
  sram_act_wdata0_reg[10]/CK (DFFHQX4)                    0.00       0.00 r
  library hold time                                      -0.03      -0.03
  data required time                                                -0.03
  --------------------------------------------------------------------------
  data required time                                                -0.03
  data arrival time                                                 -0.37
  --------------------------------------------------------------------------
  slack (MET)                                                        0.40


  Startpoint: mac_reg_reg[5][0]
              (rising edge-triggered flip-flop clocked by clk)
  Endpoint: mac_reg_reg[5][0]
            (rising edge-triggered flip-flop clocked by clk)
  Path Group: clk
  Path Type: min

  Point                                    Incr       Path
  -----------------------------------------------------------
  clock clk (rise edge)                    0.00       0.00
  clock network delay (ideal)              0.00       0.00
  mac_reg_reg[5][0]/CK (DFFHQX4)           0.00 #     0.00 r
  mac_reg_reg[5][0]/Q (DFFHQX4)            0.19       0.19 r
  U2944/Y (AO22XL)                         0.18       0.36 r
  mac_reg_reg[5][0]/D (DFFHQX4)            0.00       0.36 r
  data arrival time                                   0.36

  clock clk (rise edge)                    0.00       0.00
  clock network delay (ideal)              0.00       0.00
  mac_reg_reg[5][0]/CK (DFFHQX4)           0.00       0.00 r
  library hold time                       -0.04      -0.04
  data required time                                 -0.04
  -----------------------------------------------------------
  data required time                                 -0.04
  data arrival time                                  -0.36
  -----------------------------------------------------------
  slack (MET)                                         0.40


  Startpoint: mac_reg_reg[6][0]
              (rising edge-triggered flip-flop clocked by clk)
  Endpoint: mac_reg_reg[6][0]
            (rising edge-triggered flip-flop clocked by clk)
  Path Group: clk
  Path Type: min

  Point                                    Incr       Path
  -----------------------------------------------------------
  clock clk (rise edge)                    0.00       0.00
  clock network delay (ideal)              0.00       0.00
  mac_reg_reg[6][0]/CK (DFFHQX4)           0.00 #     0.00 r
  mac_reg_reg[6][0]/Q (DFFHQX4)            0.19       0.19 r
  U2926/Y (AO22XL)                         0.18       0.36 r
  mac_reg_reg[6][0]/D (DFFHQX4)            0.00       0.36 r
  data arrival time                                   0.36

  clock clk (rise edge)                    0.00       0.00
  clock network delay (ideal)              0.00       0.00
  mac_reg_reg[6][0]/CK (DFFHQX4)           0.00       0.00 r
  library hold time                       -0.04      -0.04
  data required time                                 -0.04
  -----------------------------------------------------------
  data required time                                 -0.04
  data arrival time                                  -0.36
  -----------------------------------------------------------
  slack (MET)                                         0.40


  Startpoint: sram_act_wdata0_reg[17]
              (rising edge-triggered flip-flop clocked by clk)
  Endpoint: sram_act_wdata0_reg[17]
            (rising edge-triggered flip-flop clocked by clk)
  Path Group: clk
  Path Type: min

  Point                                                   Incr       Path
  --------------------------------------------------------------------------
  clock clk (rise edge)                                   0.00       0.00
  clock network delay (ideal)                             0.00       0.00
  sram_act_wdata0_reg[17]/CK (DFFHQX4)                    0.00 #     0.00 r
  sram_act_wdata0_reg[17]/Q (DFFHQX4)                     0.16       0.16 r
  U3559/Y (CLKINVX1)                                      0.04       0.21 f
  U1985/Y (NAND2X1)                                       0.06       0.27 r
  U1986/Y (NAND2X1)                                       0.05       0.33 f
  U1988/Y (INVX1)                                         0.05       0.38 r
  sram_act_wdata0_reg[17]/D (DFFHQX4)                     0.00       0.38 r
  data arrival time                                                  0.38

  clock clk (rise edge)                                   0.00       0.00
  clock network delay (ideal)                             0.00       0.00
  sram_act_wdata0_reg[17]/CK (DFFHQX4)                    0.00       0.00 r
  library hold time                                      -0.03      -0.03
  data required time                                                -0.03
  --------------------------------------------------------------------------
  data required time                                                -0.03
  data arrival time                                                 -0.38
  --------------------------------------------------------------------------
  slack (MET)                                                        0.41


1
