 
****************************************
Report : timing
        -path full
        -delay max
        -max_paths 1
Design : lenet
Version: R-2020.09-SP5
Date   : Wed Apr 29 02:18:20 2026
****************************************

 # A fanout number of 1000 was used for high fanout net computations.

Operating Conditions: slow   Library: slow
Wire Load Model Mode: top

  Startpoint: scale_CONV1[2]
              (input port clocked by clk)
  Endpoint: sram_act_wdata0_reg[31]
            (rising edge-triggered flip-flop clocked by clk)
  Path Group: clk
  Path Type: max

  Point                                                   Incr       Path
  --------------------------------------------------------------------------
  clock clk (rise edge)                                 0.0000     0.0000
  clock network delay (ideal)                           0.0000     0.0000
  input external delay                                  9.6500     9.6500 r
  scale_CONV1[2] (in)                                   0.0217     9.6717 r
  U2120/Y (NAND2X1)                                     0.0487     9.7204 f
  U2121/Y (AND3X4)                                      0.1781     9.8985 f
  U2122/Y (NAND2X6)                                     0.0770     9.9755 r
  mult_1294/B[2] (lenet_DW02_mult_0_DW02_mult_40)       0.0000     9.9755 r
  mult_1294/U167/Y (AND2XL)                             0.2127    10.1882 r
  mult_1294/S0_2/CO (ADDFX2)                            0.4692    10.6575 r
  mult_1294/S2_2_2/S (ADDFX2)                           0.4815    11.1390 f
  mult_1294/S2_3_1/CO (ADDFHX2)                         0.2071    11.3461 f
  mult_1294/S2_4_1/CO (ADDFX2)                          0.4371    11.7832 f
  mult_1294/S2_5_1/CO (ADDFHX1)                         0.3239    12.1070 f
  mult_1294/S2_6_1/CO (ADDFX2)                          0.4474    12.5545 f
  mult_1294/S2_7_1/CO (ADDFHX1)                         0.3240    12.8785 f
  mult_1294/S2_8_1/CO (ADDFX2)                          0.4725    13.3510 f
  mult_1294/S2_9_1/CO (ADDFHX2)                         0.3161    13.6671 f
  mult_1294/S2_10_1/CO (ADDFHX2)                        0.2778    13.9449 f
  mult_1294/U16/Y (NAND2X1)                             0.0861    14.0310 r
  mult_1294/U18/Y (NAND3X1)                             0.1259    14.1569 f
  mult_1294/S2_12_1/CO (ADDFHX1)                        0.4536    14.6104 f
  mult_1294/S2_13_1/CO (ADDFHX4)                        0.3185    14.9289 f
  mult_1294/S2_14_1/CO (ADDFHX4)                        0.2734    15.2023 f
  mult_1294/S2_15_1/CO (ADDFHX4)                        0.2734    15.4757 f
  mult_1294/S2_16_1/CO (ADDFHX4)                        0.2528    15.7285 f
  mult_1294/S4_1/CO (ADDFHX2)                           0.2915    16.0200 f
  mult_1294/S14_19/S (ADDFHX2)                          0.2838    16.3038 f
  mult_1294/FS_1/A[17] (lenet_DW01_add_45)              0.0000    16.3038 f
  mult_1294/FS_1/U9/Y (OR2X4)                           0.1624    16.4662 f
  mult_1294/FS_1/U58/Y (OAI2BB1X4)                      0.1414    16.6076 f
  mult_1294/FS_1/U49/Y (NAND2BX2)                       0.0735    16.6811 r
  mult_1294/FS_1/U5/Y (NAND2BX2)                        0.0628    16.7440 f
  mult_1294/FS_1/U43/Y (OAI2BB1X4)                      0.1432    16.8872 f
  mult_1294/FS_1/U45/Y (OAI2BB1X4)                      0.1295    17.0167 f
  mult_1294/FS_1/U24/Y (OAI2BB1X4)                      0.1362    17.1529 f
  mult_1294/FS_1/U23/Y (OAI2BB1X4)                      0.1278    17.2806 f
  mult_1294/FS_1/U28/Y (OAI2BB1X4)                      0.1267    17.4073 f
  mult_1294/FS_1/U27/Y (OAI2BB1X4)                      0.1243    17.5317 f
  mult_1294/FS_1/U34/Y (OAI2BB1X2)                      0.1529    17.6845 f
  mult_1294/FS_1/U26/Y (OAI2BB1X4)                      0.1293    17.8138 f
  mult_1294/FS_1/U19/Y (OAI2BB1X1)                      0.1877    18.0015 f
  mult_1294/FS_1/U47/Y (NAND2XL)                        0.0949    18.0964 r
  mult_1294/FS_1/U10/Y (NAND2XL)                        0.0745    18.1709 f
  mult_1294/FS_1/SUM[29] (lenet_DW01_add_45)            0.0000    18.1709 f
  mult_1294/PRODUCT[31] (lenet_DW02_mult_0_DW02_mult_40)
                                                        0.0000    18.1709 f
  U2223/Y (AOI21X1)                                     0.1381    18.3090 r
  U2039/Y (BUFX6)                                       0.1493    18.4582 r
  U2038/Y (NAND2BX4)                                    0.1331    18.5913 r
  U2028/Y (INVX4)                                       0.0523    18.6436 f
  U2277/Y (AOI221X1)                                    0.1961    18.8397 r
  U2276/Y (MX2X1)                                       0.1818    19.0216 r
  U2232/Y (OAI2BB1XL)                                   0.0559    19.0775 f
  sram_act_wdata0_reg[31]/D (DFFQXL)                    0.0000    19.0775 f
  data arrival time                                               19.0775

  clock clk (rise edge)                                19.3000    19.3000
  clock network delay (ideal)                           0.0000    19.3000
  sram_act_wdata0_reg[31]/CK (DFFQXL)                   0.0000    19.3000 r
  library setup time                                   -0.2191    19.0809
  data required time                                              19.0809
  --------------------------------------------------------------------------
  data required time                                              19.0809
  data arrival time                                              -19.0775
  --------------------------------------------------------------------------
  slack (MET)                                                      0.0034


1
