Information: Propagating switching activity (low effort zero delay simulation). (PWR-6)
Warning: Design has unannotated primary inputs. (PWR-414)
Warning: Design has unannotated sequential cell outputs. (PWR-415)
 
****************************************
Report : power
        -hier
        -analysis_effort low
Design : lenet
Version: R-2020.09-SP5
Date   : Wed Apr 29 02:18:21 2026
****************************************


Library(s) Used:

    slow (File: /home/m110/m110061644/synopsys_tech_file/slow.db)


Operating Conditions: slow   Library: slow
Wire Load Model Mode: top


Global Operating Voltage = 1.08 
Power-specific unit information :
    Voltage Units = 1V
    Capacitance Units = 1.000000pf
    Time Units = 1ns
    Dynamic Power Units = 1mW    (derived from V,C,T units)
    Leakage Power Units = 1pW


--------------------------------------------------------------------------------
                                       Switch   Int      Leak     Total
Hierarchy                              Power    Power    Power    Power    %
--------------------------------------------------------------------------------
lenet                                     0.320    2.018 2.56e+08    2.594 100.0
  add_1254_4_G8 (lenet_DW01_add_7)     4.90e-04 2.13e-03 9.31e+05 3.55e-03   0.1
  add_1254_2_G8 (lenet_DW01_add_8)     4.88e-04 2.37e-03 9.69e+05 3.83e-03   0.1
  add_1254_G8 (lenet_DW01_add_9)       4.55e-04 2.52e-03 1.10e+06 4.08e-03   0.2
  add_1254_3_G8 (lenet_DW01_add_10)    6.18e-04 2.32e-03 1.03e+06 3.97e-03   0.2
  add_1254_4_G7 (lenet_DW01_add_11)    4.79e-04 2.48e-03 1.08e+06 4.04e-03   0.2
  add_1254_2_G7 (lenet_DW01_add_12)    4.65e-04 2.55e-03 1.08e+06 4.10e-03   0.2
  add_1254_G7 (lenet_DW01_add_13)      4.69e-04 2.19e-03 9.86e+05 3.64e-03   0.1
  add_1254_3_G7 (lenet_DW01_add_14)    7.33e-04 2.19e-03 9.71e+05 3.89e-03   0.2
  add_1254_4_G6 (lenet_DW01_add_15)    5.12e-04 2.35e-03 1.00e+06 3.87e-03   0.1
  add_1254_2_G6 (lenet_DW01_add_16)    4.08e-04 2.03e-03 8.78e+05 3.31e-03   0.1
  add_1254_G6 (lenet_DW01_add_17)      4.04e-04 2.24e-03 9.86e+05 3.63e-03   0.1
  add_1254_3_G6 (lenet_DW01_add_18)    7.30e-04 2.40e-03 1.04e+06 4.17e-03   0.2
  add_1254_4_G5 (lenet_DW01_add_19)    4.50e-04 2.11e-03 8.97e+05 3.46e-03   0.1
  add_1254_2_G5 (lenet_DW01_add_20)    4.46e-04 2.68e-03 1.18e+06 4.30e-03   0.2
  add_1254_G5 (lenet_DW01_add_21)      5.42e-04 2.40e-03 1.05e+06 3.99e-03   0.2
  add_1254_3_G5 (lenet_DW01_add_22)    6.36e-04 2.30e-03 1.03e+06 3.97e-03   0.2
  add_1254_4_G4 (lenet_DW01_add_23)    5.99e-04 3.13e-03 1.19e+06 4.92e-03   0.2
  add_1254_2_G4 (lenet_DW01_add_24)    6.01e-04 3.18e-03 1.20e+06 4.98e-03   0.2
  add_1254_G4 (lenet_DW01_add_25)      5.20e-04 2.81e-03 1.10e+06 4.43e-03   0.2
  add_1254_3_G4 (lenet_DW01_add_26)    8.85e-04 2.29e-03 9.17e+05 4.09e-03   0.2
  add_1254_4_G3 (lenet_DW01_add_27)    4.96e-04 2.66e-03 1.02e+06 4.18e-03   0.2
  add_1254_2_G3 (lenet_DW01_add_28)    4.84e-04 2.46e-03 9.48e+05 3.89e-03   0.1
  add_1254_G3 (lenet_DW01_add_29)      4.55e-04 2.56e-03 1.01e+06 4.02e-03   0.2
  add_1254_3_G3 (lenet_DW01_add_30)    7.80e-04 2.39e-03 9.70e+05 4.14e-03   0.2
  add_1258_7 (lenet_DW01_add_35_DW01_add_115)
                                       4.47e-04 1.37e-03 6.48e+05 2.46e-03   0.1
  add_1258_3 (lenet_DW01_add_36_DW01_add_116)
                                       2.74e-04 1.30e-03 6.42e+05 2.22e-03   0.1
  add_1258_6 (lenet_DW01_add_37_DW01_add_117)
                                       2.92e-04 1.33e-03 6.48e+05 2.27e-03   0.1
  add_1258_2 (lenet_DW01_add_38_DW01_add_118)
                                       2.59e-04 1.30e-03 6.46e+05 2.20e-03   0.1
  add_1258_4 (lenet_DW01_add_39_DW01_add_119)
                                       2.40e-04 1.27e-03 6.40e+05 2.15e-03   0.1
  add_1258_5 (lenet_DW01_add_40_DW01_add_120)
                                       2.62e-04 1.30e-03 6.46e+05 2.20e-03   0.1
  add_1254_4_G2 (lenet_DW01_add_31)    5.43e-04 2.29e-03 8.85e+05 3.72e-03   0.1
  add_1254_2_G2 (lenet_DW01_add_32)    5.43e-04 2.42e-03 9.81e+05 3.94e-03   0.2
  add_1254_G2 (lenet_DW01_add_33)      5.05e-04 2.74e-03 1.04e+06 4.28e-03   0.2
  add_1254_3_G2 (lenet_DW01_add_34)    6.53e-04 2.13e-03 8.71e+05 3.66e-03   0.1
  add_1254_4 (lenet_DW01_add_41_DW01_add_121)
                                       4.78e-04 2.78e-03 1.04e+06 4.30e-03   0.2
  add_1254_2 (lenet_DW01_add_42_DW01_add_122)
                                       5.35e-04 2.80e-03 1.11e+06 4.45e-03   0.2
  add_1254_3 (lenet_DW01_add_43_DW01_add_123)
                                       8.24e-04 2.49e-03 9.47e+05 4.26e-03   0.2
  mult_1294 (lenet_DW02_mult_0_DW02_mult_40)
                                       1.90e-02 5.93e-02 2.25e+07    0.101   3.9
    FS_1 (lenet_DW01_add_45)           9.08e-04 1.89e-03 7.00e+05 3.49e-03   0.1
  r1031 (lenet_DW01_inc_16_DW01_inc_17)
                                       1.03e-04 7.64e-05 2.79e+05 4.58e-04   0.0
  r1032 (lenet_DW01_dec_0)             2.46e-04 3.06e-04 2.12e+05 7.64e-04   0.0
  r1046 (lenet_DW01_inc_15_DW01_inc_16)
                                       5.50e-05 1.07e-04 2.39e+05 4.01e-04   0.0
  r1049 (lenet_DW01_inc_14_DW01_inc_15)
                                       4.23e-05 1.70e-04 2.99e+05 5.11e-04   0.0
  r1054 (lenet_DW01_inc_13_DW01_inc_14)
                                       2.80e-05 1.60e-04 2.79e+05 4.67e-04   0.0
  r1057 (lenet_DW01_inc_12_DW01_inc_13)
                                       6.15e-07 2.06e-06 2.99e+05 3.01e-04   0.0
  r1066 (lenet_DW01_add_2)             6.46e-04 2.66e-03 1.05e+06 4.36e-03   0.2
  add_433 (lenet_DW01_inc_10_DW01_inc_11)
                                       2.43e-07 1.67e-06 2.99e+05 3.01e-04   0.0
  add_865_S2 (lenet_DW01_inc_9_DW01_inc_10)
                                       1.18e-05 4.01e-05 2.19e+05 2.70e-04   0.0
  add_880 (lenet_DW01_inc_8_DW01_inc_9)
                                       2.69e-05 1.56e-04 2.59e+05 4.42e-04   0.0
  add_437 (lenet_DW01_inc_7_DW01_inc_8)
                                       2.65e-05 1.73e-04 2.99e+05 4.98e-04   0.0
  add_609 (lenet_DW01_inc_6_DW01_inc_7)
                                       1.97e-05 1.31e-04 2.99e+05 4.50e-04   0.0
  add_629_2 (lenet_DW01_inc_5_DW01_inc_6)
                                       1.57e-05 1.37e-04 2.99e+05 4.51e-04   0.0
  add_633 (lenet_DW01_inc_4_DW01_inc_5)
                                       9.00e-05 4.59e-04 2.99e+05 8.48e-04   0.0
  add_640_2 (lenet_DW01_inc_3_DW01_inc_4)
                                       3.61e-05 1.64e-04 2.99e+05 4.99e-04   0.0
  add_650_2 (lenet_DW01_inc_2_DW01_inc_3)
                                       2.11e-05 1.37e-04 2.99e+05 4.57e-04   0.0
  add_654 (lenet_DW01_inc_1_DW01_inc_2)
                                       2.11e-05 1.36e-04 2.99e+05 4.55e-04   0.0
  add_678_2 (lenet_DW01_inc_0_DW01_inc_1)
                                       2.24e-05 1.37e-04 2.99e+05 4.58e-04   0.0
  add_1045 (lenet_DW01_add_0)          2.35e-04 1.96e-03 1.15e+06 3.35e-03   0.1
  mul32 (MUL32)                        2.21e-02 6.57e-02 2.43e+07    0.112   4.3
    mult_1335 (MUL32_DW02_mult_0_DW02_mult_41)
                                       2.10e-02 6.48e-02 2.41e+07    0.110   4.2
      FS_1 (MUL32_DW01_add_1)          1.35e-03 2.62e-03 7.55e+05 4.72e-03   0.2
  gen_pool[1].pool (POOL_0)            2.61e-03 3.94e-03 1.60e+06 8.15e-03   0.3
  gen_pool[0].pool (POOL_1)            2.58e-03 4.13e-03 1.64e+06 8.35e-03   0.3
  gen_macs[39].mac (MAC_0)             4.86e-03 1.60e-02 3.03e+06 2.39e-02   0.9
    add_1329 (MAC_0_DW01_add_0_DW01_add_107)
                                       3.77e-04 3.96e-03 6.41e+05 4.98e-03   0.2
    mult_1328 (MAC_0_DW02_mult_0_DW02_mult_36)
                                       4.48e-03 1.20e-02 2.39e+06 1.89e-02   0.7
      FS_1 (MAC_0_DW01_add_1_DW01_add_108)
                                       6.46e-04 1.53e-03 2.78e+05 2.46e-03   0.1
  gen_macs[38].mac (MAC_1)             4.88e-03 1.61e-02 3.03e+06 2.40e-02   0.9
    add_1329 (MAC_1_DW01_add_0_DW01_add_105)
                                       3.76e-04 3.95e-03 6.41e+05 4.97e-03   0.2
    mult_1328 (MAC_1_DW02_mult_0_DW02_mult_35)
                                       4.50e-03 1.21e-02 2.39e+06 1.90e-02   0.7
      FS_1 (MAC_1_DW01_add_1_DW01_add_106)
                                       6.51e-04 1.53e-03 2.78e+05 2.46e-03   0.1
  gen_macs[37].mac (MAC_2)             4.83e-03 1.59e-02 3.03e+06 2.38e-02   0.9
    add_1329 (MAC_2_DW01_add_0_DW01_add_101)
                                       3.77e-04 3.93e-03 6.41e+05 4.95e-03   0.2
    mult_1328 (MAC_2_DW02_mult_0_DW02_mult_33)
                                       4.46e-03 1.20e-02 2.39e+06 1.88e-02   0.7
      FS_1 (MAC_2_DW01_add_1_DW01_add_102)
                                       6.40e-04 1.52e-03 2.78e+05 2.44e-03   0.1
  gen_macs[36].mac (MAC_3)             4.86e-03 1.60e-02 3.03e+06 2.39e-02   0.9
    add_1329 (MAC_3_DW01_add_0_DW01_add_95)
                                       3.78e-04 3.96e-03 6.41e+05 4.97e-03   0.2
    mult_1328 (MAC_3_DW02_mult_0_DW02_mult_30)
                                       4.48e-03 1.21e-02 2.39e+06 1.90e-02   0.7
      FS_1 (MAC_3_DW01_add_1_DW01_add_96)
                                       6.38e-04 1.51e-03 2.78e+05 2.43e-03   0.1
  gen_macs[35].mac (MAC_4)             4.87e-03 1.60e-02 3.03e+06 2.39e-02   0.9
    add_1329 (MAC_4_DW01_add_0_DW01_add_87)
                                       3.79e-04 3.94e-03 6.41e+05 4.96e-03   0.2
    mult_1328 (MAC_4_DW02_mult_0_DW02_mult_26)
                                       4.49e-03 1.21e-02 2.39e+06 1.89e-02   0.7
      FS_1 (MAC_4_DW01_add_1_DW01_add_88)
                                       6.47e-04 1.53e-03 2.78e+05 2.46e-03   0.1
  gen_macs[34].mac (MAC_5)             4.87e-03 1.60e-02 3.03e+06 2.39e-02   0.9
    add_1329 (MAC_5_DW01_add_0_DW01_add_103)
                                       3.78e-04 3.96e-03 6.41e+05 4.98e-03   0.2
    mult_1328 (MAC_5_DW02_mult_0_DW02_mult_34)
                                       4.50e-03 1.21e-02 2.39e+06 1.89e-02   0.7
      FS_1 (MAC_5_DW01_add_1_DW01_add_104)
                                       6.50e-04 1.54e-03 2.78e+05 2.47e-03   0.1
  gen_macs[33].mac (MAC_6)             4.86e-03 1.61e-02 3.03e+06 2.40e-02   0.9
    add_1329 (MAC_6_DW01_add_0_DW01_add_99)
                                       3.77e-04 3.96e-03 6.41e+05 4.97e-03   0.2
    mult_1328 (MAC_6_DW02_mult_0_DW02_mult_32)
                                       4.49e-03 1.21e-02 2.39e+06 1.90e-02   0.7
      FS_1 (MAC_6_DW01_add_1_DW01_add_100)
                                       6.42e-04 1.52e-03 2.78e+05 2.44e-03   0.1
  gen_macs[32].mac (MAC_7)             4.84e-03 1.60e-02 3.03e+06 2.38e-02   0.9
    add_1329 (MAC_7_DW01_add_0_DW01_add_93)
                                       3.77e-04 3.94e-03 6.41e+05 4.96e-03   0.2
    mult_1328 (MAC_7_DW02_mult_0_DW02_mult_29)
                                       4.46e-03 1.20e-02 2.39e+06 1.89e-02   0.7
      FS_1 (MAC_7_DW01_add_1_DW01_add_94)
                                       6.40e-04 1.51e-03 2.78e+05 2.43e-03   0.1
  gen_macs[31].mac (MAC_8)             4.89e-03 1.61e-02 3.03e+06 2.40e-02   0.9
    add_1329 (MAC_8_DW01_add_0_DW01_add_85)
                                       3.82e-04 3.96e-03 6.41e+05 4.98e-03   0.2
    mult_1328 (MAC_8_DW02_mult_0_DW02_mult_25)
                                       4.51e-03 1.22e-02 2.39e+06 1.91e-02   0.7
      FS_1 (MAC_8_DW01_add_1_DW01_add_86)
                                       6.45e-04 1.53e-03 2.78e+05 2.45e-03   0.1
  gen_macs[30].mac (MAC_9)             4.88e-03 1.61e-02 3.03e+06 2.40e-02   0.9
    add_1329 (MAC_9_DW01_add_0_DW01_add_79)
                                       3.79e-04 3.95e-03 6.41e+05 4.97e-03   0.2
    mult_1328 (MAC_9_DW02_mult_0_DW02_mult_22)
                                       4.50e-03 1.21e-02 2.39e+06 1.90e-02   0.7
      FS_1 (MAC_9_DW01_add_1_DW01_add_80)
                                       6.46e-04 1.53e-03 2.78e+05 2.45e-03   0.1
  gen_macs[29].mac (MAC_10)            4.86e-03 1.60e-02 3.03e+06 2.39e-02   0.9
    add_1329 (MAC_10_DW01_add_0_DW01_add_97)
                                       3.77e-04 3.95e-03 6.41e+05 4.96e-03   0.2
    mult_1328 (MAC_10_DW02_mult_0_DW02_mult_31)
                                       4.49e-03 1.21e-02 2.39e+06 1.89e-02   0.7
      FS_1 (MAC_10_DW01_add_1_DW01_add_98)
                                       6.45e-04 1.53e-03 2.78e+05 2.45e-03   0.1
  gen_macs[28].mac (MAC_11)            4.84e-03 1.60e-02 3.03e+06 2.39e-02   0.9
    add_1329 (MAC_11_DW01_add_0_DW01_add_91)
                                       3.76e-04 3.93e-03 6.41e+05 4.95e-03   0.2
    mult_1328 (MAC_11_DW02_mult_0_DW02_mult_28)
                                       4.47e-03 1.21e-02 2.39e+06 1.89e-02   0.7
      FS_1 (MAC_11_DW01_add_1_DW01_add_92)
                                       6.39e-04 1.51e-03 2.78e+05 2.43e-03   0.1
  gen_macs[27].mac (MAC_12)            4.85e-03 1.60e-02 3.03e+06 2.39e-02   0.9
    add_1329 (MAC_12_DW01_add_0_DW01_add_83)
                                       3.80e-04 3.96e-03 6.41e+05 4.98e-03   0.2
    mult_1328 (MAC_12_DW02_mult_0_DW02_mult_24)
                                       4.47e-03 1.21e-02 2.39e+06 1.89e-02   0.7
      FS_1 (MAC_12_DW01_add_1_DW01_add_84)
                                       6.42e-04 1.52e-03 2.78e+05 2.44e-03   0.1
  gen_macs[26].mac (MAC_13)            4.90e-03 1.61e-02 3.03e+06 2.41e-02   0.9
    add_1329 (MAC_13_DW01_add_0_DW01_add_77)
                                       3.80e-04 3.97e-03 6.41e+05 4.99e-03   0.2
    mult_1328 (MAC_13_DW02_mult_0_DW02_mult_21)
                                       4.52e-03 1.22e-02 2.39e+06 1.91e-02   0.7
      FS_1 (MAC_13_DW01_add_1_DW01_add_78)
                                       6.48e-04 1.54e-03 2.78e+05 2.46e-03   0.1
  gen_macs[25].mac (MAC_14)            4.88e-03 1.61e-02 3.03e+06 2.40e-02   0.9
    add_1329 (MAC_14_DW01_add_0_DW01_add_73)
                                       3.78e-04 3.95e-03 6.41e+05 4.97e-03   0.2
    mult_1328 (MAC_14_DW02_mult_0_DW02_mult_19)
                                       4.51e-03 1.21e-02 2.39e+06 1.90e-02   0.7
      FS_1 (MAC_14_DW01_add_1_DW01_add_74)
                                       6.53e-04 1.54e-03 2.78e+05 2.47e-03   0.1
  gen_macs[24].mac (MAC_15)            4.85e-03 1.60e-02 3.03e+06 2.39e-02   0.9
    add_1329 (MAC_15_DW01_add_0_DW01_add_89)
                                       3.80e-04 3.97e-03 6.41e+05 4.99e-03   0.2
    mult_1328 (MAC_15_DW02_mult_0_DW02_mult_27)
                                       4.47e-03 1.20e-02 2.39e+06 1.89e-02   0.7
      FS_1 (MAC_15_DW01_add_1_DW01_add_90)
                                       6.39e-04 1.52e-03 2.78e+05 2.43e-03   0.1
  gen_macs[23].mac (MAC_16)            4.85e-03 1.60e-02 3.03e+06 2.39e-02   0.9
    add_1329 (MAC_16_DW01_add_0_DW01_add_81)
                                       3.78e-04 3.94e-03 6.41e+05 4.96e-03   0.2
    mult_1328 (MAC_16_DW02_mult_0_DW02_mult_23)
                                       4.48e-03 1.21e-02 2.39e+06 1.89e-02   0.7
      FS_1 (MAC_16_DW01_add_1_DW01_add_82)
                                       6.43e-04 1.52e-03 2.78e+05 2.44e-03   0.1
  gen_macs[22].mac (MAC_17)            4.86e-03 1.61e-02 3.03e+06 2.40e-02   0.9
    add_1329 (MAC_17_DW01_add_0_DW01_add_75)
                                       3.78e-04 3.97e-03 6.41e+05 4.99e-03   0.2
    mult_1328 (MAC_17_DW02_mult_0_DW02_mult_20)
                                       4.48e-03 1.21e-02 2.39e+06 1.90e-02   0.7
      FS_1 (MAC_17_DW01_add_1_DW01_add_76)
                                       6.44e-04 1.53e-03 2.78e+05 2.45e-03   0.1
  gen_macs[21].mac (MAC_18)            4.89e-03 1.61e-02 3.03e+06 2.41e-02   0.9
    add_1329 (MAC_18_DW01_add_0_DW01_add_71)
                                       3.78e-04 3.97e-03 6.41e+05 4.99e-03   0.2
    mult_1328 (MAC_18_DW02_mult_0_DW02_mult_18)
                                       4.51e-03 1.22e-02 2.39e+06 1.91e-02   0.7
      FS_1 (MAC_18_DW01_add_1_DW01_add_72)
                                       6.51e-04 1.54e-03 2.78e+05 2.47e-03   0.1
  gen_macs[20].mac (MAC_19)            4.86e-03 1.60e-02 3.03e+06 2.39e-02   0.9
    add_1329 (MAC_19_DW01_add_0_DW01_add_69)
                                       3.78e-04 3.93e-03 6.41e+05 4.95e-03   0.2
    mult_1328 (MAC_19_DW02_mult_0_DW02_mult_17)
                                       4.48e-03 1.21e-02 2.39e+06 1.89e-02   0.7
      FS_1 (MAC_19_DW01_add_1_DW01_add_70)
                                       6.45e-04 1.52e-03 2.78e+05 2.45e-03   0.1
  gen_macs[19].mac (MAC_20)            4.88e-03 1.60e-02 3.03e+06 2.40e-02   0.9
    add_1329 (MAC_20_DW01_add_0_DW01_add_67)
                                       4.00e-04 4.00e-03 6.41e+05 5.04e-03   0.2
    mult_1328 (MAC_20_DW02_mult_0_DW02_mult_16)
                                       4.48e-03 1.20e-02 2.39e+06 1.89e-02   0.7
      FS_1 (MAC_20_DW01_add_1_DW01_add_68)
                                       6.46e-04 1.53e-03 2.78e+05 2.46e-03   0.1
  gen_macs[18].mac (MAC_21)            4.90e-03 1.61e-02 3.03e+06 2.40e-02   0.9
    add_1329 (MAC_21_DW01_add_0_DW01_add_59)
                                       4.00e-04 3.99e-03 6.41e+05 5.03e-03   0.2
    mult_1328 (MAC_21_DW02_mult_0_DW02_mult_12)
                                       4.50e-03 1.21e-02 2.39e+06 1.90e-02   0.7
      FS_1 (MAC_21_DW01_add_1_DW01_add_60)
                                       6.51e-04 1.53e-03 2.78e+05 2.46e-03   0.1
  gen_macs[17].mac (MAC_22)            4.86e-03 1.60e-02 3.03e+06 2.39e-02   0.9
    add_1329 (MAC_22_DW01_add_0_DW01_add_51)
                                       4.00e-04 3.96e-03 6.41e+05 5.01e-03   0.2
    mult_1328 (MAC_22_DW02_mult_0_DW02_mult_8)
                                       4.46e-03 1.20e-02 2.39e+06 1.88e-02   0.7
      FS_1 (MAC_22_DW01_add_1_DW01_add_52)
                                       6.40e-04 1.52e-03 2.78e+05 2.44e-03   0.1
  gen_macs[16].mac (MAC_23)            4.88e-03 1.61e-02 3.03e+06 2.40e-02   0.9
    add_1329 (MAC_23_DW01_add_0_DW01_add_45)
                                       4.02e-04 3.99e-03 6.41e+05 5.04e-03   0.2
    mult_1328 (MAC_23_DW02_mult_0_DW02_mult_5)
                                       4.48e-03 1.21e-02 2.39e+06 1.90e-02   0.7
      FS_1 (MAC_23_DW01_add_1_DW01_add_46)
                                       6.38e-04 1.51e-03 2.78e+05 2.43e-03   0.1
  gen_macs[15].mac (MAC_24)            4.89e-03 1.60e-02 3.03e+06 2.40e-02   0.9
    add_1329 (MAC_24_DW01_add_0_DW01_add_37)
                                       4.01e-04 3.97e-03 6.41e+05 5.01e-03   0.2
    mult_1328 (MAC_24_DW02_mult_0_DW02_mult_1)
                                       4.49e-03 1.21e-02 2.39e+06 1.89e-02   0.7
      FS_1 (MAC_24_DW01_add_1_DW01_add_38)
                                       6.47e-04 1.53e-03 2.78e+05 2.46e-03   0.1
  gen_macs[14].mac (MAC_25)            4.90e-03 1.61e-02 3.03e+06 2.40e-02   0.9
    add_1329 (MAC_25_DW01_add_0_DW01_add_65)
                                       4.00e-04 3.99e-03 6.41e+05 5.03e-03   0.2
    mult_1328 (MAC_25_DW02_mult_0_DW02_mult_15)
                                       4.50e-03 1.21e-02 2.39e+06 1.90e-02   0.7
      FS_1 (MAC_25_DW01_add_1_DW01_add_66)
                                       6.50e-04 1.54e-03 2.78e+05 2.47e-03   0.1
  gen_macs[13].mac (MAC_26)            4.88e-03 1.61e-02 3.03e+06 2.40e-02   0.9
    add_1329 (MAC_26_DW01_add_0_DW01_add_57)
                                       3.99e-04 3.98e-03 6.41e+05 5.02e-03   0.2
    mult_1328 (MAC_26_DW02_mult_0_DW02_mult_11)
                                       4.49e-03 1.21e-02 2.39e+06 1.90e-02   0.7
      FS_1 (MAC_26_DW01_add_1_DW01_add_58)
                                       6.42e-04 1.52e-03 2.78e+05 2.44e-03   0.1
  gen_macs[12].mac (MAC_27)            4.86e-03 1.60e-02 3.03e+06 2.39e-02   0.9
    add_1329 (MAC_27_DW01_add_0_DW01_add_49)
                                       4.00e-04 3.98e-03 6.41e+05 5.02e-03   0.2
    mult_1328 (MAC_27_DW02_mult_0_DW02_mult_7)
                                       4.46e-03 1.20e-02 2.39e+06 1.89e-02   0.7
      FS_1 (MAC_27_DW01_add_1_DW01_add_50)
                                       6.40e-04 1.51e-03 2.78e+05 2.43e-03   0.1
  gen_macs[11].mac (MAC_28)            4.91e-03 1.61e-02 3.03e+06 2.41e-02   0.9
    add_1329 (MAC_28_DW01_add_0_DW01_add_43)
                                       4.04e-04 3.99e-03 6.41e+05 5.03e-03   0.2
    mult_1328 (MAC_28_DW02_mult_0_DW02_mult_4)
                                       4.51e-03 1.22e-02 2.39e+06 1.91e-02   0.7
      FS_1 (MAC_28_DW01_add_1_DW01_add_44)
                                       6.45e-04 1.53e-03 2.78e+05 2.45e-03   0.1
  gen_macs[10].mac (MAC_29)            4.90e-03 1.61e-02 3.03e+06 2.40e-02   0.9
    add_1329 (MAC_29_DW01_add_0_DW01_add_35)
                                       4.01e-04 3.99e-03 6.41e+05 5.03e-03   0.2
    mult_1328 (MAC_29_DW02_mult_0)     4.50e-03 1.21e-02 2.39e+06 1.90e-02   0.7
      FS_1 (MAC_29_DW01_add_1_DW01_add_36)
                                       6.46e-04 1.53e-03 2.78e+05 2.45e-03   0.1
  gen_macs[9].mac (MAC_30)             4.89e-03 1.60e-02 3.03e+06 2.39e-02   0.9
    add_1329 (MAC_30_DW01_add_0_DW01_add_63)
                                       3.99e-04 3.97e-03 6.41e+05 5.01e-03   0.2
    mult_1328 (MAC_30_DW02_mult_0_DW02_mult_14)
                                       4.49e-03 1.21e-02 2.39e+06 1.89e-02   0.7
      FS_1 (MAC_30_DW01_add_1_DW01_add_64)
                                       6.45e-04 1.53e-03 2.78e+05 2.45e-03   0.1
  gen_macs[8].mac (MAC_31)             4.87e-03 1.60e-02 3.03e+06 2.39e-02   0.9
    add_1329 (MAC_31_DW01_add_0_DW01_add_55)
                                       4.00e-04 3.97e-03 6.41e+05 5.02e-03   0.2
    mult_1328 (MAC_31_DW02_mult_0_DW02_mult_10)
                                       4.47e-03 1.21e-02 2.39e+06 1.89e-02   0.7
      FS_1 (MAC_31_DW01_add_1_DW01_add_56)
                                       6.39e-04 1.51e-03 2.78e+05 2.43e-03   0.1
  gen_macs[7].mac (MAC_32)             4.89e-03 1.61e-02 3.03e+06 2.40e-02   0.9
    add_1329 (MAC_32_DW01_add_0_DW01_add_109)
                                       4.06e-04 4.00e-03 6.41e+05 5.04e-03   0.2
    mult_1328 (MAC_32_DW02_mult_0_DW02_mult_37)
                                       4.48e-03 1.21e-02 2.39e+06 1.89e-02   0.7
      FS_1 (MAC_32_DW01_add_1_DW01_add_110)
                                       6.43e-04 1.53e-03 2.78e+05 2.45e-03   0.1
  gen_macs[6].mac (MAC_33)             4.93e-03 1.62e-02 3.03e+06 2.41e-02   0.9
    add_1329 (MAC_33_DW01_add_0_DW01_add_111)
                                       4.07e-04 4.01e-03 6.41e+05 5.06e-03   0.2
    mult_1328 (MAC_33_DW02_mult_0_DW02_mult_38)
                                       4.52e-03 1.22e-02 2.39e+06 1.91e-02   0.7
      FS_1 (MAC_33_DW01_add_1_DW01_add_112)
                                       6.48e-04 1.54e-03 2.78e+05 2.46e-03   0.1
  gen_macs[5].mac (MAC_34)             4.91e-03 1.61e-02 3.03e+06 2.41e-02   0.9
    add_1329 (MAC_34_DW01_add_0_DW01_add_113)
                                       4.05e-04 4.00e-03 6.41e+05 5.05e-03   0.2
    mult_1328 (MAC_34_DW02_mult_0_DW02_mult_39)
                                       4.51e-03 1.21e-02 2.39e+06 1.90e-02   0.7
      FS_1 (MAC_34_DW01_add_1_DW01_add_114)
                                       6.54e-04 1.54e-03 2.78e+05 2.47e-03   0.1
  gen_macs[4].mac (MAC_35)             4.87e-03 1.60e-02 3.03e+06 2.39e-02   0.9
    add_1329 (MAC_35_DW01_add_0_DW01_add_61)
                                       4.04e-04 4.00e-03 6.41e+05 5.05e-03   0.2
    mult_1328 (MAC_35_DW02_mult_0_DW02_mult_13)
                                       4.47e-03 1.20e-02 2.39e+06 1.89e-02   0.7
      FS_1 (MAC_35_DW01_add_1_DW01_add_62)
                                       6.39e-04 1.52e-03 2.78e+05 2.43e-03   0.1
  gen_macs[3].mac (MAC_36)             4.88e-03 1.60e-02 3.03e+06 2.39e-02   0.9
    add_1329 (MAC_36_DW01_add_0_DW01_add_53)
                                       4.05e-04 3.98e-03 6.41e+05 5.03e-03   0.2
    mult_1328 (MAC_36_DW02_mult_0_DW02_mult_9)
                                       4.48e-03 1.21e-02 2.39e+06 1.89e-02   0.7
      FS_1 (MAC_36_DW01_add_1_DW01_add_54)
                                       6.43e-04 1.52e-03 2.78e+05 2.44e-03   0.1
  gen_macs[2].mac (MAC_37)             4.89e-03 1.61e-02 3.03e+06 2.40e-02   0.9
    add_1329 (MAC_37_DW01_add_0_DW01_add_47)
                                       4.05e-04 4.01e-03 6.41e+05 5.05e-03   0.2
    mult_1328 (MAC_37_DW02_mult_0_DW02_mult_6)
                                       4.48e-03 1.21e-02 2.39e+06 1.90e-02   0.7
      FS_1 (MAC_37_DW01_add_1_DW01_add_48)
                                       6.44e-04 1.53e-03 2.78e+05 2.45e-03   0.1
  gen_macs[1].mac (MAC_38)             4.92e-03 1.62e-02 3.03e+06 2.41e-02   0.9
    add_1329 (MAC_38_DW01_add_0_DW01_add_41)
                                       4.04e-04 4.01e-03 6.41e+05 5.06e-03   0.2
    mult_1328 (MAC_38_DW02_mult_0_DW02_mult_3)
                                       4.51e-03 1.22e-02 2.39e+06 1.91e-02   0.7
      FS_1 (MAC_38_DW01_add_1_DW01_add_42)
                                       6.51e-04 1.54e-03 2.78e+05 2.47e-03   0.1
  gen_macs[0].mac (MAC_39)             4.89e-03 1.60e-02 3.03e+06 2.40e-02   0.9
    add_1329 (MAC_39_DW01_add_0_DW01_add_39)
                                       4.05e-04 3.98e-03 6.41e+05 5.03e-03   0.2
    mult_1328 (MAC_39_DW02_mult_0_DW02_mult_2)
                                       4.48e-03 1.21e-02 2.39e+06 1.89e-02   0.7
      FS_1 (MAC_39_DW01_add_1_DW01_add_40)
                                       6.45e-04 1.52e-03 2.78e+05 2.45e-03   0.1
1
