 
****************************************
check_design summary:
Version:     R-2020.09-SP5
Date:        Sat Apr 18 00:22:07 2026
****************************************

                   Name                                            Total
--------------------------------------------------------------------------------
Inputs/Outputs                                                     64
    Unconnected ports (LINT-28)                                    64

Cells                                                              72
    Cells do not drive (LINT-1)                                    72
--------------------------------------------------------------------------------

Warning: In design 'lenet', cell 'C35006' does not drive any nets. (LINT-1)
Warning: In design 'lenet', cell 'B_751' does not drive any nets. (LINT-1)
Warning: In design 'lenet', cell 'B_752' does not drive any nets. (LINT-1)
Warning: In design 'lenet', cell 'C35441' does not drive any nets. (LINT-1)
Warning: In design 'lenet', cell 'C35442' does not drive any nets. (LINT-1)
Warning: In design 'lenet', cell 'C35451' does not drive any nets. (LINT-1)
Warning: In design 'lenet', cell 'C35477' does not drive any nets. (LINT-1)
Warning: In design 'lenet', cell 'C35481' does not drive any nets. (LINT-1)
Warning: In design 'lenet', cell 'C35488' does not drive any nets. (LINT-1)
Warning: In design 'lenet', cell 'C35491' does not drive any nets. (LINT-1)
Warning: In design 'lenet', cell 'C35536' does not drive any nets. (LINT-1)
Warning: In design 'lenet', cell 'C35537' does not drive any nets. (LINT-1)
Warning: In design 'lenet', cell 'C35538' does not drive any nets. (LINT-1)
Warning: In design 'lenet', cell 'C35611' does not drive any nets. (LINT-1)
Warning: In design 'lenet', cell 'C35612' does not drive any nets. (LINT-1)
Warning: In design 'lenet', cell 'C35621' does not drive any nets. (LINT-1)
Warning: In design 'lenet', cell 'C35647' does not drive any nets. (LINT-1)
Warning: In design 'lenet', cell 'C35651' does not drive any nets. (LINT-1)
Warning: In design 'lenet', cell 'C35658' does not drive any nets. (LINT-1)
Warning: In design 'lenet', cell 'C35661' does not drive any nets. (LINT-1)
Warning: In design 'lenet', cell 'C35706' does not drive any nets. (LINT-1)
Warning: In design 'lenet', cell 'C35758' does not drive any nets. (LINT-1)
Warning: In design 'lenet', cell 'C35861' does not drive any nets. (LINT-1)
Warning: In design 'lenet', cell 'C35862' does not drive any nets. (LINT-1)
Warning: In design 'lenet', cell 'C35867' does not drive any nets. (LINT-1)
Warning: In design 'lenet', cell 'C35868' does not drive any nets. (LINT-1)
Warning: In design 'lenet', cell 'C35907' does not drive any nets. (LINT-1)
Warning: In design 'lenet', cell 'C35908' does not drive any nets. (LINT-1)
Warning: In design 'lenet', cell 'C35912' does not drive any nets. (LINT-1)
Warning: In design 'lenet', cell 'C35913' does not drive any nets. (LINT-1)
Warning: In design 'lenet', cell 'C35920' does not drive any nets. (LINT-1)
Warning: In design 'lenet', cell 'C35929' does not drive any nets. (LINT-1)
Warning: In design 'lenet', cell 'C35937' does not drive any nets. (LINT-1)
Warning: In design 'lenet', cell 'C35945' does not drive any nets. (LINT-1)
Warning: In design 'lenet', cell 'C35951' does not drive any nets. (LINT-1)
Warning: In design 'lenet', cell 'C35958' does not drive any nets. (LINT-1)
Warning: In design 'lenet', cell 'C35994' does not drive any nets. (LINT-1)
Warning: In design 'lenet', cell 'C35998' does not drive any nets. (LINT-1)
Warning: In design 'lenet', cell 'C35999' does not drive any nets. (LINT-1)
Warning: In design 'lenet', cell 'C36004' does not drive any nets. (LINT-1)
Warning: In design 'lenet', cell 'C36005' does not drive any nets. (LINT-1)
Warning: In design 'lenet', cell 'C36006' does not drive any nets. (LINT-1)
Warning: In design 'lenet', cell 'C36169' does not drive any nets. (LINT-1)
Warning: In design 'lenet', cell 'C36204' does not drive any nets. (LINT-1)
Warning: In design 'lenet', cell 'C36209' does not drive any nets. (LINT-1)
Warning: In design 'lenet', cell 'C36213' does not drive any nets. (LINT-1)
Warning: In design 'lenet', cell 'C36217' does not drive any nets. (LINT-1)
Warning: In design 'lenet', cell 'C36221' does not drive any nets. (LINT-1)
Warning: In design 'lenet', cell 'C36323' does not drive any nets. (LINT-1)
Warning: In design 'lenet', cell 'C36329' does not drive any nets. (LINT-1)
Warning: In design 'lenet', cell 'C36335' does not drive any nets. (LINT-1)
Warning: In design 'lenet', cell 'C36436' does not drive any nets. (LINT-1)
Warning: In design 'lenet', cell 'C36442' does not drive any nets. (LINT-1)
Warning: In design 'lenet', cell 'C36448' does not drive any nets. (LINT-1)
Warning: In design 'lenet', cell 'C36549' does not drive any nets. (LINT-1)
Warning: In design 'lenet', cell 'C36555' does not drive any nets. (LINT-1)
Warning: In design 'lenet', cell 'C36561' does not drive any nets. (LINT-1)
Warning: In design 'lenet', cell 'C36662' does not drive any nets. (LINT-1)
Warning: In design 'lenet', cell 'C36668' does not drive any nets. (LINT-1)
Warning: In design 'lenet', cell 'C36674' does not drive any nets. (LINT-1)
Warning: In design 'lenet', cell 'C36773' does not drive any nets. (LINT-1)
Warning: In design 'lenet', cell 'C36779' does not drive any nets. (LINT-1)
Warning: In design 'lenet', cell 'C36785' does not drive any nets. (LINT-1)
Warning: In design 'lenet', cell 'C36884' does not drive any nets. (LINT-1)
Warning: In design 'lenet', cell 'C36890' does not drive any nets. (LINT-1)
Warning: In design 'lenet', cell 'C36896' does not drive any nets. (LINT-1)
Warning: In design 'lenet', cell 'C36995' does not drive any nets. (LINT-1)
Warning: In design 'lenet', cell 'C37001' does not drive any nets. (LINT-1)
Warning: In design 'lenet', cell 'C37007' does not drive any nets. (LINT-1)
Warning: In design 'lenet', cell 'C37106' does not drive any nets. (LINT-1)
Warning: In design 'lenet', cell 'C37112' does not drive any nets. (LINT-1)
Warning: In design 'lenet', cell 'C37118' does not drive any nets. (LINT-1)
Warning: In design 'lenet', port 'sram_weight_wdata0[31]' is not connected to any nets. (LINT-28)
Warning: In design 'lenet', port 'sram_weight_wdata0[30]' is not connected to any nets. (LINT-28)
Warning: In design 'lenet', port 'sram_weight_wdata0[29]' is not connected to any nets. (LINT-28)
Warning: In design 'lenet', port 'sram_weight_wdata0[28]' is not connected to any nets. (LINT-28)
Warning: In design 'lenet', port 'sram_weight_wdata0[27]' is not connected to any nets. (LINT-28)
Warning: In design 'lenet', port 'sram_weight_wdata0[26]' is not connected to any nets. (LINT-28)
Warning: In design 'lenet', port 'sram_weight_wdata0[25]' is not connected to any nets. (LINT-28)
Warning: In design 'lenet', port 'sram_weight_wdata0[24]' is not connected to any nets. (LINT-28)
Warning: In design 'lenet', port 'sram_weight_wdata0[23]' is not connected to any nets. (LINT-28)
Warning: In design 'lenet', port 'sram_weight_wdata0[22]' is not connected to any nets. (LINT-28)
Warning: In design 'lenet', port 'sram_weight_wdata0[21]' is not connected to any nets. (LINT-28)
Warning: In design 'lenet', port 'sram_weight_wdata0[20]' is not connected to any nets. (LINT-28)
Warning: In design 'lenet', port 'sram_weight_wdata0[19]' is not connected to any nets. (LINT-28)
Warning: In design 'lenet', port 'sram_weight_wdata0[18]' is not connected to any nets. (LINT-28)
Warning: In design 'lenet', port 'sram_weight_wdata0[17]' is not connected to any nets. (LINT-28)
Warning: In design 'lenet', port 'sram_weight_wdata0[16]' is not connected to any nets. (LINT-28)
Warning: In design 'lenet', port 'sram_weight_wdata0[15]' is not connected to any nets. (LINT-28)
Warning: In design 'lenet', port 'sram_weight_wdata0[14]' is not connected to any nets. (LINT-28)
Warning: In design 'lenet', port 'sram_weight_wdata0[13]' is not connected to any nets. (LINT-28)
Warning: In design 'lenet', port 'sram_weight_wdata0[12]' is not connected to any nets. (LINT-28)
Warning: In design 'lenet', port 'sram_weight_wdata0[11]' is not connected to any nets. (LINT-28)
Warning: In design 'lenet', port 'sram_weight_wdata0[10]' is not connected to any nets. (LINT-28)
Warning: In design 'lenet', port 'sram_weight_wdata0[9]' is not connected to any nets. (LINT-28)
Warning: In design 'lenet', port 'sram_weight_wdata0[8]' is not connected to any nets. (LINT-28)
Warning: In design 'lenet', port 'sram_weight_wdata0[7]' is not connected to any nets. (LINT-28)
Warning: In design 'lenet', port 'sram_weight_wdata0[6]' is not connected to any nets. (LINT-28)
Warning: In design 'lenet', port 'sram_weight_wdata0[5]' is not connected to any nets. (LINT-28)
Warning: In design 'lenet', port 'sram_weight_wdata0[4]' is not connected to any nets. (LINT-28)
Warning: In design 'lenet', port 'sram_weight_wdata0[3]' is not connected to any nets. (LINT-28)
Warning: In design 'lenet', port 'sram_weight_wdata0[2]' is not connected to any nets. (LINT-28)
Warning: In design 'lenet', port 'sram_weight_wdata0[1]' is not connected to any nets. (LINT-28)
Warning: In design 'lenet', port 'sram_weight_wdata0[0]' is not connected to any nets. (LINT-28)
Warning: In design 'lenet', port 'sram_weight_wdata1[31]' is not connected to any nets. (LINT-28)
Warning: In design 'lenet', port 'sram_weight_wdata1[30]' is not connected to any nets. (LINT-28)
Warning: In design 'lenet', port 'sram_weight_wdata1[29]' is not connected to any nets. (LINT-28)
Warning: In design 'lenet', port 'sram_weight_wdata1[28]' is not connected to any nets. (LINT-28)
Warning: In design 'lenet', port 'sram_weight_wdata1[27]' is not connected to any nets. (LINT-28)
Warning: In design 'lenet', port 'sram_weight_wdata1[26]' is not connected to any nets. (LINT-28)
Warning: In design 'lenet', port 'sram_weight_wdata1[25]' is not connected to any nets. (LINT-28)
Warning: In design 'lenet', port 'sram_weight_wdata1[24]' is not connected to any nets. (LINT-28)
Warning: In design 'lenet', port 'sram_weight_wdata1[23]' is not connected to any nets. (LINT-28)
Warning: In design 'lenet', port 'sram_weight_wdata1[22]' is not connected to any nets. (LINT-28)
Warning: In design 'lenet', port 'sram_weight_wdata1[21]' is not connected to any nets. (LINT-28)
Warning: In design 'lenet', port 'sram_weight_wdata1[20]' is not connected to any nets. (LINT-28)
Warning: In design 'lenet', port 'sram_weight_wdata1[19]' is not connected to any nets. (LINT-28)
Warning: In design 'lenet', port 'sram_weight_wdata1[18]' is not connected to any nets. (LINT-28)
Warning: In design 'lenet', port 'sram_weight_wdata1[17]' is not connected to any nets. (LINT-28)
Warning: In design 'lenet', port 'sram_weight_wdata1[16]' is not connected to any nets. (LINT-28)
Warning: In design 'lenet', port 'sram_weight_wdata1[15]' is not connected to any nets. (LINT-28)
Warning: In design 'lenet', port 'sram_weight_wdata1[14]' is not connected to any nets. (LINT-28)
Warning: In design 'lenet', port 'sram_weight_wdata1[13]' is not connected to any nets. (LINT-28)
Warning: In design 'lenet', port 'sram_weight_wdata1[12]' is not connected to any nets. (LINT-28)
Warning: In design 'lenet', port 'sram_weight_wdata1[11]' is not connected to any nets. (LINT-28)
Warning: In design 'lenet', port 'sram_weight_wdata1[10]' is not connected to any nets. (LINT-28)
Warning: In design 'lenet', port 'sram_weight_wdata1[9]' is not connected to any nets. (LINT-28)
Warning: In design 'lenet', port 'sram_weight_wdata1[8]' is not connected to any nets. (LINT-28)
Warning: In design 'lenet', port 'sram_weight_wdata1[7]' is not connected to any nets. (LINT-28)
Warning: In design 'lenet', port 'sram_weight_wdata1[6]' is not connected to any nets. (LINT-28)
Warning: In design 'lenet', port 'sram_weight_wdata1[5]' is not connected to any nets. (LINT-28)
Warning: In design 'lenet', port 'sram_weight_wdata1[4]' is not connected to any nets. (LINT-28)
Warning: In design 'lenet', port 'sram_weight_wdata1[3]' is not connected to any nets. (LINT-28)
Warning: In design 'lenet', port 'sram_weight_wdata1[2]' is not connected to any nets. (LINT-28)
Warning: In design 'lenet', port 'sram_weight_wdata1[1]' is not connected to any nets. (LINT-28)
Warning: In design 'lenet', port 'sram_weight_wdata1[0]' is not connected to any nets. (LINT-28)
1
