 
****************************************
Report : timing
        -path full
        -delay min
        -max_paths 4
Design : lenet
Version: R-2020.09-SP5
Date   : Sat Apr 18 00:26:03 2026
****************************************

 # A fanout number of 1000 was used for high fanout net computations.

Operating Conditions: slow   Library: slow
Wire Load Model Mode: top

  Startpoint: sram_act_wdata0_reg[29]
              (rising edge-triggered flip-flop clocked by clk)
  Endpoint: sram_act_wdata0_reg[29]
            (rising edge-triggered flip-flop clocked by clk)
  Path Group: clk
  Path Type: min

  Point                                                   Incr       Path
  --------------------------------------------------------------------------
  clock clk (rise edge)                                   0.00       0.00
  clock network delay (ideal)                             0.00       0.00
  sram_act_wdata0_reg[29]/CK (DFFHQX4)                    0.00 #     0.00 r
  sram_act_wdata0_reg[29]/Q (DFFHQX4)                     0.18       0.18 r
  U2811/Y (OAI2BB2X4)                                     0.07       0.25 f
  U2872/Y (OAI2BB1X2)                                     0.05       0.31 r
  sram_act_wdata0_reg[29]/D (DFFHQX4)                     0.00       0.31 r
  data arrival time                                                  0.31

  clock clk (rise edge)                                   0.00       0.00
  clock network delay (ideal)                             0.00       0.00
  sram_act_wdata0_reg[29]/CK (DFFHQX4)                    0.00       0.00 r
  library hold time                                      -0.03      -0.03
  data required time                                                -0.03
  --------------------------------------------------------------------------
  data required time                                                -0.03
  data arrival time                                                 -0.31
  --------------------------------------------------------------------------
  slack (MET)                                                        0.34


  Startpoint: sram_act_wdata0_reg[15]
              (rising edge-triggered flip-flop clocked by clk)
  Endpoint: sram_act_wdata0_reg[15]
            (rising edge-triggered flip-flop clocked by clk)
  Path Group: clk
  Path Type: min

  Point                                                   Incr       Path
  --------------------------------------------------------------------------
  clock clk (rise edge)                                   0.00       0.00
  clock network delay (ideal)                             0.00       0.00
  sram_act_wdata0_reg[15]/CK (DFFHQX4)                    0.00 #     0.00 r
  sram_act_wdata0_reg[15]/Q (DFFHQX4)                     0.17       0.17 f
  U3626/Y (CLKINVX1)                                      0.04       0.21 r
  U2848/Y (MXI2X1)                                        0.07       0.29 f
  sram_act_wdata0_reg[15]/D (DFFHQX4)                     0.00       0.29 f
  data arrival time                                                  0.29

  clock clk (rise edge)                                   0.00       0.00
  clock network delay (ideal)                             0.00       0.00
  sram_act_wdata0_reg[15]/CK (DFFHQX4)                    0.00       0.00 r
  library hold time                                      -0.08      -0.08
  data required time                                                -0.08
  --------------------------------------------------------------------------
  data required time                                                -0.08
  data arrival time                                                 -0.29
  --------------------------------------------------------------------------
  slack (MET)                                                        0.36


  Startpoint: sram_act_wdata0_reg[16]
              (rising edge-triggered flip-flop clocked by clk)
  Endpoint: sram_act_wdata0_reg[16]
            (rising edge-triggered flip-flop clocked by clk)
  Path Group: clk
  Path Type: min

  Point                                                   Incr       Path
  --------------------------------------------------------------------------
  clock clk (rise edge)                                   0.00       0.00
  clock network delay (ideal)                             0.00       0.00
  sram_act_wdata0_reg[16]/CK (DFFHQX4)                    0.00 #     0.00 r
  sram_act_wdata0_reg[16]/Q (DFFHQX4)                     0.17       0.17 f
  U3649/Y (CLKINVX1)                                      0.04       0.21 r
  U5445/Y (MXI2X1)                                        0.07       0.29 f
  sram_act_wdata0_reg[16]/D (DFFHQX4)                     0.00       0.29 f
  data arrival time                                                  0.29

  clock clk (rise edge)                                   0.00       0.00
  clock network delay (ideal)                             0.00       0.00
  sram_act_wdata0_reg[16]/CK (DFFHQX4)                    0.00       0.00 r
  library hold time                                      -0.08      -0.08
  data required time                                                -0.08
  --------------------------------------------------------------------------
  data required time                                                -0.08
  data arrival time                                                 -0.29
  --------------------------------------------------------------------------
  slack (MET)                                                        0.36


  Startpoint: sram_act_wdata0_reg[13]
              (rising edge-triggered flip-flop clocked by clk)
  Endpoint: sram_act_wdata0_reg[13]
            (rising edge-triggered flip-flop clocked by clk)
  Path Group: clk
  Path Type: min

  Point                                                   Incr       Path
  --------------------------------------------------------------------------
  clock clk (rise edge)                                   0.00       0.00
  clock network delay (ideal)                             0.00       0.00
  sram_act_wdata0_reg[13]/CK (DFFHQX4)                    0.00 #     0.00 r
  sram_act_wdata0_reg[13]/Q (DFFHQX4)                     0.17       0.17 f
  U3635/Y (CLKINVX1)                                      0.04       0.21 r
  U2908/Y (MXI2X1)                                        0.07       0.29 f
  sram_act_wdata0_reg[13]/D (DFFHQX4)                     0.00       0.29 f
  data arrival time                                                  0.29

  clock clk (rise edge)                                   0.00       0.00
  clock network delay (ideal)                             0.00       0.00
  sram_act_wdata0_reg[13]/CK (DFFHQX4)                    0.00       0.00 r
  library hold time                                      -0.08      -0.08
  data required time                                                -0.08
  --------------------------------------------------------------------------
  data required time                                                -0.08
  data arrival time                                                 -0.29
  --------------------------------------------------------------------------
  slack (MET)                                                        0.36


1
