Information: Propagating switching activity (low effort zero delay simulation). (PWR-6)
Warning: Design has unannotated primary inputs. (PWR-414)
Warning: Design has unannotated sequential cell outputs. (PWR-415)
 
****************************************
Report : power
        -hier
        -analysis_effort low
Design : lenet
Version: R-2020.09-SP5
Date   : Sat Apr 18 00:26:05 2026
****************************************


Library(s) Used:

    slow (File: /home/m110/m110061644/synopsys_tech_file/slow.db)


Operating Conditions: slow   Library: slow
Wire Load Model Mode: top


Global Operating Voltage = 1.08 
Power-specific unit information :
    Voltage Units = 1V
    Capacitance Units = 1.000000pf
    Time Units = 1ns
    Dynamic Power Units = 1mW    (derived from V,C,T units)
    Leakage Power Units = 1pW


--------------------------------------------------------------------------------
                                       Switch   Int      Leak     Total
Hierarchy                              Power    Power    Power    Power    %
--------------------------------------------------------------------------------
lenet                                     0.473    2.919 4.38e+08    3.830 100.0
  add_1354_2_G8 (lenet_DW01_add_69)    2.42e-03 2.95e-03 1.50e+06 6.87e-03   0.2
  add_1354_2_G7 (lenet_DW01_add_66)    2.46e-03 3.09e-03 1.56e+06 7.11e-03   0.2
  add_1354_2_G6 (lenet_DW01_add_57)    2.40e-03 2.95e-03 1.52e+06 6.88e-03   0.2
  add_1354_2_G5 (lenet_DW01_add_54)    2.43e-03 3.05e-03 1.56e+06 7.04e-03   0.2
  add_1354_2_G4 (lenet_DW01_add_63)    2.59e-03 3.20e-03 1.47e+06 7.26e-03   0.2
  add_1354_2_G3 (lenet_DW01_add_60)    2.56e-03 3.24e-03 1.47e+06 7.27e-03   0.2
  add_1354_2_G2 (lenet_DW01_add_51)    2.70e-03 3.35e-03 1.53e+06 7.58e-03   0.2
  add_1354_2 (lenet_DW01_add_48)       2.55e-03 3.23e-03 1.57e+06 7.34e-03   0.2
  add_1354_4_G8 (lenet_DW01_add_70)    2.09e-03 2.72e-03 1.46e+06 6.27e-03   0.2
  add_1354_4_G7 (lenet_DW01_add_67)    2.04e-03 2.85e-03 1.52e+06 6.41e-03   0.2
  add_1354_4_G6 (lenet_DW01_add_58)    2.05e-03 2.60e-03 1.46e+06 6.10e-03   0.2
  add_1354_4_G5 (lenet_DW01_add_55)    2.06e-03 2.70e-03 1.45e+06 6.21e-03   0.2
  add_1354_4_G4 (lenet_DW01_add_64)    2.26e-03 2.96e-03 1.50e+06 6.71e-03   0.2
  add_1354_4_G3 (lenet_DW01_add_61)    2.19e-03 2.88e-03 1.43e+06 6.51e-03   0.2
  add_1354_4_G2 (lenet_DW01_add_52)    2.23e-03 2.93e-03 1.49e+06 6.65e-03   0.2
  add_1354_4 (lenet_DW01_add_49)       2.21e-03 3.00e-03 1.43e+06 6.64e-03   0.2
  add_1354_G8 (lenet_DW01_add_68)      1.55e-03 2.25e-03 1.55e+06 5.35e-03   0.1
  add_1354_G7 (lenet_DW01_add_65)      1.81e-03 2.41e-03 1.59e+06 5.81e-03   0.2
  add_1354_G6 (lenet_DW01_add_56)      1.60e-03 2.30e-03 1.55e+06 5.45e-03   0.1
  add_1354_G5 (lenet_DW01_add_53)      1.60e-03 2.20e-03 1.53e+06 5.34e-03   0.1
  add_1354_G4 (lenet_DW01_add_62)      1.85e-03 2.55e-03 1.51e+06 5.91e-03   0.2
  add_1354_G3 (lenet_DW01_add_59)      1.94e-03 2.65e-03 1.53e+06 6.13e-03   0.2
  add_1354_G2 (lenet_DW01_add_50)      2.01e-03 2.57e-03 1.56e+06 6.14e-03   0.2
  r1068 (lenet_DW01_add_47)            2.17e-03 2.79e-03 1.56e+06 6.52e-03   0.2
  add_1354_3_G8 (lenet_DW01_add_78)    1.45e-03 2.17e-03 1.53e+06 5.14e-03   0.1
  add_1354_3_G7 (lenet_DW01_add_77)    1.47e-03 2.21e-03 1.54e+06 5.22e-03   0.1
  add_1354_3_G6 (lenet_DW01_add_74)    1.49e-03 2.21e-03 1.51e+06 5.21e-03   0.1
  add_1354_3_G5 (lenet_DW01_add_73)    1.46e-03 2.22e-03 1.54e+06 5.21e-03   0.1
  add_1354_3_G4 (lenet_DW01_add_76)    1.63e-03 2.45e-03 1.52e+06 5.60e-03   0.1
  add_1354_3_G3 (lenet_DW01_add_75)    1.64e-03 2.48e-03 1.54e+06 5.66e-03   0.1
  add_1354_3_G2 (lenet_DW01_add_72)    1.67e-03 2.49e-03 1.49e+06 5.65e-03   0.1
  add_1354_3 (lenet_DW01_add_71)       1.71e-03 2.36e-03 1.54e+06 5.60e-03   0.1
  add_1358_7 (lenet_DW01_add_35_DW01_add_115)
                                       6.30e-04 3.54e-03 1.90e+06 6.08e-03   0.2
  add_1358_3 (lenet_DW01_add_36_DW01_add_116)
                                       7.20e-04 3.59e-03 1.84e+06 6.15e-03   0.2
  add_1358_6 (lenet_DW01_add_37_DW01_add_117)
                                       1.14e-03 3.62e-03 1.87e+06 6.63e-03   0.2
  add_1358_2 (lenet_DW01_add_38_DW01_add_118)
                                       1.08e-03 3.68e-03 1.78e+06 6.54e-03   0.2
  add_1358_4 (lenet_DW01_add_39_DW01_add_119)
                                       6.59e-04 2.87e-03 1.59e+06 5.12e-03   0.1
  add_1358_5 (lenet_DW01_add_40_DW01_add_120)
                                       1.20e-03 4.14e-03 2.14e+06 7.47e-03   0.2
  mult_1368 (lenet_DW02_mult_0_DW02_mult_40)
                                       4.36e-02    0.145 5.49e+07    0.244   6.4
  mult_1368_G2 (lenet_DW02_mult_1_DW02_mult_41)
                                       4.40e-02    0.145 5.44e+07    0.243   6.3
  mult_1375 (lenet_DW02_mult_2_DW02_mult_42)
                                       2.92e-02 9.41e-02 5.57e+07    0.179   4.7
  r1033 (lenet_DW01_inc_16_DW01_inc_17)
                                       1.00e-04 7.44e-05 2.79e+05 4.53e-04   0.0
  r1034 (lenet_DW01_dec_0)             2.41e-04 2.99e-04 2.12e+05 7.52e-04   0.0
  r1048 (lenet_DW01_inc_15_DW01_inc_16)
                                       5.46e-05 1.06e-04 2.39e+05 3.99e-04   0.0
  r1051 (lenet_DW01_inc_14_DW01_inc_15)
                                       4.14e-05 1.65e-04 2.99e+05 5.05e-04   0.0
  r1056 (lenet_DW01_inc_13_DW01_inc_14)
                                       2.35e-05 1.58e-04 2.79e+05 4.60e-04   0.0
  r1059 (lenet_DW01_inc_12_DW01_inc_13)
                                       5.38e-07 1.77e-06 2.99e+05 3.01e-04   0.0
  add_433 (lenet_DW01_inc_10_DW01_inc_11)
                                       1.87e-07 1.28e-06 2.99e+05 3.00e-04   0.0
  add_965_S2 (lenet_DW01_inc_9_DW01_inc_10)
                                       1.18e-05 4.03e-05 2.19e+05 2.71e-04   0.0
  add_980 (lenet_DW01_inc_8_DW01_inc_9)
                                       2.62e-05 1.55e-04 2.59e+05 4.40e-04   0.0
  add_437 (lenet_DW01_inc_7_DW01_inc_8)
                                       2.56e-05 1.68e-04 2.99e+05 4.93e-04   0.0
  add_709 (lenet_DW01_inc_6_DW01_inc_7)
                                       1.92e-05 1.28e-04 2.99e+05 4.46e-04   0.0
  add_729_2 (lenet_DW01_inc_5_DW01_inc_6)
                                       1.53e-05 1.33e-04 2.99e+05 4.47e-04   0.0
  add_733 (lenet_DW01_inc_4_DW01_inc_5)
                                       8.80e-05 4.49e-04 2.99e+05 8.35e-04   0.0
  add_740_2 (lenet_DW01_inc_3_DW01_inc_4)
                                       3.52e-05 1.60e-04 2.99e+05 4.94e-04   0.0
  add_750_2 (lenet_DW01_inc_2_DW01_inc_3)
                                       2.06e-05 1.33e-04 2.99e+05 4.53e-04   0.0
  add_754 (lenet_DW01_inc_1_DW01_inc_2)
                                       2.07e-05 1.33e-04 2.99e+05 4.52e-04   0.0
  add_778_2 (lenet_DW01_inc_0_DW01_inc_1)
                                       2.18e-05 1.33e-04 2.99e+05 4.54e-04   0.0
  add_1145 (lenet_DW01_add_0)          2.80e-04 1.92e-03 1.15e+06 3.35e-03   0.1
  gen_pool[1].pool (POOL_0)            4.68e-03 4.70e-03 2.53e+06 1.19e-02   0.3
  gen_pool[0].pool (POOL_1)            4.84e-03 4.97e-03 2.62e+06 1.24e-02   0.3
  gen_macs[39].mac (MAC_0)             5.24e-03 1.78e-02 3.55e+06 2.66e-02   0.7
    add_1405 (MAC_0_DW01_add_0_DW01_add_107)
                                       6.08e-04 5.71e-03 1.16e+06 7.47e-03   0.2
    mult_1404 (MAC_0_DW02_mult_0_DW02_mult_36)
                                       4.63e-03 1.21e-02 2.39e+06 1.91e-02   0.5
      FS_1 (MAC_0_DW01_add_1_DW01_add_108)
                                       7.85e-04 1.54e-03 2.78e+05 2.60e-03   0.1
  gen_macs[38].mac (MAC_1)             5.23e-03 1.78e-02 3.55e+06 2.66e-02   0.7
    add_1405 (MAC_1_DW01_add_0_DW01_add_105)
                                       6.03e-04 5.70e-03 1.16e+06 7.46e-03   0.2
    mult_1404 (MAC_1_DW02_mult_0_DW02_mult_35)
                                       4.63e-03 1.21e-02 2.39e+06 1.91e-02   0.5
      FS_1 (MAC_1_DW01_add_1_DW01_add_106)
                                       7.84e-04 1.53e-03 2.78e+05 2.59e-03   0.1
  gen_macs[37].mac (MAC_2)             5.20e-03 1.77e-02 3.55e+06 2.64e-02   0.7
    add_1405 (MAC_2_DW01_add_0_DW01_add_101)
                                       6.11e-04 5.70e-03 1.16e+06 7.47e-03   0.2
    mult_1404 (MAC_2_DW02_mult_0_DW02_mult_33)
                                       4.59e-03 1.20e-02 2.39e+06 1.90e-02   0.5
      FS_1 (MAC_2_DW01_add_1_DW01_add_102)
                                       7.75e-04 1.52e-03 2.78e+05 2.57e-03   0.1
  gen_macs[36].mac (MAC_3)             5.22e-03 1.77e-02 3.55e+06 2.65e-02   0.7
    add_1405 (MAC_3_DW01_add_0_DW01_add_95)
                                       6.11e-04 5.65e-03 1.16e+06 7.42e-03   0.2
    mult_1404 (MAC_3_DW02_mult_0_DW02_mult_30)
                                       4.61e-03 1.21e-02 2.39e+06 1.91e-02   0.5
      FS_1 (MAC_3_DW01_add_1_DW01_add_96)
                                       7.71e-04 1.51e-03 2.78e+05 2.56e-03   0.1
  gen_macs[35].mac (MAC_4)             5.23e-03 1.78e-02 3.55e+06 2.65e-02   0.7
    add_1405 (MAC_4_DW01_add_0_DW01_add_87)
                                       6.08e-04 5.70e-03 1.16e+06 7.47e-03   0.2
    mult_1404 (MAC_4_DW02_mult_0_DW02_mult_26)
                                       4.62e-03 1.21e-02 2.39e+06 1.91e-02   0.5
      FS_1 (MAC_4_DW01_add_1_DW01_add_88)
                                       7.84e-04 1.53e-03 2.78e+05 2.59e-03   0.1
  gen_macs[34].mac (MAC_5)             5.26e-03 1.79e-02 3.55e+06 2.67e-02   0.7
    add_1405 (MAC_5_DW01_add_0_DW01_add_103)
                                       6.11e-04 5.79e-03 1.16e+06 7.56e-03   0.2
    mult_1404 (MAC_5_DW02_mult_0_DW02_mult_34)
                                       4.65e-03 1.21e-02 2.39e+06 1.92e-02   0.5
      FS_1 (MAC_5_DW01_add_1_DW01_add_104)
                                       7.92e-04 1.54e-03 2.78e+05 2.61e-03   0.1
  gen_macs[33].mac (MAC_6)             5.22e-03 1.78e-02 3.55e+06 2.65e-02   0.7
    add_1405 (MAC_6_DW01_add_0_DW01_add_99)
                                       6.08e-04 5.70e-03 1.16e+06 7.47e-03   0.2
    mult_1404 (MAC_6_DW02_mult_0_DW02_mult_32)
                                       4.61e-03 1.21e-02 2.39e+06 1.91e-02   0.5
      FS_1 (MAC_6_DW01_add_1_DW01_add_100)
                                       7.75e-04 1.51e-03 2.78e+05 2.57e-03   0.1
  gen_macs[32].mac (MAC_7)             5.21e-03 1.77e-02 3.55e+06 2.64e-02   0.7
    add_1405 (MAC_7_DW01_add_0_DW01_add_93)
                                       6.12e-04 5.67e-03 1.16e+06 7.44e-03   0.2
    mult_1404 (MAC_7_DW02_mult_0_DW02_mult_29)
                                       4.59e-03 1.20e-02 2.39e+06 1.90e-02   0.5
      FS_1 (MAC_7_DW01_add_1_DW01_add_94)
                                       7.73e-04 1.51e-03 2.78e+05 2.57e-03   0.1
  gen_macs[31].mac (MAC_8)             5.26e-03 1.79e-02 3.55e+06 2.67e-02   0.7
    add_1405 (MAC_8_DW01_add_0_DW01_add_85)
                                       6.14e-04 5.70e-03 1.16e+06 7.47e-03   0.2
    mult_1404 (MAC_8_DW02_mult_0_DW02_mult_25)
                                       4.64e-03 1.22e-02 2.39e+06 1.92e-02   0.5
      FS_1 (MAC_8_DW01_add_1_DW01_add_86)
                                       7.81e-04 1.53e-03 2.78e+05 2.59e-03   0.1
  gen_macs[30].mac (MAC_9)             5.25e-03 1.78e-02 3.55e+06 2.66e-02   0.7
    add_1405 (MAC_9_DW01_add_0_DW01_add_79)
                                       6.12e-04 5.73e-03 1.16e+06 7.50e-03   0.2
    mult_1404 (MAC_9_DW02_mult_0_DW02_mult_22)
                                       4.64e-03 1.21e-02 2.39e+06 1.91e-02   0.5
      FS_1 (MAC_9_DW01_add_1_DW01_add_80)
                                       7.82e-04 1.53e-03 2.78e+05 2.59e-03   0.1
  gen_macs[29].mac (MAC_10)            5.24e-03 1.78e-02 3.55e+06 2.66e-02   0.7
    add_1405 (MAC_10_DW01_add_0_DW01_add_97)
                                       6.09e-04 5.73e-03 1.16e+06 7.49e-03   0.2
    mult_1404 (MAC_10_DW02_mult_0_DW02_mult_31)
                                       4.63e-03 1.21e-02 2.39e+06 1.91e-02   0.5
      FS_1 (MAC_10_DW01_add_1_DW01_add_98)
                                       7.82e-04 1.53e-03 2.78e+05 2.59e-03   0.1
  gen_macs[28].mac (MAC_11)            5.19e-03 1.77e-02 3.55e+06 2.64e-02   0.7
    add_1405 (MAC_11_DW01_add_0_DW01_add_91)
                                       6.04e-04 5.67e-03 1.16e+06 7.43e-03   0.2
    mult_1404 (MAC_11_DW02_mult_0_DW02_mult_28)
                                       4.58e-03 1.20e-02 2.39e+06 1.90e-02   0.5
      FS_1 (MAC_11_DW01_add_1_DW01_add_92)
                                       7.67e-04 1.50e-03 2.78e+05 2.55e-03   0.1
  gen_macs[27].mac (MAC_12)            5.22e-03 1.78e-02 3.55e+06 2.66e-02   0.7
    add_1405 (MAC_12_DW01_add_0_DW01_add_83)
                                       6.12e-04 5.73e-03 1.16e+06 7.50e-03   0.2
    mult_1404 (MAC_12_DW02_mult_0_DW02_mult_24)
                                       4.61e-03 1.21e-02 2.39e+06 1.91e-02   0.5
      FS_1 (MAC_12_DW01_add_1_DW01_add_84)
                                       7.78e-04 1.52e-03 2.78e+05 2.58e-03   0.1
  gen_macs[26].mac (MAC_13)            5.27e-03 1.79e-02 3.55e+06 2.67e-02   0.7
    add_1405 (MAC_13_DW01_add_0_DW01_add_77)
                                       6.16e-04 5.75e-03 1.16e+06 7.52e-03   0.2
    mult_1404 (MAC_13_DW02_mult_0_DW02_mult_21)
                                       4.66e-03 1.22e-02 2.39e+06 1.92e-02   0.5
      FS_1 (MAC_13_DW01_add_1_DW01_add_78)
                                       7.86e-04 1.54e-03 2.78e+05 2.60e-03   0.1
  gen_macs[25].mac (MAC_14)            5.25e-03 1.78e-02 3.55e+06 2.66e-02   0.7
    add_1405 (MAC_14_DW01_add_0_DW01_add_73)
                                       6.09e-04 5.74e-03 1.16e+06 7.50e-03   0.2
    mult_1404 (MAC_14_DW02_mult_0_DW02_mult_19)
                                       4.64e-03 1.21e-02 2.39e+06 1.91e-02   0.5
      FS_1 (MAC_14_DW01_add_1_DW01_add_74)
                                       7.90e-04 1.54e-03 2.78e+05 2.61e-03   0.1
  gen_macs[24].mac (MAC_15)            5.22e-03 1.78e-02 3.55e+06 2.65e-02   0.7
    add_1405 (MAC_15_DW01_add_0_DW01_add_89)
                                       6.08e-04 5.72e-03 1.16e+06 7.48e-03   0.2
    mult_1404 (MAC_15_DW02_mult_0_DW02_mult_27)
                                       4.61e-03 1.20e-02 2.39e+06 1.91e-02   0.5
      FS_1 (MAC_15_DW01_add_1_DW01_add_90)
                                       7.78e-04 1.52e-03 2.78e+05 2.58e-03   0.1
  gen_macs[23].mac (MAC_16)            5.21e-03 1.77e-02 3.55e+06 2.65e-02   0.7
    add_1405 (MAC_16_DW01_add_0_DW01_add_81)
                                       6.05e-04 5.67e-03 1.16e+06 7.44e-03   0.2
    mult_1404 (MAC_16_DW02_mult_0_DW02_mult_23)
                                       4.60e-03 1.20e-02 2.39e+06 1.90e-02   0.5
      FS_1 (MAC_16_DW01_add_1_DW01_add_82)
                                       7.74e-04 1.51e-03 2.78e+05 2.57e-03   0.1
  gen_macs[22].mac (MAC_17)            5.24e-03 1.79e-02 3.55e+06 2.67e-02   0.7
    add_1405 (MAC_17_DW01_add_0_DW01_add_75)
                                       6.14e-04 5.77e-03 1.16e+06 7.54e-03   0.2
    mult_1404 (MAC_17_DW02_mult_0_DW02_mult_20)
                                       4.62e-03 1.21e-02 2.39e+06 1.91e-02   0.5
      FS_1 (MAC_17_DW01_add_1_DW01_add_76)
                                       7.83e-04 1.53e-03 2.78e+05 2.59e-03   0.1
  gen_macs[21].mac (MAC_18)            5.27e-03 1.79e-02 3.55e+06 2.67e-02   0.7
    add_1405 (MAC_18_DW01_add_0_DW01_add_71)
                                       6.13e-04 5.74e-03 1.16e+06 7.51e-03   0.2
    mult_1404 (MAC_18_DW02_mult_0_DW02_mult_18)
                                       4.65e-03 1.22e-02 2.39e+06 1.92e-02   0.5
      FS_1 (MAC_18_DW01_add_1_DW01_add_72)
                                       7.89e-04 1.54e-03 2.78e+05 2.61e-03   0.1
  gen_macs[20].mac (MAC_19)            5.23e-03 1.77e-02 3.55e+06 2.65e-02   0.7
    add_1405 (MAC_19_DW01_add_0_DW01_add_69)
                                       6.08e-04 5.68e-03 1.16e+06 7.44e-03   0.2
    mult_1404 (MAC_19_DW02_mult_0_DW02_mult_17)
                                       4.62e-03 1.21e-02 2.39e+06 1.91e-02   0.5
      FS_1 (MAC_19_DW01_add_1_DW01_add_70)
                                       7.80e-04 1.52e-03 2.78e+05 2.58e-03   0.1
  gen_macs[19].mac (MAC_20)            5.28e-03 1.78e-02 3.55e+06 2.66e-02   0.7
    add_1405 (MAC_20_DW01_add_0_DW01_add_67)
                                       6.48e-04 5.70e-03 1.16e+06 7.51e-03   0.2
    mult_1404 (MAC_20_DW02_mult_0_DW02_mult_16)
                                       4.63e-03 1.21e-02 2.39e+06 1.91e-02   0.5
      FS_1 (MAC_20_DW01_add_1_DW01_add_68)
                                       7.85e-04 1.54e-03 2.78e+05 2.60e-03   0.1
  gen_macs[18].mac (MAC_21)            5.27e-03 1.78e-02 3.55e+06 2.66e-02   0.7
    add_1405 (MAC_21_DW01_add_0_DW01_add_59)
                                       6.43e-04 5.69e-03 1.16e+06 7.49e-03   0.2
    mult_1404 (MAC_21_DW02_mult_0_DW02_mult_12)
                                       4.63e-03 1.21e-02 2.39e+06 1.91e-02   0.5
      FS_1 (MAC_21_DW01_add_1_DW01_add_60)
                                       7.84e-04 1.53e-03 2.78e+05 2.59e-03   0.1
  gen_macs[17].mac (MAC_22)            5.24e-03 1.77e-02 3.55e+06 2.65e-02   0.7
    add_1405 (MAC_22_DW01_add_0_DW01_add_51)
                                       6.47e-04 5.67e-03 1.16e+06 7.47e-03   0.2
    mult_1404 (MAC_22_DW02_mult_0_DW02_mult_8)
                                       4.59e-03 1.20e-02 2.39e+06 1.90e-02   0.5
      FS_1 (MAC_22_DW01_add_1_DW01_add_52)
                                       7.75e-04 1.52e-03 2.78e+05 2.57e-03   0.1
  gen_macs[16].mac (MAC_23)            5.26e-03 1.78e-02 3.55e+06 2.66e-02   0.7
    add_1405 (MAC_23_DW01_add_0_DW01_add_45)
                                       6.48e-04 5.67e-03 1.16e+06 7.48e-03   0.2
    mult_1404 (MAC_23_DW02_mult_0_DW02_mult_5)
                                       4.61e-03 1.21e-02 2.39e+06 1.91e-02   0.5
      FS_1 (MAC_23_DW01_add_1_DW01_add_46)
                                       7.71e-04 1.51e-03 2.78e+05 2.56e-03   0.1
  gen_macs[15].mac (MAC_24)            5.27e-03 1.78e-02 3.55e+06 2.66e-02   0.7
    add_1405 (MAC_24_DW01_add_0_DW01_add_37)
                                       6.50e-04 5.69e-03 1.16e+06 7.50e-03   0.2
    mult_1404 (MAC_24_DW02_mult_0_DW02_mult_1)
                                       4.62e-03 1.21e-02 2.39e+06 1.91e-02   0.5
      FS_1 (MAC_24_DW01_add_1_DW01_add_38)
                                       7.84e-04 1.53e-03 2.78e+05 2.59e-03   0.1
  gen_macs[14].mac (MAC_25)            5.30e-03 1.79e-02 3.55e+06 2.68e-02   0.7
    add_1405 (MAC_25_DW01_add_0_DW01_add_65)
                                       6.50e-04 5.80e-03 1.16e+06 7.60e-03   0.2
    mult_1404 (MAC_25_DW02_mult_0_DW02_mult_15)
                                       4.65e-03 1.21e-02 2.39e+06 1.92e-02   0.5
      FS_1 (MAC_25_DW01_add_1_DW01_add_66)
                                       7.92e-04 1.54e-03 2.78e+05 2.61e-03   0.1
  gen_macs[13].mac (MAC_26)            5.25e-03 1.78e-02 3.55e+06 2.66e-02   0.7
    add_1405 (MAC_26_DW01_add_0_DW01_add_57)
                                       6.44e-04 5.69e-03 1.16e+06 7.49e-03   0.2
    mult_1404 (MAC_26_DW02_mult_0_DW02_mult_11)
                                       4.61e-03 1.21e-02 2.39e+06 1.91e-02   0.5
      FS_1 (MAC_26_DW01_add_1_DW01_add_58)
                                       7.75e-04 1.51e-03 2.78e+05 2.57e-03   0.1
  gen_macs[12].mac (MAC_27)            5.24e-03 1.77e-02 3.55e+06 2.65e-02   0.7
    add_1405 (MAC_27_DW01_add_0_DW01_add_49)
                                       6.48e-04 5.67e-03 1.16e+06 7.48e-03   0.2
    mult_1404 (MAC_27_DW02_mult_0_DW02_mult_7)
                                       4.59e-03 1.20e-02 2.39e+06 1.90e-02   0.5
      FS_1 (MAC_27_DW01_add_1_DW01_add_50)
                                       7.73e-04 1.51e-03 2.78e+05 2.57e-03   0.1
  gen_macs[11].mac (MAC_28)            5.30e-03 1.79e-02 3.55e+06 2.67e-02   0.7
    add_1405 (MAC_28_DW01_add_0_DW01_add_43)
                                       6.55e-04 5.72e-03 1.16e+06 7.53e-03   0.2
    mult_1404 (MAC_28_DW02_mult_0_DW02_mult_4)
                                       4.64e-03 1.22e-02 2.39e+06 1.92e-02   0.5
      FS_1 (MAC_28_DW01_add_1_DW01_add_44)
                                       7.81e-04 1.53e-03 2.78e+05 2.59e-03   0.1
  gen_macs[10].mac (MAC_29)            5.29e-03 1.78e-02 3.55e+06 2.67e-02   0.7
    add_1405 (MAC_29_DW01_add_0_DW01_add_35)
                                       6.51e-04 5.73e-03 1.16e+06 7.53e-03   0.2
    mult_1404 (MAC_29_DW02_mult_0)     4.64e-03 1.21e-02 2.39e+06 1.91e-02   0.5
      FS_1 (MAC_29_DW01_add_1_DW01_add_36)
                                       7.82e-04 1.53e-03 2.78e+05 2.59e-03   0.1
  gen_macs[9].mac (MAC_30)             5.27e-03 1.78e-02 3.55e+06 2.66e-02   0.7
    add_1405 (MAC_30_DW01_add_0_DW01_add_63)
                                       6.45e-04 5.72e-03 1.16e+06 7.52e-03   0.2
    mult_1404 (MAC_30_DW02_mult_0_DW02_mult_14)
                                       4.63e-03 1.21e-02 2.39e+06 1.91e-02   0.5
      FS_1 (MAC_30_DW01_add_1_DW01_add_64)
                                       7.82e-04 1.53e-03 2.78e+05 2.59e-03   0.1
  gen_macs[8].mac (MAC_31)             5.23e-03 1.77e-02 3.55e+06 2.65e-02   0.7
    add_1405 (MAC_31_DW01_add_0_DW01_add_55)
                                       6.43e-04 5.67e-03 1.16e+06 7.47e-03   0.2
    mult_1404 (MAC_31_DW02_mult_0_DW02_mult_10)
                                       4.58e-03 1.20e-02 2.39e+06 1.90e-02   0.5
      FS_1 (MAC_31_DW01_add_1_DW01_add_56)
                                       7.67e-04 1.50e-03 2.78e+05 2.55e-03   0.1
  gen_macs[7].mac (MAC_32)             5.26e-03 1.78e-02 3.55e+06 2.66e-02   0.7
    add_1405 (MAC_32_DW01_add_0_DW01_add_109)
                                       6.52e-04 5.73e-03 1.16e+06 7.54e-03   0.2
    mult_1404 (MAC_32_DW02_mult_0_DW02_mult_37)
                                       4.61e-03 1.20e-02 2.39e+06 1.90e-02   0.5
      FS_1 (MAC_32_DW01_add_1_DW01_add_110)
                                       7.78e-04 1.52e-03 2.78e+05 2.58e-03   0.1
  gen_macs[6].mac (MAC_33)             5.31e-03 1.79e-02 3.55e+06 2.68e-02   0.7
    add_1405 (MAC_33_DW01_add_0_DW01_add_111)
                                       6.54e-04 5.75e-03 1.16e+06 7.56e-03   0.2
    mult_1404 (MAC_33_DW02_mult_0_DW02_mult_38)
                                       4.66e-03 1.22e-02 2.39e+06 1.92e-02   0.5
      FS_1 (MAC_33_DW01_add_1_DW01_add_112)
                                       7.86e-04 1.54e-03 2.78e+05 2.60e-03   0.1
  gen_macs[5].mac (MAC_34)             5.29e-03 1.78e-02 3.55e+06 2.67e-02   0.7
    add_1405 (MAC_34_DW01_add_0_DW01_add_113)
                                       6.49e-04 5.73e-03 1.16e+06 7.54e-03   0.2
    mult_1404 (MAC_34_DW02_mult_0_DW02_mult_39)
                                       4.64e-03 1.21e-02 2.39e+06 1.91e-02   0.5
      FS_1 (MAC_34_DW01_add_1_DW01_add_114)
                                       7.90e-04 1.54e-03 2.78e+05 2.61e-03   0.1
  gen_macs[4].mac (MAC_35)             5.26e-03 1.78e-02 3.55e+06 2.66e-02   0.7
    add_1405 (MAC_35_DW01_add_0_DW01_add_61)
                                       6.47e-04 5.73e-03 1.16e+06 7.53e-03   0.2
    mult_1404 (MAC_35_DW02_mult_0_DW02_mult_13)
                                       4.61e-03 1.20e-02 2.39e+06 1.91e-02   0.5
      FS_1 (MAC_35_DW01_add_1_DW01_add_62)
                                       7.78e-04 1.52e-03 2.78e+05 2.58e-03   0.1
  gen_macs[3].mac (MAC_36)             5.25e-03 1.77e-02 3.55e+06 2.65e-02   0.7
    add_1405 (MAC_36_DW01_add_0_DW01_add_53)
                                       6.47e-04 5.67e-03 1.16e+06 7.47e-03   0.2
    mult_1404 (MAC_36_DW02_mult_0_DW02_mult_9)
                                       4.60e-03 1.20e-02 2.39e+06 1.90e-02   0.5
      FS_1 (MAC_36_DW01_add_1_DW01_add_54)
                                       7.74e-04 1.51e-03 2.78e+05 2.57e-03   0.1
  gen_macs[2].mac (MAC_37)             5.27e-03 1.79e-02 3.55e+06 2.67e-02   0.7
    add_1405 (MAC_37_DW01_add_0_DW01_add_47)
                                       6.50e-04 5.77e-03 1.16e+06 7.58e-03   0.2
    mult_1404 (MAC_37_DW02_mult_0_DW02_mult_6)
                                       4.62e-03 1.21e-02 2.39e+06 1.91e-02   0.5
      FS_1 (MAC_37_DW01_add_1_DW01_add_48)
                                       7.83e-04 1.53e-03 2.78e+05 2.59e-03   0.1
  gen_macs[1].mac (MAC_38)             5.30e-03 1.79e-02 3.55e+06 2.67e-02   0.7
    add_1405 (MAC_38_DW01_add_0_DW01_add_41)
                                       6.51e-04 5.73e-03 1.16e+06 7.54e-03   0.2
    mult_1404 (MAC_38_DW02_mult_0_DW02_mult_3)
                                       4.65e-03 1.22e-02 2.39e+06 1.92e-02   0.5
      FS_1 (MAC_38_DW01_add_1_DW01_add_42)
                                       7.89e-04 1.54e-03 2.78e+05 2.61e-03   0.1
  gen_macs[0].mac (MAC_39)             5.26e-03 1.77e-02 3.55e+06 2.65e-02   0.7
    add_1405 (MAC_39_DW01_add_0_DW01_add_39)
                                       6.46e-04 5.66e-03 1.16e+06 7.47e-03   0.2
    mult_1404 (MAC_39_DW02_mult_0_DW02_mult_2)
                                       4.62e-03 1.21e-02 2.39e+06 1.91e-02   0.5
      FS_1 (MAC_39_DW01_add_1_DW01_add_40)
                                       7.80e-04 1.52e-03 2.78e+05 2.58e-03   0.1
1
